  [1m[35m (2.4ms)[0m  [1m[34mSELECT sqlite_version(*)[0m
  [1m[35m (0.9ms)[0m  [1m[35mCREATE TABLE "schema_migrations" ("version" varchar NOT NULL PRIMARY KEY)[0m
  [1m[35m (1.0ms)[0m  [1m[35mCREATE TABLE "ar_internal_metadata" ("key" varchar NOT NULL PRIMARY KEY, "value" varchar, "created_at" datetime(6) NOT NULL, "updated_at" datetime(6) NOT NULL)[0m
  [1m[36mActiveRecord::SchemaMigration Pluck (0.2ms)[0m  [1m[34mSELECT "schema_migrations"."version" FROM "schema_migrations" ORDER BY "schema_migrations"."version" ASC[0m
Migrating to CreateAdmins (20220721122524)
  [1m[36mTRANSACTION (0.1ms)[0m  [1m[36mbegin transaction[0m
  [1m[35m (0.5ms)[0m  [1m[35mCREATE TABLE "admins" ("id" integer PRIMARY KEY AUTOINCREMENT NOT NULL, "name" varchar, "age" integer, "created_at" datetime(6) NOT NULL, "updated_at" datetime(6) NOT NULL)[0m
  [1m[36mActiveRecord::SchemaMigration Create (0.2ms)[0m  [1m[32mINSERT INTO "schema_migrations" ("version") VALUES (?)[0m  [["version", "20220721122524"]]
  [1m[36mTRANSACTION (0.6ms)[0m  [1m[36mcommit transaction[0m
Migrating to CreateSpares (20220721123025)
  [1m[36mTRANSACTION (0.0ms)[0m  [1m[36mbegin transaction[0m
  [1m[35m (0.3ms)[0m  [1m[35mCREATE TABLE "spares" ("id" integer PRIMARY KEY AUTOINCREMENT NOT NULL, "name" varchar, "price" integer, "created_at" datetime(6) NOT NULL, "updated_at" datetime(6) NOT NULL)[0m
  [1m[36mActiveRecord::SchemaMigration Create (0.1ms)[0m  [1m[32mINSERT INTO "schema_migrations" ("version") VALUES (?)[0m  [["version", "20220721123025"]]
  [1m[36mTRANSACTION (0.6ms)[0m  [1m[36mcommit transaction[0m
  [1m[36mActiveRecord::InternalMetadata Load (0.2ms)[0m  [1m[34mSELECT "ar_internal_metadata".* FROM "ar_internal_metadata" WHERE "ar_internal_metadata"."key" = ? LIMIT ?[0m  [["key", "environment"], ["LIMIT", 1]]
  [1m[36mTRANSACTION (0.0ms)[0m  [1m[36mbegin transaction[0m
  [1m[36mActiveRecord::InternalMetadata Create (0.3ms)[0m  [1m[32mINSERT INTO "ar_internal_metadata" ("key", "value", "created_at", "updated_at") VALUES (?, ?, ?, ?)[0m  [["key", "environment"], ["value", "development"], ["created_at", "2022-07-21 12:36:11.120594"], ["updated_at", "2022-07-21 12:36:11.120594"]]
  [1m[36mTRANSACTION (0.5ms)[0m  [1m[36mcommit transaction[0m
  [1m[35m (0.0ms)[0m  [1m[34mSELECT sqlite_version(*)[0m
  [1m[36mActiveRecord::SchemaMigration Pluck (0.2ms)[0m  [1m[34mSELECT "schema_migrations"."version" FROM "schema_migrations" ORDER BY "schema_migrations"."version" ASC[0m
  [1m[35m (1.5ms)[0m  [1m[34mSELECT sqlite_version(*)[0m
  [1m[36mActiveRecord::SchemaMigration Pluck (0.4ms)[0m  [1m[34mSELECT "schema_migrations"."version" FROM "schema_migrations" ORDER BY "schema_migrations"."version" ASC[0m
Migrating to AddDeviseToAdmins (20220721125736)
  [1m[36mTRANSACTION (0.1ms)[0m  [1m[36mbegin transaction[0m
  [1m[35m (0.7ms)[0m  [1m[35mALTER TABLE "admins" ADD "email" varchar DEFAULT '' NOT NULL[0m
  [1m[35m (0.3ms)[0m  [1m[35mALTER TABLE "admins" ADD "encrypted_password" varchar DEFAULT '' NOT NULL[0m
  [1m[35m (0.2ms)[0m  [1m[35mALTER TABLE "admins" ADD "reset_password_token" varchar[0m
  [1m[35m (0.2ms)[0m  [1m[35mALTER TABLE "admins" ADD "reset_password_sent_at" datetime(6)[0m
  [1m[35m (0.2ms)[0m  [1m[35mALTER TABLE "admins" ADD "remember_created_at" datetime(6)[0m
  [1m[35m (0.4ms)[0m  [1m[35mCREATE UNIQUE INDEX "index_admins_on_email" ON "admins" ("email")[0m
  [1m[35m (0.1ms)[0m  [1m[35mCREATE UNIQUE INDEX "index_admins_on_reset_password_token" ON "admins" ("reset_password_token")[0m
  [1m[36mActiveRecord::SchemaMigration Create (0.5ms)[0m  [1m[32mINSERT INTO "schema_migrations" ("version") VALUES (?)[0m  [["version", "20220721125736"]]
  [1m[36mTRANSACTION (1.5ms)[0m  [1m[36mcommit transaction[0m
  [1m[36mActiveRecord::InternalMetadata Load (0.7ms)[0m  [1m[34mSELECT "ar_internal_metadata".* FROM "ar_internal_metadata" WHERE "ar_internal_metadata"."key" = ? LIMIT ?[0m  [["key", "environment"], ["LIMIT", 1]]
  [1m[35m (0.0ms)[0m  [1m[34mSELECT sqlite_version(*)[0m
  [1m[36mActiveRecord::SchemaMigration Pluck (0.1ms)[0m  [1m[34mSELECT "schema_migrations"."version" FROM "schema_migrations" ORDER BY "schema_migrations"."version" ASC[0m
Started GET "/" for ::1 at 2022-07-21 16:00:04 +0300
  [1m[35m (1.3ms)[0m  [1m[34mSELECT sqlite_version(*)[0m
  [1m[36mActiveRecord::SchemaMigration Pluck (0.4ms)[0m  [1m[34mSELECT "schema_migrations"."version" FROM "schema_migrations" ORDER BY "schema_migrations"."version" ASC[0m
Processing by Rails::WelcomeController#index as HTML
  Rendering /Users/icloud/.rbenv/versions/3.1.2/lib/ruby/gems/3.1.0/gems/railties-7.0.3/lib/rails/templates/rails/welcome/index.html.erb
  Rendered /Users/icloud/.rbenv/versions/3.1.2/lib/ruby/gems/3.1.0/gems/railties-7.0.3/lib/rails/templates/rails/welcome/index.html.erb (Duration: 2.5ms | Allocations: 643)
Completed 200 OK in 23ms (Views: 8.9ms | ActiveRecord: 0.0ms | Allocations: 5068)


Started GET "/" for ::1 at 2022-07-21 16:00:17 +0300
Processing by Rails::WelcomeController#index as HTML
  Rendering /Users/icloud/.rbenv/versions/3.1.2/lib/ruby/gems/3.1.0/gems/railties-7.0.3/lib/rails/templates/rails/welcome/index.html.erb
  Rendered /Users/icloud/.rbenv/versions/3.1.2/lib/ruby/gems/3.1.0/gems/railties-7.0.3/lib/rails/templates/rails/welcome/index.html.erb (Duration: 0.8ms | Allocations: 319)
Completed 200 OK in 3ms (Views: 1.7ms | ActiveRecord: 0.0ms | Allocations: 1044)


Started GET "/" for ::1 at 2022-07-21 16:00:24 +0300
Processing by Rails::WelcomeController#index as HTML
  Rendering /Users/icloud/.rbenv/versions/3.1.2/lib/ruby/gems/3.1.0/gems/railties-7.0.3/lib/rails/templates/rails/welcome/index.html.erb
  Rendered /Users/icloud/.rbenv/versions/3.1.2/lib/ruby/gems/3.1.0/gems/railties-7.0.3/lib/rails/templates/rails/welcome/index.html.erb (Duration: 0.1ms | Allocations: 27)
Completed 200 OK in 1ms (Views: 0.4ms | ActiveRecord: 0.0ms | Allocations: 275)


Started GET "/" for ::1 at 2022-07-21 16:00:40 +0300
Processing by Rails::WelcomeController#index as HTML
  Rendering /Users/icloud/.rbenv/versions/3.1.2/lib/ruby/gems/3.1.0/gems/railties-7.0.3/lib/rails/templates/rails/welcome/index.html.erb
  Rendered /Users/icloud/.rbenv/versions/3.1.2/lib/ruby/gems/3.1.0/gems/railties-7.0.3/lib/rails/templates/rails/welcome/index.html.erb (Duration: 0.1ms | Allocations: 26)
Completed 200 OK in 1ms (Views: 0.3ms | ActiveRecord: 0.0ms | Allocations: 242)


Started GET "/admins" for ::1 at 2022-07-21 16:00:48 +0300
Processing by AdminsController#index as HTML
  Rendering layout layouts/application.html.erb
  Rendering admins/index.html.erb within layouts/application
  [1m[36mAdmin Load (0.5ms)[0m  [1m[34mSELECT "admins".* FROM "admins"[0m
  ↳ app/views/admins/index.html.erb:6
  Rendered admins/index.html.erb within layouts/application (Duration: 5.8ms | Allocations: 2019)
  Rendered layout layouts/application.html.erb (Duration: 290.0ms | Allocations: 91104)
Completed 200 OK in 293ms (Views: 291.3ms | ActiveRecord: 0.5ms | Allocations: 92367)


Started GET "/admins/new" for ::1 at 2022-07-21 16:01:00 +0300
Processing by AdminsController#new as HTML
  Rendering layout layouts/application.html.erb
  Rendering admins/new.html.erb within layouts/application
  Rendered admins/_form.html.erb (Duration: 30.8ms | Allocations: 6596)
  Rendered admins/new.html.erb within layouts/application (Duration: 32.1ms | Allocations: 6979)
  Rendered layout layouts/application.html.erb (Duration: 35.5ms | Allocations: 9305)
Completed 200 OK in 45ms (Views: 35.9ms | ActiveRecord: 0.5ms | Allocations: 15598)


Started POST "/admins" for ::1 at 2022-07-21 16:01:12 +0300
Processing by Devise::RegistrationsController#create as TURBO_STREAM
  Parameters: {"authenticity_token"=>"[FILTERED]", "admin"=>{"name"=>"sss", "age"=>"123"}, "commit"=>"Create Admin"}
[31mUnpermitted parameters: :name, :age. Context: { controller: Devise::RegistrationsController, action: create, request: #<ActionDispatch::Request:0x000000010a1efe50>, params: {"authenticity_token"=>"[FILTERED]", "admin"=>{"name"=>"sss", "age"=>"123"}, "commit"=>"Create Admin", "controller"=>"devise/registrations", "action"=>"create"} }[0m
  Rendering layout layouts/application.html.erb
  Rendering /Users/icloud/.rbenv/versions/3.1.2/lib/ruby/gems/3.1.0/gems/devise-4.8.1/app/views/devise/registrations/new.html.erb within layouts/application
  Rendered /Users/icloud/.rbenv/versions/3.1.2/lib/ruby/gems/3.1.0/gems/devise-4.8.1/app/views/devise/shared/_error_messages.html.erb (Duration: 7.1ms | Allocations: 1267)
  Rendered /Users/icloud/.rbenv/versions/3.1.2/lib/ruby/gems/3.1.0/gems/devise-4.8.1/app/views/devise/shared/_links.html.erb (Duration: 4.1ms | Allocations: 627)
  Rendered /Users/icloud/.rbenv/versions/3.1.2/lib/ruby/gems/3.1.0/gems/devise-4.8.1/app/views/devise/registrations/new.html.erb within layouts/application (Duration: 38.5ms | Allocations: 5920)
  Rendered layout layouts/application.html.erb (Duration: 69.1ms | Allocations: 8293)
Completed 200 OK in 93ms (Views: 70.8ms | ActiveRecord: 0.0ms | Allocations: 13494)


Started POST "/admins" for ::1 at 2022-07-21 16:01:15 +0300
Processing by Devise::RegistrationsController#create as TURBO_STREAM
  Parameters: {"authenticity_token"=>"[FILTERED]", "admin"=>{"name"=>"sss", "age"=>"123"}, "commit"=>"Create Admin"}
[31mUnpermitted parameters: :name, :age. Context: { controller: Devise::RegistrationsController, action: create, request: #<ActionDispatch::Request:0x00000001090ab090>, params: {"authenticity_token"=>"[FILTERED]", "admin"=>{"name"=>"sss", "age"=>"123"}, "commit"=>"Create Admin", "controller"=>"devise/registrations", "action"=>"create"} }[0m
  Rendering layout layouts/application.html.erb
  Rendering /Users/icloud/.rbenv/versions/3.1.2/lib/ruby/gems/3.1.0/gems/devise-4.8.1/app/views/devise/registrations/new.html.erb within layouts/application
  Rendered /Users/icloud/.rbenv/versions/3.1.2/lib/ruby/gems/3.1.0/gems/devise-4.8.1/app/views/devise/shared/_error_messages.html.erb (Duration: 1.4ms | Allocations: 848)
  Rendered /Users/icloud/.rbenv/versions/3.1.2/lib/ruby/gems/3.1.0/gems/devise-4.8.1/app/views/devise/shared/_links.html.erb (Duration: 0.1ms | Allocations: 85)
  Rendered /Users/icloud/.rbenv/versions/3.1.2/lib/ruby/gems/3.1.0/gems/devise-4.8.1/app/views/devise/registrations/new.html.erb within layouts/application (Duration: 4.3ms | Allocations: 3210)
  Rendered layout layouts/application.html.erb (Duration: 7.7ms | Allocations: 5400)
Completed 200 OK in 11ms (Views: 8.2ms | ActiveRecord: 0.0ms | Allocations: 7880)


Started GET "/" for ::1 at 2022-07-21 19:12:46 +0300
Processing by Rails::WelcomeController#index as HTML
  Rendering /Users/icloud/.rbenv/versions/3.1.2/lib/ruby/gems/3.1.0/gems/railties-7.0.3/lib/rails/templates/rails/welcome/index.html.erb
  Rendered /Users/icloud/.rbenv/versions/3.1.2/lib/ruby/gems/3.1.0/gems/railties-7.0.3/lib/rails/templates/rails/welcome/index.html.erb (Duration: 0.1ms | Allocations: 31)
Completed 200 OK in 2ms (Views: 0.7ms | Allocations: 256)


Started GET "/" for ::1 at 2022-07-29 12:51:18 +0300
  [1m[35m (1.2ms)[0m  [1m[34mSELECT sqlite_version(*)[0m
  [1m[36mActiveRecord::SchemaMigration Pluck (0.2ms)[0m  [1m[34mSELECT "schema_migrations"."version" FROM "schema_migrations" ORDER BY "schema_migrations"."version" ASC[0m
Processing by Rails::WelcomeController#index as HTML
  Rendering /Users/icloud/.rbenv/versions/3.1.2/lib/ruby/gems/3.1.0/gems/railties-7.0.3/lib/rails/templates/rails/welcome/index.html.erb
  Rendered /Users/icloud/.rbenv/versions/3.1.2/lib/ruby/gems/3.1.0/gems/railties-7.0.3/lib/rails/templates/rails/welcome/index.html.erb (Duration: 1.9ms | Allocations: 535)
Completed 200 OK in 12ms (Views: 5.0ms | ActiveRecord: 0.0ms | Allocations: 3727)


Started GET "/" for ::1 at 2022-07-29 12:51:24 +0300
Processing by Rails::WelcomeController#index as HTML
  Rendering /Users/icloud/.rbenv/versions/3.1.2/lib/ruby/gems/3.1.0/gems/railties-7.0.3/lib/rails/templates/rails/welcome/index.html.erb
  Rendered /Users/icloud/.rbenv/versions/3.1.2/lib/ruby/gems/3.1.0/gems/railties-7.0.3/lib/rails/templates/rails/welcome/index.html.erb (Duration: 0.6ms | Allocations: 319)
Completed 200 OK in 2ms (Views: 1.4ms | ActiveRecord: 0.0ms | Allocations: 1044)


Started GET "/products" for ::1 at 2022-07-29 12:51:24 +0300
  
ActionController::RoutingError (No route matches [GET] "/products"):
  
Started GET "/projects" for ::1 at 2022-07-29 12:51:26 +0300
  
ActionController::RoutingError (No route matches [GET] "/projects"):
  
Started GET "/project" for ::1 at 2022-07-29 12:51:32 +0300
  
ActionController::RoutingError (No route matches [GET] "/project"):
  
Started GET "/products" for ::1 at 2022-07-29 12:52:27 +0300
  
ActionController::RoutingError (No route matches [GET] "/products"):
  
Started GET "/" for ::1 at 2022-07-29 12:52:27 +0300
  
ActionController::RoutingError (uninitialized constant ArticlesController

      Object.const_get(camel_cased_word)
            ^^^^^^^^^^
Did you mean?  AbstractController

            raise MissingController.new(error.message, error.name)
            ^^^^^):
  
Started GET "/admins" for ::1 at 2022-07-29 12:52:28 +0300
Processing by AdminsController#index as HTML
  Rendering layout layouts/application.html.erb
  Rendering admins/index.html.erb within layouts/application
  [1m[35m (0.1ms)[0m  [1m[34mSELECT sqlite_version(*)[0m
  ↳ app/views/admins/index.html.erb:6
  [1m[36mAdmin Load (0.2ms)[0m  [1m[34mSELECT "admins".* FROM "admins"[0m
  ↳ app/views/admins/index.html.erb:6
  Rendered admins/index.html.erb within layouts/application (Duration: 3.8ms | Allocations: 2002)
  Rendered layout layouts/application.html.erb (Duration: 60.5ms | Allocations: 36542)
Completed 200 OK in 64ms (Views: 62.4ms | ActiveRecord: 0.4ms | Allocations: 37798)


Started GET "/admins" for ::1 at 2022-07-29 12:53:00 +0300
Processing by AdminsController#index as HTML
  Rendering layout layouts/application.html.erb
  Rendering admins/index.html.erb within layouts/application
  [1m[35m (0.1ms)[0m  [1m[34mSELECT sqlite_version(*)[0m
  ↳ app/views/admins/index.html.erb:6
  [1m[36mAdmin Load (0.1ms)[0m  [1m[34mSELECT "admins".* FROM "admins"[0m
  ↳ app/views/admins/index.html.erb:6
  Rendered admins/index.html.erb within layouts/application (Duration: 3.5ms | Allocations: 1803)
  Rendered layout layouts/application.html.erb (Duration: 16.7ms | Allocations: 15377)
Completed 200 OK in 18ms (Views: 17.5ms | ActiveRecord: 0.4ms | Allocations: 16270)


Started GET "/admins/new" for ::1 at 2022-07-29 12:53:42 +0300
Processing by AdminsController#new as HTML
  Rendering layout layouts/application.html.erb
  Rendering admins/new.html.erb within layouts/application
  Rendered admins/_form.html.erb (Duration: 9.5ms | Allocations: 3379)
  Rendered admins/new.html.erb within layouts/application (Duration: 10.5ms | Allocations: 3748)
  Rendered layout layouts/application.html.erb (Duration: 13.3ms | Allocations: 6085)
Completed 200 OK in 36ms (Views: 13.7ms | ActiveRecord: 0.5ms | Allocations: 19141)


Started POST "/admins" for ::1 at 2022-07-29 12:53:59 +0300
Processing by Devise::RegistrationsController#create as TURBO_STREAM
  Parameters: {"authenticity_token"=>"[FILTERED]", "admin"=>{"name"=>"Lexa", "age"=>"33"}, "commit"=>"Create Admin"}
[31mUnpermitted parameters: :name, :age. Context: { controller: Devise::RegistrationsController, action: create, request: #<ActionDispatch::Request:0x000000010c4b10b0>, params: {"authenticity_token"=>"[FILTERED]", "admin"=>{"name"=>"Lexa", "age"=>"33"}, "commit"=>"Create Admin", "controller"=>"devise/registrations", "action"=>"create"} }[0m
  Rendering layout layouts/application.html.erb
  Rendering /Users/icloud/.rbenv/versions/3.1.2/lib/ruby/gems/3.1.0/gems/devise-4.8.1/app/views/devise/registrations/new.html.erb within layouts/application
  Rendered /Users/icloud/.rbenv/versions/3.1.2/lib/ruby/gems/3.1.0/gems/devise-4.8.1/app/views/devise/shared/_error_messages.html.erb (Duration: 2.1ms | Allocations: 1267)
  Rendered /Users/icloud/.rbenv/versions/3.1.2/lib/ruby/gems/3.1.0/gems/devise-4.8.1/app/views/devise/shared/_links.html.erb (Duration: 1.1ms | Allocations: 627)
  Rendered /Users/icloud/.rbenv/versions/3.1.2/lib/ruby/gems/3.1.0/gems/devise-4.8.1/app/views/devise/registrations/new.html.erb within layouts/application (Duration: 9.6ms | Allocations: 5707)
  Rendered layout layouts/application.html.erb (Duration: 13.1ms | Allocations: 8075)
Completed 200 OK in 20ms (Views: 14.8ms | ActiveRecord: 0.0ms | Allocations: 11646)


Started POST "/admins" for ::1 at 2022-07-29 12:54:02 +0300
Processing by Devise::RegistrationsController#create as TURBO_STREAM
  Parameters: {"authenticity_token"=>"[FILTERED]", "admin"=>{"name"=>"Lexa", "age"=>"33"}, "commit"=>"Create Admin"}
[31mUnpermitted parameters: :name, :age. Context: { controller: Devise::RegistrationsController, action: create, request: #<ActionDispatch::Request:0x000000010c650100>, params: {"authenticity_token"=>"[FILTERED]", "admin"=>{"name"=>"Lexa", "age"=>"33"}, "commit"=>"Create Admin", "controller"=>"devise/registrations", "action"=>"create"} }[0m
  Rendering layout layouts/application.html.erb
  Rendering /Users/icloud/.rbenv/versions/3.1.2/lib/ruby/gems/3.1.0/gems/devise-4.8.1/app/views/devise/registrations/new.html.erb within layouts/application
  Rendered /Users/icloud/.rbenv/versions/3.1.2/lib/ruby/gems/3.1.0/gems/devise-4.8.1/app/views/devise/shared/_error_messages.html.erb (Duration: 1.4ms | Allocations: 848)
  Rendered /Users/icloud/.rbenv/versions/3.1.2/lib/ruby/gems/3.1.0/gems/devise-4.8.1/app/views/devise/shared/_links.html.erb (Duration: 0.2ms | Allocations: 85)
  Rendered /Users/icloud/.rbenv/versions/3.1.2/lib/ruby/gems/3.1.0/gems/devise-4.8.1/app/views/devise/registrations/new.html.erb within layouts/application (Duration: 4.4ms | Allocations: 3210)
  Rendered layout layouts/application.html.erb (Duration: 15.3ms | Allocations: 5396)
Completed 200 OK in 18ms (Views: 15.7ms | ActiveRecord: 0.0ms | Allocations: 7365)


Started GET "/admins" for ::1 at 2022-07-29 12:54:04 +0300
Processing by AdminsController#index as HTML
  Rendering layout layouts/application.html.erb
  Rendering admins/index.html.erb within layouts/application
  [1m[36mAdmin Load (0.1ms)[0m  [1m[34mSELECT "admins".* FROM "admins"[0m
  ↳ app/views/admins/index.html.erb:6
  Rendered admins/index.html.erb within layouts/application (Duration: 1.3ms | Allocations: 865)
  Rendered layout layouts/application.html.erb (Duration: 3.8ms | Allocations: 3076)
Completed 200 OK in 5ms (Views: 4.1ms | ActiveRecord: 0.1ms | Allocations: 3363)


Started GET "/admins/" for ::1 at 2022-07-29 13:00:10 +0300
Processing by AdminsController#index as HTML
  Rendering layout layouts/application.html.erb
  Rendering admins/index.html.erb within layouts/application
  [1m[35m (0.1ms)[0m  [1m[34mSELECT sqlite_version(*)[0m
  ↳ app/views/admins/index.html.erb:6
  [1m[36mAdmin Load (0.1ms)[0m  [1m[34mSELECT "admins".* FROM "admins"[0m
  ↳ app/views/admins/index.html.erb:6
  Rendered admins/index.html.erb within layouts/application (Duration: 2.4ms | Allocations: 1507)
  Rendered layout layouts/application.html.erb (Duration: 5.1ms | Allocations: 3712)
Completed 200 OK in 6ms (Views: 5.6ms | ActiveRecord: 0.4ms | Allocations: 3991)


Started GET "/admins/sign_in" for ::1 at 2022-07-29 13:00:18 +0300
Processing by Devise::SessionsController#new as HTML
  Rendering layout layouts/application.html.erb
  Rendering /Users/icloud/.rbenv/versions/3.1.2/lib/ruby/gems/3.1.0/gems/devise-4.8.1/app/views/devise/sessions/new.html.erb within layouts/application
  Rendered /Users/icloud/.rbenv/versions/3.1.2/lib/ruby/gems/3.1.0/gems/devise-4.8.1/app/views/devise/shared/_links.html.erb (Duration: 0.6ms | Allocations: 290)
  Rendered /Users/icloud/.rbenv/versions/3.1.2/lib/ruby/gems/3.1.0/gems/devise-4.8.1/app/views/devise/sessions/new.html.erb within layouts/application (Duration: 6.6ms | Allocations: 2503)
  Rendered layout layouts/application.html.erb (Duration: 10.4ms | Allocations: 4872)
Completed 200 OK in 15ms (Views: 12.0ms | ActiveRecord: 0.0ms | Allocations: 6367)


Started GET "/admins/sign_in" for ::1 at 2022-07-29 13:00:22 +0300
Processing by Devise::SessionsController#new as HTML
  Rendering layout layouts/application.html.erb
  Rendering /Users/icloud/.rbenv/versions/3.1.2/lib/ruby/gems/3.1.0/gems/devise-4.8.1/app/views/devise/sessions/new.html.erb within layouts/application
  Rendered /Users/icloud/.rbenv/versions/3.1.2/lib/ruby/gems/3.1.0/gems/devise-4.8.1/app/views/devise/shared/_links.html.erb (Duration: 0.2ms | Allocations: 138)
  Rendered /Users/icloud/.rbenv/versions/3.1.2/lib/ruby/gems/3.1.0/gems/devise-4.8.1/app/views/devise/sessions/new.html.erb within layouts/application (Duration: 1.6ms | Allocations: 1261)
  Rendered layout layouts/application.html.erb (Duration: 4.2ms | Allocations: 3456)
Completed 200 OK in 6ms (Views: 4.6ms | ActiveRecord: 0.0ms | Allocations: 4229)


Started POST "/admins/sign_in" for ::1 at 2022-07-29 13:00:47 +0300
Processing by Devise::SessionsController#create as TURBO_STREAM
  Parameters: {"authenticity_token"=>"[FILTERED]", "admin"=>{"email"=>"mad@gmail.com", "password"=>"[FILTERED]", "remember_me"=>"0"}, "commit"=>"Log in"}
  [1m[36mAdmin Load (0.2ms)[0m  [1m[34mSELECT "admins".* FROM "admins" WHERE "admins"."email" = ? ORDER BY "admins"."id" ASC LIMIT ?[0m  [["email", "mad@gmail.com"], ["LIMIT", 1]]
Completed 401 Unauthorized in 6ms (ActiveRecord: 0.2ms | Allocations: 3425)


Started POST "/admins/sign_in" for ::1 at 2022-07-29 13:00:50 +0300
Processing by Devise::SessionsController#create as TURBO_STREAM
  Parameters: {"authenticity_token"=>"[FILTERED]", "admin"=>{"email"=>"mad@gmail.com", "password"=>"[FILTERED]", "remember_me"=>"0"}, "commit"=>"Log in"}
  [1m[36mAdmin Load (0.1ms)[0m  [1m[34mSELECT "admins".* FROM "admins" WHERE "admins"."email" = ? ORDER BY "admins"."id" ASC LIMIT ?[0m  [["email", "mad@gmail.com"], ["LIMIT", 1]]
Completed 401 Unauthorized in 3ms (ActiveRecord: 0.1ms | Allocations: 1618)


Started GET "/admins/sign_up" for ::1 at 2022-07-29 13:00:53 +0300
Processing by Devise::RegistrationsController#new as HTML
  Rendering layout layouts/application.html.erb
  Rendering /Users/icloud/.rbenv/versions/3.1.2/lib/ruby/gems/3.1.0/gems/devise-4.8.1/app/views/devise/registrations/new.html.erb within layouts/application
  Rendered /Users/icloud/.rbenv/versions/3.1.2/lib/ruby/gems/3.1.0/gems/devise-4.8.1/app/views/devise/shared/_error_messages.html.erb (Duration: 0.0ms | Allocations: 23)
  Rendered /Users/icloud/.rbenv/versions/3.1.2/lib/ruby/gems/3.1.0/gems/devise-4.8.1/app/views/devise/shared/_links.html.erb (Duration: 0.1ms | Allocations: 86)
  Rendered /Users/icloud/.rbenv/versions/3.1.2/lib/ruby/gems/3.1.0/gems/devise-4.8.1/app/views/devise/registrations/new.html.erb within layouts/application (Duration: 1.9ms | Allocations: 1317)
  Rendered layout layouts/application.html.erb (Duration: 4.5ms | Allocations: 3613)
Completed 200 OK in 6ms (Views: 5.0ms | ActiveRecord: 0.0ms | Allocations: 4264)


Started POST "/admins" for ::1 at 2022-07-29 13:01:46 +0300
Processing by Devise::RegistrationsController#create as TURBO_STREAM
  Parameters: {"authenticity_token"=>"[FILTERED]", "admin"=>{"email"=>"alllll@g.c", "password"=>"[FILTERED]", "password_confirmation"=>"[FILTERED]"}, "commit"=>"Sign up"}
  [1m[36mTRANSACTION (0.1ms)[0m  [1m[36mbegin transaction[0m
  [1m[36mAdmin Exists? (0.2ms)[0m  [1m[34mSELECT 1 AS one FROM "admins" WHERE "admins"."email" = ? LIMIT ?[0m  [["email", "alllll@g.c"], ["LIMIT", 1]]
  [1m[36mAdmin Create (0.6ms)[0m  [1m[32mINSERT INTO "admins" ("name", "age", "created_at", "updated_at", "email", "encrypted_password", "reset_password_token", "reset_password_sent_at", "remember_created_at") VALUES (?, ?, ?, ?, ?, ?, ?, ?, ?)[0m  [["name", nil], ["age", nil], ["created_at", "2022-07-29 10:01:46.560143"], ["updated_at", "2022-07-29 10:01:46.560143"], ["email", "alllll@g.c"], ["encrypted_password", "[FILTERED]"], ["reset_password_token", "[FILTERED]"], ["reset_password_sent_at", "[FILTERED]"], ["remember_created_at", nil]]
  [1m[36mTRANSACTION (1.5ms)[0m  [1m[36mcommit transaction[0m
Redirected to http://localhost:3000/admins/1
Completed 302 Found in 258ms (ActiveRecord: 2.5ms | Allocations: 15228)


Started GET "/admins/1" for ::1 at 2022-07-29 13:01:46 +0300
Processing by AdminsController#show as TURBO_STREAM
  Parameters: {"id"=>"1"}
  [1m[36mAdmin Load (0.2ms)[0m  [1m[34mSELECT "admins".* FROM "admins" WHERE "admins"."id" = ? LIMIT ?[0m  [["id", 1], ["LIMIT", 1]]
  ↳ app/controllers/admins_controller.rb:63:in `set_admin'
  Rendering layout layouts/application.html.erb
  Rendering admins/show.html.erb within layouts/application
  Rendered admins/_admin.html.erb (Duration: 0.6ms | Allocations: 230)
  Rendered admins/show.html.erb within layouts/application (Duration: 4.5ms | Allocations: 1639)
  Rendered layout layouts/application.html.erb (Duration: 7.3ms | Allocations: 3949)
Completed 200 OK in 10ms (Views: 7.7ms | ActiveRecord: 0.2ms | Allocations: 5613)


Started GET "/admins/1/edit" for ::1 at 2022-07-29 13:01:56 +0300
Processing by AdminsController#edit as HTML
  Parameters: {"id"=>"1"}
  [1m[36mAdmin Load (0.1ms)[0m  [1m[34mSELECT "admins".* FROM "admins" WHERE "admins"."id" = ? LIMIT ?[0m  [["id", 1], ["LIMIT", 1]]
  ↳ app/controllers/admins_controller.rb:63:in `set_admin'
  Rendering layout layouts/application.html.erb
  Rendering admins/edit.html.erb within layouts/application
  Rendered admins/_form.html.erb (Duration: 1.5ms | Allocations: 1256)
  Rendered admins/edit.html.erb within layouts/application (Duration: 2.4ms | Allocations: 1565)
  Rendered layout layouts/application.html.erb (Duration: 12.1ms | Allocations: 3768)
Completed 200 OK in 14ms (Views: 12.5ms | ActiveRecord: 0.1ms | Allocations: 4677)


Started PATCH "/admins/1" for ::1 at 2022-07-29 13:02:07 +0300
Processing by AdminsController#update as TURBO_STREAM
  Parameters: {"authenticity_token"=>"[FILTERED]", "admin"=>{"name"=>"Lexa", "age"=>"33"}, "commit"=>"Update Admin", "id"=>"1"}
  [1m[36mAdmin Load (0.1ms)[0m  [1m[34mSELECT "admins".* FROM "admins" WHERE "admins"."id" = ? LIMIT ?[0m  [["id", 1], ["LIMIT", 1]]
  ↳ app/controllers/admins_controller.rb:63:in `set_admin'
  [1m[36mTRANSACTION (0.0ms)[0m  [1m[36mbegin transaction[0m
  ↳ app/controllers/admins_controller.rb:40:in `block in update'
  [1m[36mAdmin Update (0.3ms)[0m  [1m[33mUPDATE "admins" SET "name" = ?, "age" = ?, "updated_at" = ? WHERE "admins"."id" = ?[0m  [["name", "Lexa"], ["age", 33], ["updated_at", "2022-07-29 10:02:07.912216"], ["id", 1]]
  ↳ app/controllers/admins_controller.rb:40:in `block in update'
  [1m[36mTRANSACTION (1.4ms)[0m  [1m[36mcommit transaction[0m
  ↳ app/controllers/admins_controller.rb:40:in `block in update'
Redirected to http://localhost:3000/admins/1
Completed 302 Found in 7ms (ActiveRecord: 1.9ms | Allocations: 3335)


Started GET "/admins/1" for ::1 at 2022-07-29 13:02:07 +0300
Processing by AdminsController#show as TURBO_STREAM
  Parameters: {"id"=>"1"}
  [1m[36mAdmin Load (0.1ms)[0m  [1m[34mSELECT "admins".* FROM "admins" WHERE "admins"."id" = ? LIMIT ?[0m  [["id", 1], ["LIMIT", 1]]
  ↳ app/controllers/admins_controller.rb:63:in `set_admin'
  Rendering layout layouts/application.html.erb
  Rendering admins/show.html.erb within layouts/application
  Rendered admins/_admin.html.erb (Duration: 0.1ms | Allocations: 26)
  Rendered admins/show.html.erb within layouts/application (Duration: 0.8ms | Allocations: 669)
  Rendered layout layouts/application.html.erb (Duration: 3.2ms | Allocations: 2872)
Completed 200 OK in 5ms (Views: 3.6ms | ActiveRecord: 0.1ms | Allocations: 3640)


Started GET "/admins" for ::1 at 2022-07-29 13:02:15 +0300
Processing by AdminsController#index as HTML
  Rendering layout layouts/application.html.erb
  Rendering admins/index.html.erb within layouts/application
  [1m[36mAdmin Load (0.1ms)[0m  [1m[34mSELECT "admins".* FROM "admins"[0m
  ↳ app/views/admins/index.html.erb:6
  Rendered admins/_admin.html.erb (Duration: 0.1ms | Allocations: 26)
  Rendered admins/index.html.erb within layouts/application (Duration: 1.5ms | Allocations: 1015)
  Rendered layout layouts/application.html.erb (Duration: 4.7ms | Allocations: 3220)
Completed 200 OK in 6ms (Views: 5.1ms | ActiveRecord: 0.1ms | Allocations: 3506)


Started GET "/" for ::1 at 2022-07-30 20:57:34 +0300
  [1m[35m (1.0ms)[0m  [1m[34mSELECT sqlite_version(*)[0m
  [1m[36mActiveRecord::SchemaMigration Pluck (0.5ms)[0m  [1m[34mSELECT "schema_migrations"."version" FROM "schema_migrations" ORDER BY "schema_migrations"."version" ASC[0m
Processing by SparesController#index as HTML
Completed 500 Internal Server Error in 16ms (ActiveRecord: 0.0ms | Allocations: 7723)


  
NoMethodError (undefined method `authenticate_user!' for #<SparesController:0x0000000000c968>

              target.send(@method_name, &block)
                    ^^^^^
Did you mean?  authenticate_admin!):
  
activesupport (7.0.3) lib/active_support/callbacks.rb:400:in `block in make_lambda'
activesupport (7.0.3) lib/active_support/callbacks.rb:199:in `block (2 levels) in halting'
actionpack (7.0.3) lib/abstract_controller/callbacks.rb:34:in `block (2 levels) in <module:Callbacks>'
activesupport (7.0.3) lib/active_support/callbacks.rb:200:in `block in halting'
activesupport (7.0.3) lib/active_support/callbacks.rb:595:in `block in invoke_before'
activesupport (7.0.3) lib/active_support/callbacks.rb:595:in `each'
activesupport (7.0.3) lib/active_support/callbacks.rb:595:in `invoke_before'
activesupport (7.0.3) lib/active_support/callbacks.rb:116:in `block in run_callbacks'
actiontext (7.0.3) lib/action_text/rendering.rb:20:in `with_renderer'
actiontext (7.0.3) lib/action_text/engine.rb:69:in `block (4 levels) in <class:Engine>'
activesupport (7.0.3) lib/active_support/callbacks.rb:127:in `instance_exec'
activesupport (7.0.3) lib/active_support/callbacks.rb:127:in `block in run_callbacks'
activesupport (7.0.3) lib/active_support/callbacks.rb:138:in `run_callbacks'
actionpack (7.0.3) lib/abstract_controller/callbacks.rb:233:in `process_action'
actionpack (7.0.3) lib/action_controller/metal/rescue.rb:22:in `process_action'
actionpack (7.0.3) lib/action_controller/metal/instrumentation.rb:67:in `block in process_action'
activesupport (7.0.3) lib/active_support/notifications.rb:206:in `block in instrument'
activesupport (7.0.3) lib/active_support/notifications/instrumenter.rb:24:in `instrument'
activesupport (7.0.3) lib/active_support/notifications.rb:206:in `instrument'
actionpack (7.0.3) lib/action_controller/metal/instrumentation.rb:66:in `process_action'
actionpack (7.0.3) lib/action_controller/metal/params_wrapper.rb:259:in `process_action'
activerecord (7.0.3) lib/active_record/railties/controller_runtime.rb:27:in `process_action'
actionpack (7.0.3) lib/abstract_controller/base.rb:151:in `process'
actionview (7.0.3) lib/action_view/rendering.rb:39:in `process'
actionpack (7.0.3) lib/action_controller/metal.rb:188:in `dispatch'
actionpack (7.0.3) lib/action_controller/metal.rb:251:in `dispatch'
actionpack (7.0.3) lib/action_dispatch/routing/route_set.rb:49:in `dispatch'
actionpack (7.0.3) lib/action_dispatch/routing/route_set.rb:32:in `serve'
actionpack (7.0.3) lib/action_dispatch/journey/router.rb:50:in `block in serve'
actionpack (7.0.3) lib/action_dispatch/journey/router.rb:32:in `each'
actionpack (7.0.3) lib/action_dispatch/journey/router.rb:32:in `serve'
actionpack (7.0.3) lib/action_dispatch/routing/route_set.rb:852:in `call'
warden (1.2.9) lib/warden/manager.rb:36:in `block in call'
warden (1.2.9) lib/warden/manager.rb:34:in `catch'
warden (1.2.9) lib/warden/manager.rb:34:in `call'
rack (2.2.3.1) lib/rack/tempfile_reaper.rb:15:in `call'
rack (2.2.3.1) lib/rack/etag.rb:27:in `call'
rack (2.2.3.1) lib/rack/conditional_get.rb:27:in `call'
rack (2.2.3.1) lib/rack/head.rb:12:in `call'
actionpack (7.0.3) lib/action_dispatch/http/permissions_policy.rb:38:in `call'
actionpack (7.0.3) lib/action_dispatch/http/content_security_policy.rb:36:in `call'
rack (2.2.3.1) lib/rack/session/abstract/id.rb:266:in `context'
rack (2.2.3.1) lib/rack/session/abstract/id.rb:260:in `call'
actionpack (7.0.3) lib/action_dispatch/middleware/cookies.rb:697:in `call'
activerecord (7.0.3) lib/active_record/migration.rb:603:in `call'
actionpack (7.0.3) lib/action_dispatch/middleware/callbacks.rb:27:in `block in call'
activesupport (7.0.3) lib/active_support/callbacks.rb:99:in `run_callbacks'
actionpack (7.0.3) lib/action_dispatch/middleware/callbacks.rb:26:in `call'
actionpack (7.0.3) lib/action_dispatch/middleware/executor.rb:14:in `call'
actionpack (7.0.3) lib/action_dispatch/middleware/actionable_exceptions.rb:17:in `call'
actionpack (7.0.3) lib/action_dispatch/middleware/debug_exceptions.rb:28:in `call'
web-console (4.2.0) lib/web_console/middleware.rb:132:in `call_app'
web-console (4.2.0) lib/web_console/middleware.rb:28:in `block in call'
web-console (4.2.0) lib/web_console/middleware.rb:17:in `catch'
web-console (4.2.0) lib/web_console/middleware.rb:17:in `call'
actionpack (7.0.3) lib/action_dispatch/middleware/show_exceptions.rb:26:in `call'
railties (7.0.3) lib/rails/rack/logger.rb:40:in `call_app'
railties (7.0.3) lib/rails/rack/logger.rb:25:in `block in call'
activesupport (7.0.3) lib/active_support/tagged_logging.rb:114:in `block in tagged'
activesupport (7.0.3) lib/active_support/tagged_logging.rb:38:in `tagged'
activesupport (7.0.3) lib/active_support/tagged_logging.rb:114:in `tagged'
railties (7.0.3) lib/rails/rack/logger.rb:25:in `call'
sprockets-rails (3.4.2) lib/sprockets/rails/quiet_assets.rb:13:in `call'
actionpack (7.0.3) lib/action_dispatch/middleware/remote_ip.rb:93:in `call'
actionpack (7.0.3) lib/action_dispatch/middleware/request_id.rb:26:in `call'
rack (2.2.3.1) lib/rack/method_override.rb:24:in `call'
rack (2.2.3.1) lib/rack/runtime.rb:22:in `call'
activesupport (7.0.3) lib/active_support/cache/strategy/local_cache_middleware.rb:29:in `call'
actionpack (7.0.3) lib/action_dispatch/middleware/server_timing.rb:20:in `call'
actionpack (7.0.3) lib/action_dispatch/middleware/executor.rb:14:in `call'
actionpack (7.0.3) lib/action_dispatch/middleware/static.rb:23:in `call'
rack (2.2.3.1) lib/rack/sendfile.rb:110:in `call'
actionpack (7.0.3) lib/action_dispatch/middleware/host_authorization.rb:137:in `call'
railties (7.0.3) lib/rails/engine.rb:530:in `call'
puma (5.6.4) lib/puma/configuration.rb:252:in `call'
puma (5.6.4) lib/puma/request.rb:77:in `block in handle_request'
puma (5.6.4) lib/puma/thread_pool.rb:340:in `with_force_shutdown'
puma (5.6.4) lib/puma/request.rb:76:in `handle_request'
puma (5.6.4) lib/puma/server.rb:441:in `process_client'
puma (5.6.4) lib/puma/thread_pool.rb:147:in `block in spawn_thread'
Started GET "/" for ::1 at 2022-07-30 20:58:57 +0300
Processing by SparesController#index as HTML
  [1m[35m (1.4ms)[0m  [1m[34mSELECT sqlite_version(*)[0m
  [1m[36mAdmin Load (0.5ms)[0m  [1m[34mSELECT "admins".* FROM "admins" WHERE "admins"."id" = ? ORDER BY "admins"."id" ASC LIMIT ?[0m  [["id", 1], ["LIMIT", 1]]
  Rendering layout layouts/application.html.erb
  Rendering spares/index.html.erb within layouts/application
  [1m[36mSpare Load (2.2ms)[0m  [1m[34mSELECT "spares".* FROM "spares"[0m
  ↳ app/views/spares/index.html.erb:6
  Rendered spares/index.html.erb within layouts/application (Duration: 6.4ms | Allocations: 1174)
  Rendered layout layouts/application.html.erb (Duration: 103.7ms | Allocations: 35637)
Completed 200 OK in 159ms (Views: 104.9ms | ActiveRecord: 5.1ms | Allocations: 48406)


Started GET "/" for ::1 at 2022-07-30 21:01:52 +0300
Processing by SparesController#index as HTML
  [1m[36mAdmin Load (0.1ms)[0m  [1m[34mSELECT "admins".* FROM "admins" WHERE "admins"."id" = ? ORDER BY "admins"."id" ASC LIMIT ?[0m  [["id", 1], ["LIMIT", 1]]
  Rendering layout layouts/application.html.erb
  Rendering spares/index.html.erb within layouts/application
  [1m[36mSpare Load (0.1ms)[0m  [1m[34mSELECT "spares".* FROM "spares"[0m
  ↳ app/views/spares/index.html.erb:6
  Rendered spares/index.html.erb within layouts/application (Duration: 2.1ms | Allocations: 1040)
  Rendered layout layouts/application.html.erb (Duration: 5.6ms | Allocations: 3637)
Completed 200 OK in 11ms (Views: 7.3ms | ActiveRecord: 0.3ms | Allocations: 6053)


Started GET "/spares/new" for ::1 at 2022-07-30 21:01:58 +0300
Processing by SparesController#new as HTML
  [1m[36mAdmin Load (0.1ms)[0m  [1m[34mSELECT "admins".* FROM "admins" WHERE "admins"."id" = ? ORDER BY "admins"."id" ASC LIMIT ?[0m  [["id", 1], ["LIMIT", 1]]
  Rendering layout layouts/application.html.erb
  Rendering spares/new.html.erb within layouts/application
  Rendered spares/_form.html.erb (Duration: 28.0ms | Allocations: 13112)
  Rendered spares/new.html.erb within layouts/application (Duration: 29.5ms | Allocations: 13449)
  Rendered layout layouts/application.html.erb (Duration: 32.1ms | Allocations: 15767)
Completed 200 OK in 38ms (Views: 32.5ms | ActiveRecord: 0.7ms | Allocations: 19382)


  [1m[35m (1.3ms)[0m  [1m[34mSELECT sqlite_version(*)[0m
  [1m[36mActiveRecord::SchemaMigration Pluck (0.4ms)[0m  [1m[34mSELECT "schema_migrations"."version" FROM "schema_migrations" ORDER BY "schema_migrations"."version" ASC[0m
Migrating to CreateNewPosts (20220730180826)
  [1m[36mTRANSACTION (0.1ms)[0m  [1m[36mbegin transaction[0m
  [1m[35m (0.5ms)[0m  [1m[35mCREATE TABLE "new_posts" ("id" integer PRIMARY KEY AUTOINCREMENT NOT NULL, "title" varchar, "body" text, "created_at" datetime(6) NOT NULL, "updated_at" datetime(6) NOT NULL)[0m
  [1m[36mActiveRecord::SchemaMigration Create (0.5ms)[0m  [1m[32mINSERT INTO "schema_migrations" ("version") VALUES (?)[0m  [["version", "20220730180826"]]
  [1m[36mTRANSACTION (0.9ms)[0m  [1m[36mcommit transaction[0m
  [1m[36mActiveRecord::InternalMetadata Load (0.6ms)[0m  [1m[34mSELECT "ar_internal_metadata".* FROM "ar_internal_metadata" WHERE "ar_internal_metadata"."key" = ? LIMIT ?[0m  [["key", "environment"], ["LIMIT", 1]]
  [1m[35m (0.0ms)[0m  [1m[34mSELECT sqlite_version(*)[0m
  [1m[36mActiveRecord::SchemaMigration Pluck (0.1ms)[0m  [1m[34mSELECT "schema_migrations"."version" FROM "schema_migrations" ORDER BY "schema_migrations"."version" ASC[0m
  [1m[35m (0.5ms)[0m  [1m[34mSELECT sqlite_version(*)[0m
  [1m[36mTRANSACTION (0.1ms)[0m  [1m[36mbegin transaction[0m
  [1m[36mNewPost Create (0.5ms)[0m  [1m[32mINSERT INTO "new_posts" ("title", "body", "created_at", "updated_at") VALUES (?, ?, ?, ?)[0m  [["title", "first"], ["body", "first"], ["created_at", "2022-07-30 18:25:40.968065"], ["updated_at", "2022-07-30 18:25:40.968065"]]
  [1m[36mTRANSACTION (2.1ms)[0m  [1m[36mcommit transaction[0m
  [1m[36mTRANSACTION (0.1ms)[0m  [1m[36mbegin transaction[0m
  [1m[36mNewPost Create (0.4ms)[0m  [1m[32mINSERT INTO "new_posts" ("title", "body", "created_at", "updated_at") VALUES (?, ?, ?, ?)[0m  [["title", "second"], ["body", "second"], ["created_at", "2022-07-30 18:25:56.611220"], ["updated_at", "2022-07-30 18:25:56.611220"]]
  [1m[36mTRANSACTION (1.3ms)[0m  [1m[36mcommit transaction[0m
Started GET "/news" for ::1 at 2022-07-30 21:27:30 +0300
  [1m[35m (0.1ms)[0m  [1m[34mSELECT sqlite_version(*)[0m
  [1m[36mActiveRecord::SchemaMigration Pluck (0.1ms)[0m  [1m[34mSELECT "schema_migrations"."version" FROM "schema_migrations" ORDER BY "schema_migrations"."version" ASC[0m
  
AbstractController::ActionNotFound (The action 'index' could not be found for NewsController):
  
actionpack (7.0.3) lib/abstract_controller/base.rb:146:in `process'
actionview (7.0.3) lib/action_view/rendering.rb:39:in `process'
actionpack (7.0.3) lib/action_controller/metal.rb:188:in `dispatch'
actionpack (7.0.3) lib/action_controller/metal.rb:251:in `dispatch'
actionpack (7.0.3) lib/action_dispatch/routing/route_set.rb:49:in `dispatch'
actionpack (7.0.3) lib/action_dispatch/routing/route_set.rb:32:in `serve'
actionpack (7.0.3) lib/action_dispatch/journey/router.rb:50:in `block in serve'
actionpack (7.0.3) lib/action_dispatch/journey/router.rb:32:in `each'
actionpack (7.0.3) lib/action_dispatch/journey/router.rb:32:in `serve'
actionpack (7.0.3) lib/action_dispatch/routing/route_set.rb:852:in `call'
warden (1.2.9) lib/warden/manager.rb:36:in `block in call'
warden (1.2.9) lib/warden/manager.rb:34:in `catch'
warden (1.2.9) lib/warden/manager.rb:34:in `call'
rack (2.2.3.1) lib/rack/tempfile_reaper.rb:15:in `call'
rack (2.2.3.1) lib/rack/etag.rb:27:in `call'
rack (2.2.3.1) lib/rack/conditional_get.rb:27:in `call'
rack (2.2.3.1) lib/rack/head.rb:12:in `call'
actionpack (7.0.3) lib/action_dispatch/http/permissions_policy.rb:38:in `call'
actionpack (7.0.3) lib/action_dispatch/http/content_security_policy.rb:36:in `call'
rack (2.2.3.1) lib/rack/session/abstract/id.rb:266:in `context'
rack (2.2.3.1) lib/rack/session/abstract/id.rb:260:in `call'
actionpack (7.0.3) lib/action_dispatch/middleware/cookies.rb:697:in `call'
activerecord (7.0.3) lib/active_record/migration.rb:603:in `call'
actionpack (7.0.3) lib/action_dispatch/middleware/callbacks.rb:27:in `block in call'
activesupport (7.0.3) lib/active_support/callbacks.rb:99:in `run_callbacks'
actionpack (7.0.3) lib/action_dispatch/middleware/callbacks.rb:26:in `call'
actionpack (7.0.3) lib/action_dispatch/middleware/executor.rb:14:in `call'
actionpack (7.0.3) lib/action_dispatch/middleware/actionable_exceptions.rb:17:in `call'
actionpack (7.0.3) lib/action_dispatch/middleware/debug_exceptions.rb:28:in `call'
web-console (4.2.0) lib/web_console/middleware.rb:132:in `call_app'
web-console (4.2.0) lib/web_console/middleware.rb:28:in `block in call'
web-console (4.2.0) lib/web_console/middleware.rb:17:in `catch'
web-console (4.2.0) lib/web_console/middleware.rb:17:in `call'
actionpack (7.0.3) lib/action_dispatch/middleware/show_exceptions.rb:26:in `call'
railties (7.0.3) lib/rails/rack/logger.rb:40:in `call_app'
railties (7.0.3) lib/rails/rack/logger.rb:25:in `block in call'
activesupport (7.0.3) lib/active_support/tagged_logging.rb:114:in `block in tagged'
activesupport (7.0.3) lib/active_support/tagged_logging.rb:38:in `tagged'
activesupport (7.0.3) lib/active_support/tagged_logging.rb:114:in `tagged'
railties (7.0.3) lib/rails/rack/logger.rb:25:in `call'
sprockets-rails (3.4.2) lib/sprockets/rails/quiet_assets.rb:13:in `call'
actionpack (7.0.3) lib/action_dispatch/middleware/remote_ip.rb:93:in `call'
actionpack (7.0.3) lib/action_dispatch/middleware/request_id.rb:26:in `call'
rack (2.2.3.1) lib/rack/method_override.rb:24:in `call'
rack (2.2.3.1) lib/rack/runtime.rb:22:in `call'
activesupport (7.0.3) lib/active_support/cache/strategy/local_cache_middleware.rb:29:in `call'
actionpack (7.0.3) lib/action_dispatch/middleware/server_timing.rb:20:in `call'
actionpack (7.0.3) lib/action_dispatch/middleware/executor.rb:14:in `call'
actionpack (7.0.3) lib/action_dispatch/middleware/static.rb:23:in `call'
rack (2.2.3.1) lib/rack/sendfile.rb:110:in `call'
actionpack (7.0.3) lib/action_dispatch/middleware/host_authorization.rb:137:in `call'
railties (7.0.3) lib/rails/engine.rb:530:in `call'
puma (5.6.4) lib/puma/configuration.rb:252:in `call'
puma (5.6.4) lib/puma/request.rb:77:in `block in handle_request'
puma (5.6.4) lib/puma/thread_pool.rb:340:in `with_force_shutdown'
puma (5.6.4) lib/puma/request.rb:76:in `handle_request'
puma (5.6.4) lib/puma/server.rb:441:in `process_client'
puma (5.6.4) lib/puma/thread_pool.rb:147:in `block in spawn_thread'
Started GET "/news" for ::1 at 2022-07-30 21:27:52 +0300
Processing by NewsController#list as HTML
  [1m[35m (0.1ms)[0m  [1m[34mSELECT sqlite_version(*)[0m
  [1m[36mAdmin Load (0.1ms)[0m  [1m[34mSELECT "admins".* FROM "admins" WHERE "admins"."id" = ? ORDER BY "admins"."id" ASC LIMIT ?[0m  [["id", 1], ["LIMIT", 1]]
  Rendering layout layouts/application.html.erb
  Rendering news/list.html.erb within layouts/application
  Rendered news/list.html.erb within layouts/application (Duration: 1.5ms | Allocations: 1235)
  Rendered layout layouts/application.html.erb (Duration: 1.8ms | Allocations: 1330)
Completed 500 Internal Server Error in 17ms (ActiveRecord: 1.0ms | Allocations: 8927)


  
ActionView::SyntaxErrorInTemplate (Encountered a syntax error while rendering template: check <p style="color: green"><%= notice %></p>

<h1>News</h1>

<div id="spares">
  <% @list.each do |l| %>
    <%= render '/news/post', post: l %>
    <p>
      <%=# link_to "Show this spare", post_path(l) %>
    </p>
  <% end %>
</div>

<%=# link_to "New spare", new_post_path %>

):
1:    <p style="color: green"><%= notice %></p>
2:    
3:    <h1>News</h1>
4:    
5:    <div id="spares">
6:      <% @list.each do |l| %>
7:        <%= render '/news/post', post: l %>
8:        <p>
9:          <%=# link_to "Show this spare", post_path(l) %>
10:        </p>
11:      <% end %>
12:    </div>
13:    
14:    <%=# link_to "New spare", new_post_path %>
  
app/views/news/list.html.erb:10: syntax error, unexpected '<'
app/views/news/list.html.erb:12: unknown regexp options - dv
app/views/news/list.html.erb:17: unterminated string meets end of file
app/views/news/list.html.erb:17: syntax error, unexpected end-of-input, expecting ')'
app/views/news/list.html.erb:10: syntax error, unexpected '<'
app/views/news/list.html.erb:12: unknown regexp options - dv
app/views/news/list.html.erb:17: unterminated string meets end of file
app/views/news/list.html.erb:17: syntax error, unexpected end-of-input, expecting ')'
app/views/news/list.html.erb:10: syntax error, unexpected '<'
app/views/news/list.html.erb:12: unknown regexp options - dv
app/views/news/list.html.erb:17: unterminated string meets end of file
app/views/news/list.html.erb:17: syntax error, unexpected end-of-input, expecting ')'
app/views/news/list.html.erb:10: syntax error, unexpected '<'
app/views/news/list.html.erb:12: unknown regexp options - dv
app/views/news/list.html.erb:17: unterminated string meets end of file
app/views/news/list.html.erb:17: syntax error, unexpected end-of-input, expecting ')'
app/views/news/list.html.erb:10: syntax error, unexpected '<'
app/views/news/list.html.erb:12: unknown regexp options - dv
app/views/news/list.html.erb:17: unterminated string meets end of file
app/views/news/list.html.erb:17: syntax error, unexpected end-of-input, expecting ')'
app/views/news/list.html.erb:10: syntax error, unexpected '<'
app/views/news/list.html.erb:12: unknown regexp options - dv
app/views/news/list.html.erb:17: unterminated string meets end of file
app/views/news/list.html.erb:17: syntax error, unexpected end-of-input, expecting ')'
Started GET "/news" for ::1 at 2022-07-30 21:29:18 +0300
Processing by NewsController#list as HTML
  [1m[36mAdmin Load (0.1ms)[0m  [1m[34mSELECT "admins".* FROM "admins" WHERE "admins"."id" = ? ORDER BY "admins"."id" ASC LIMIT ?[0m  [["id", 1], ["LIMIT", 1]]
  Rendering layout layouts/application.html.erb
  Rendering news/list.html.erb within layouts/application
  [1m[36mNewPost Load (0.2ms)[0m  [1m[34mSELECT "new_posts".* FROM "new_posts"[0m
  ↳ app/views/news/list.html.erb:6
  Rendered news/_post.html.erb (Duration: 0.9ms | Allocations: 173)
  Rendered news/list.html.erb within layouts/application (Duration: 13.8ms | Allocations: 8219)
  Rendered layout layouts/application.html.erb (Duration: 14.1ms | Allocations: 8314)
Completed 500 Internal Server Error in 20ms (ActiveRecord: 0.8ms | Allocations: 10719)


  
ActionView::Template::Error (undefined method `post_path' for #<ActionView::Base:0x0000000001dab0>

      <!-- '.freeze;@output_buffer.append=( link_to "Show this spare", post_path(l) );@output_buffer.safe_append=' -->
                                                                       ^^^^^^^^^
Did you mean?  font_path
               root_path):
     6:   <% @list.each do |l| %>
     7:     <%= render '/news/post', post: l %>
     8:     <p>
     9:       <!-- <%= link_to "Show this spare", post_path(l) %> -->
    10:     </p>
    11:   <% end %>
    12: </div>
  
app/views/news/list.html.erb:9
app/views/news/list.html.erb:6
Started GET "/news" for ::1 at 2022-07-30 21:29:38 +0300
Processing by NewsController#list as HTML
  [1m[36mAdmin Load (0.1ms)[0m  [1m[34mSELECT "admins".* FROM "admins" WHERE "admins"."id" = ? ORDER BY "admins"."id" ASC LIMIT ?[0m  [["id", 1], ["LIMIT", 1]]
  Rendering layout layouts/application.html.erb
  Rendering news/list.html.erb within layouts/application
  [1m[36mNewPost Load (0.1ms)[0m  [1m[34mSELECT "new_posts".* FROM "new_posts"[0m
  ↳ app/views/news/list.html.erb:6
  Rendered news/_post.html.erb (Duration: 0.4ms | Allocations: 163)
  Rendered news/_post.html.erb (Duration: 0.1ms | Allocations: 19)
  Rendered news/list.html.erb within layouts/application (Duration: 3.5ms | Allocations: 1284)
  Rendered layout layouts/application.html.erb (Duration: 36.1ms | Allocations: 15083)
Completed 200 OK in 41ms (Views: 38.4ms | ActiveRecord: 0.2ms | Allocations: 17452)


Started GET "/news" for ::1 at 2022-07-30 21:30:41 +0300
Processing by NewsController#list as HTML
  [1m[36mAdmin Load (0.1ms)[0m  [1m[34mSELECT "admins".* FROM "admins" WHERE "admins"."id" = ? ORDER BY "admins"."id" ASC LIMIT ?[0m  [["id", 1], ["LIMIT", 1]]
  Rendering layout layouts/application.html.erb
  Rendering news/list.html.erb within layouts/application
  [1m[36mNewPost Load (0.1ms)[0m  [1m[34mSELECT "new_posts".* FROM "new_posts"[0m
  ↳ app/views/news/list.html.erb:6
  Rendered news/_post.html.erb (Duration: 0.5ms | Allocations: 185)
  Rendered news/_post.html.erb (Duration: 0.0ms | Allocations: 21)
  Rendered news/list.html.erb within layouts/application (Duration: 3.3ms | Allocations: 1309)
  Rendered layout layouts/application.html.erb (Duration: 6.7ms | Allocations: 3927)
Completed 200 OK in 12ms (Views: 8.3ms | ActiveRecord: 0.2ms | Allocations: 6296)


Started GET "/" for ::1 at 2022-08-03 16:18:46 +0300
  [1m[35m (1.4ms)[0m  [1m[34mSELECT sqlite_version(*)[0m
  [1m[36mActiveRecord::SchemaMigration Pluck (0.4ms)[0m  [1m[34mSELECT "schema_migrations"."version" FROM "schema_migrations" ORDER BY "schema_migrations"."version" ASC[0m
Processing by SparesController#index as HTML
  [1m[36mAdmin Load (0.5ms)[0m  [1m[34mSELECT "admins".* FROM "admins" WHERE "admins"."id" = ? ORDER BY "admins"."id" ASC LIMIT ?[0m  [["id", 1], ["LIMIT", 1]]
  Rendering layout layouts/application.html.erb
  Rendering spares/index.html.erb within layouts/application
  [1m[36mSpare Load (0.4ms)[0m  [1m[34mSELECT "spares".* FROM "spares"[0m
  ↳ app/views/spares/index.html.erb:6
  Rendered spares/index.html.erb within layouts/application (Duration: 3.3ms | Allocations: 1440)
  Rendered layout layouts/application.html.erb (Duration: 55.1ms | Allocations: 36005)
Completed 200 OK in 86ms (Views: 58.6ms | ActiveRecord: 1.5ms | Allocations: 50106)


Started GET "/" for ::1 at 2022-08-03 16:18:56 +0300
Processing by SparesController#index as HTML
  [1m[36mAdmin Load (0.1ms)[0m  [1m[34mSELECT "admins".* FROM "admins" WHERE "admins"."id" = ? ORDER BY "admins"."id" ASC LIMIT ?[0m  [["id", 1], ["LIMIT", 1]]
  Rendering layout layouts/application.html.erb
  Rendering spares/index.html.erb within layouts/application
  [1m[36mSpare Load (0.1ms)[0m  [1m[34mSELECT "spares".* FROM "spares"[0m
  ↳ app/views/spares/index.html.erb:6
  Rendered spares/index.html.erb within layouts/application (Duration: 0.8ms | Allocations: 643)
  Rendered layout layouts/application.html.erb (Duration: 3.7ms | Allocations: 2884)
Completed 200 OK in 7ms (Views: 4.1ms | ActiveRecord: 0.2ms | Allocations: 4814)


Started GET "/news" for ::1 at 2022-08-03 16:19:00 +0300
Processing by NewsController#list as HTML
  [1m[36mAdmin Load (0.2ms)[0m  [1m[34mSELECT "admins".* FROM "admins" WHERE "admins"."id" = ? ORDER BY "admins"."id" ASC LIMIT ?[0m  [["id", 1], ["LIMIT", 1]]
  Rendering layout layouts/application.html.erb
  Rendering news/list.html.erb within layouts/application
  [1m[36mNewPost Load (0.4ms)[0m  [1m[34mSELECT "new_posts".* FROM "new_posts"[0m
  ↳ app/views/news/list.html.erb:6
  Rendered news/_post.html.erb (Duration: 7.0ms | Allocations: 5728)
  Rendered news/list.html.erb within layouts/application (Duration: 12.4ms | Allocations: 8855)
  Rendered layout layouts/application.html.erb (Duration: 12.6ms | Allocations: 8950)
Completed 500 Internal Server Error in 19ms (ActiveRecord: 1.0ms | Allocations: 11827)


  
ActionView::Template::Error (undefined local variable or method `post' for #<ActionView::Base:0x0000000000cfd0>

            @virtual_path = "news/_post";p = local_assigns[:p]; p = p;;@output_buffer.safe_append='<b> Post_'.freeze;@output_buffer.append=( post.id );@output_buffer.safe_append='</b>
                                                                                                                                             ^^^^):
    1: <b> Post_<%= post.id %></b>
    2:   <p>
    3:     <strong>Title:</strong>
    4:     <%= p.title %>
  
app/views/news/_post.html.erb:1
app/views/news/list.html.erb:7
app/views/news/list.html.erb:6
  [1m[35m (1.6ms)[0m  [1m[34mSELECT sqlite_version(*)[0m
  [1m[36mActiveRecord::SchemaMigration Pluck (0.9ms)[0m  [1m[34mSELECT "schema_migrations"."version" FROM "schema_migrations" ORDER BY "schema_migrations"."version" ASC[0m
Migrating to CreateActiveStorageTables (20220803132428)
  [1m[36mTRANSACTION (0.1ms)[0m  [1m[36mbegin transaction[0m
  [1m[35m (0.5ms)[0m  [1m[35mCREATE TABLE "active_storage_blobs" ("id" integer PRIMARY KEY AUTOINCREMENT NOT NULL, "key" varchar NOT NULL, "filename" varchar NOT NULL, "content_type" varchar, "metadata" text, "service_name" varchar NOT NULL, "byte_size" bigint NOT NULL, "checksum" varchar, "created_at" datetime(6) NOT NULL)[0m
  [1m[35m (0.1ms)[0m  [1m[35mCREATE UNIQUE INDEX "index_active_storage_blobs_on_key" ON "active_storage_blobs" ("key")[0m
  [1m[35m (0.1ms)[0m  [1m[35mCREATE TABLE "active_storage_attachments" ("id" integer PRIMARY KEY AUTOINCREMENT NOT NULL, "name" varchar NOT NULL, "record_type" varchar NOT NULL, "record_id" bigint NOT NULL, "blob_id" bigint NOT NULL, "created_at" datetime(6) NOT NULL, CONSTRAINT "fk_rails_c3b3935057"
FOREIGN KEY ("blob_id")
  REFERENCES "active_storage_blobs" ("id")
)[0m
  [1m[35m (0.1ms)[0m  [1m[35mCREATE INDEX "index_active_storage_attachments_on_blob_id" ON "active_storage_attachments" ("blob_id")[0m
  [1m[35m (0.1ms)[0m  [1m[35mCREATE UNIQUE INDEX "index_active_storage_attachments_uniqueness" ON "active_storage_attachments" ("record_type", "record_id", "name", "blob_id")[0m
  [1m[35m (0.1ms)[0m  [1m[35mCREATE TABLE "active_storage_variant_records" ("id" integer PRIMARY KEY AUTOINCREMENT NOT NULL, "blob_id" bigint NOT NULL, "variation_digest" varchar NOT NULL, CONSTRAINT "fk_rails_993965df05"
FOREIGN KEY ("blob_id")
  REFERENCES "active_storage_blobs" ("id")
)[0m
  [1m[35m (0.1ms)[0m  [1m[35mCREATE UNIQUE INDEX "index_active_storage_variant_records_uniqueness" ON "active_storage_variant_records" ("blob_id", "variation_digest")[0m
  [1m[36mActiveRecord::SchemaMigration Create (0.6ms)[0m  [1m[32mINSERT INTO "schema_migrations" ("version") VALUES (?)[0m  [["version", "20220803132428"]]
  [1m[36mTRANSACTION (1.0ms)[0m  [1m[36mcommit transaction[0m
  [1m[36mActiveRecord::InternalMetadata Load (0.7ms)[0m  [1m[34mSELECT "ar_internal_metadata".* FROM "ar_internal_metadata" WHERE "ar_internal_metadata"."key" = ? LIMIT ?[0m  [["key", "environment"], ["LIMIT", 1]]
  [1m[35m (0.0ms)[0m  [1m[34mSELECT sqlite_version(*)[0m
  [1m[36mActiveRecord::SchemaMigration Pluck (0.1ms)[0m  [1m[34mSELECT "schema_migrations"."version" FROM "schema_migrations" ORDER BY "schema_migrations"."version" ASC[0m
Started GET "/" for ::1 at 2022-08-03 17:00:01 +0300
  [1m[35m (1.5ms)[0m  [1m[34mSELECT sqlite_version(*)[0m
  [1m[36mActiveRecord::SchemaMigration Pluck (0.5ms)[0m  [1m[34mSELECT "schema_migrations"."version" FROM "schema_migrations" ORDER BY "schema_migrations"."version" ASC[0m
  
NoMethodError (undefined method `picture' for nil:NilClass

  @spares.picture.attach(params[:picture])
         ^^^^^^^^):
  
app/controllers/spares_controller.rb:3:in `<class:SparesController>'
app/controllers/spares_controller.rb:1:in `<main>'
Started GET "/" for ::1 at 2022-08-03 17:02:01 +0300
  
NoMethodError (undefined method `picture' for nil:NilClass

  @spares.picture.attach(params[:picture])
         ^^^^^^^^):
  
app/controllers/spares_controller.rb:3:in `<class:SparesController>'
app/controllers/spares_controller.rb:1:in `<main>'
Started GET "/" for ::1 at 2022-08-03 17:04:48 +0300
  [1m[35m (1.4ms)[0m  [1m[34mSELECT sqlite_version(*)[0m
  [1m[36mActiveRecord::SchemaMigration Pluck (0.4ms)[0m  [1m[34mSELECT "schema_migrations"."version" FROM "schema_migrations" ORDER BY "schema_migrations"."version" ASC[0m
Processing by SparesController#index as HTML
  [1m[36mAdmin Load (0.6ms)[0m  [1m[34mSELECT "admins".* FROM "admins" WHERE "admins"."id" = ? ORDER BY "admins"."id" ASC LIMIT ?[0m  [["id", 1], ["LIMIT", 1]]
  Rendering layout layouts/application.html.erb
  Rendering spares/index.html.erb within layouts/application
  [1m[36mSpare Load (0.5ms)[0m  [1m[34mSELECT "spares".* FROM "spares"[0m
  ↳ app/views/spares/index.html.erb:6
  Rendered spares/index.html.erb within layouts/application (Duration: 3.1ms | Allocations: 1440)
  Rendered layout layouts/application.html.erb (Duration: 64.1ms | Allocations: 36128)
Completed 200 OK in 103ms (Views: 67.8ms | ActiveRecord: 1.8ms | Allocations: 51525)


Started GET "/spares/new" for ::1 at 2022-08-03 17:04:52 +0300
Processing by SparesController#new as HTML
  [1m[36mAdmin Load (0.1ms)[0m  [1m[34mSELECT "admins".* FROM "admins" WHERE "admins"."id" = ? ORDER BY "admins"."id" ASC LIMIT ?[0m  [["id", 1], ["LIMIT", 1]]
  Rendering layout layouts/application.html.erb
  Rendering spares/new.html.erb within layouts/application
  Rendered spares/_form.html.erb (Duration: 9.7ms | Allocations: 3282)
  Rendered spares/new.html.erb within layouts/application (Duration: 15.6ms | Allocations: 9104)
  Rendered layout layouts/application.html.erb (Duration: 15.8ms | Allocations: 9207)
Completed 500 Internal Server Error in 22ms (ActiveRecord: 0.5ms | Allocations: 12882)


  
ActionView::Template::Error (undefined local variable or method `f' for #<ActionView::Base:0x0000000000cee0>

'.freeze;@output_buffer.append=( f.label "spares photo" );@output_buffer.safe_append='
                                 ^):
     8:   <%= link_to "Back to spares", spares_path %>
     9: </div>
    10: 
    11: <%= f.label "spares photo" %>
    12: <%= f.file_field :picture %>
  
app/views/spares/new.html.erb:11
Started GET "/spares/new" for ::1 at 2022-08-03 17:08:25 +0300
  [1m[35m (1.0ms)[0m  [1m[34mSELECT sqlite_version(*)[0m
  [1m[36mActiveRecord::SchemaMigration Pluck (0.4ms)[0m  [1m[34mSELECT "schema_migrations"."version" FROM "schema_migrations" ORDER BY "schema_migrations"."version" ASC[0m
Processing by SparesController#new as HTML
  [1m[36mAdmin Load (0.4ms)[0m  [1m[34mSELECT "admins".* FROM "admins" WHERE "admins"."id" = ? ORDER BY "admins"."id" ASC LIMIT ?[0m  [["id", 1], ["LIMIT", 1]]
  Rendering layout layouts/application.html.erb
  Rendering spares/new.html.erb within layouts/application
  Rendered spares/_form.html.erb (Duration: 22.3ms | Allocations: 9058)
  Rendered spares/new.html.erb within layouts/application (Duration: 23.7ms | Allocations: 9642)
  Rendered layout layouts/application.html.erb (Duration: 23.8ms | Allocations: 9743)
Completed 500 Internal Server Error in 63ms (ActiveRecord: 1.6ms | Allocations: 26520)


  
ActionView::Template::Error (undefined local variable or method `f' for #<ActionView::Base:0x0000000000cbc0>

    '.freeze;@output_buffer.append=( f.label "spares photo" );@output_buffer.safe_append='
                                     ^):
    22:   </div>
    23: 
    24:   <div>
    25:     <%= f.label "spares photo" %>
    26:     <%= f.file_field :picture %>
    27:   </div>
    28: 
  
app/views/spares/_form.html.erb:25
app/views/spares/_form.html.erb:1
app/views/spares/new.html.erb:3
Started GET "/spares/new" for ::1 at 2022-08-03 17:08:48 +0300
Processing by SparesController#new as HTML
  [1m[36mAdmin Load (0.1ms)[0m  [1m[34mSELECT "admins".* FROM "admins" WHERE "admins"."id" = ? ORDER BY "admins"."id" ASC LIMIT ?[0m  [["id", 1], ["LIMIT", 1]]
  Rendering layout layouts/application.html.erb
  Rendering spares/new.html.erb within layouts/application
  Rendered spares/_form.html.erb (Duration: 5.3ms | Allocations: 2036)
  Rendered spares/new.html.erb within layouts/application (Duration: 6.1ms | Allocations: 2420)
  Rendered layout layouts/application.html.erb (Duration: 76.3ms | Allocations: 36888)
Completed 200 OK in 81ms (Views: 78.0ms | ActiveRecord: 0.1ms | Allocations: 39387)


Started POST "/spares" for ::1 at 2022-08-03 17:08:59 +0300
Processing by SparesController#create as TURBO_STREAM
  Parameters: {"authenticity_token"=>"[FILTERED]", "spare"=>{"name"=>"kjgfd", "price"=>"77", "picture"=>#<ActionDispatch::Http::UploadedFile:0x0000000112615a40 @tempfile=#<Tempfile:/var/folders/5l/963bt4rj7bj9tht8p2r4yxbr0000gn/T/RackMultipart20220803-13310-b7uebw.jpg>, @original_filename="hb-2.jpg", @content_type="image/jpeg", @headers="Content-Disposition: form-data; name=\"spare[picture]\"; filename=\"hb-2.jpg\"\r\nContent-Type: image/jpeg\r\n">}, "commit"=>"Create Spare"}
  [1m[36mAdmin Load (0.1ms)[0m  [1m[34mSELECT "admins".* FROM "admins" WHERE "admins"."id" = ? ORDER BY "admins"."id" ASC LIMIT ?[0m  [["id", 1], ["LIMIT", 1]]
Completed 500 Internal Server Error in 84ms (ActiveRecord: 0.7ms | Allocations: 15242)


  
NoMethodError (undefined method `picture' for nil:NilClass

    @spares.picture.attach(params[:picture])
           ^^^^^^^^):
  
app/controllers/spares_controller.rb:27:in `create'
Started GET "/spares/new" for ::1 at 2022-08-03 17:09:43 +0300
Processing by SparesController#new as HTML
  [1m[35m (0.1ms)[0m  [1m[34mSELECT sqlite_version(*)[0m
  [1m[36mAdmin Load (0.4ms)[0m  [1m[34mSELECT "admins".* FROM "admins" WHERE "admins"."id" = ? ORDER BY "admins"."id" ASC LIMIT ?[0m  [["id", 1], ["LIMIT", 1]]
  Rendering layout layouts/application.html.erb
  Rendering spares/new.html.erb within layouts/application
  Rendered spares/_form.html.erb (Duration: 2.1ms | Allocations: 1309)
  Rendered spares/new.html.erb within layouts/application (Duration: 2.3ms | Allocations: 1440)
  Rendered layout layouts/application.html.erb (Duration: 41.8ms | Allocations: 14990)
Completed 200 OK in 63ms (Views: 42.8ms | ActiveRecord: 2.5ms | Allocations: 24412)


Started POST "/spares" for ::1 at 2022-08-03 17:09:55 +0300
Processing by SparesController#create as TURBO_STREAM
  Parameters: {"authenticity_token"=>"[FILTERED]", "spare"=>{"name"=>"kjb", "price"=>"77", "picture"=>#<ActionDispatch::Http::UploadedFile:0x0000000112bae2e0 @tempfile=#<Tempfile:/var/folders/5l/963bt4rj7bj9tht8p2r4yxbr0000gn/T/RackMultipart20220803-13310-nj6r51.jpg>, @original_filename="hb-4.jpg", @content_type="image/jpeg", @headers="Content-Disposition: form-data; name=\"spare[picture]\"; filename=\"hb-4.jpg\"\r\nContent-Type: image/jpeg\r\n">}, "commit"=>"Create Spare"}
  [1m[36mAdmin Load (0.1ms)[0m  [1m[34mSELECT "admins".* FROM "admins" WHERE "admins"."id" = ? ORDER BY "admins"."id" ASC LIMIT ?[0m  [["id", 1], ["LIMIT", 1]]
Completed 500 Internal Server Error in 44ms (ActiveRecord: 0.9ms | Allocations: 8844)


  
NoMethodError (undefined method `picture' for nil:NilClass

    @spares.picture.attach(spare_params[:picture])
           ^^^^^^^^):
  
app/controllers/spares_controller.rb:27:in `create'
Started GET "/spares/new" for ::1 at 2022-08-03 17:14:24 +0300
  [1m[35m (1.4ms)[0m  [1m[34mSELECT sqlite_version(*)[0m
  [1m[36mActiveRecord::SchemaMigration Pluck (0.6ms)[0m  [1m[34mSELECT "schema_migrations"."version" FROM "schema_migrations" ORDER BY "schema_migrations"."version" ASC[0m
Processing by SparesController#new as HTML
  [1m[36mAdmin Load (0.4ms)[0m  [1m[34mSELECT "admins".* FROM "admins" WHERE "admins"."id" = ? ORDER BY "admins"."id" ASC LIMIT ?[0m  [["id", 1], ["LIMIT", 1]]
  Rendering layout layouts/application.html.erb
  Rendering spares/new.html.erb within layouts/application
  Rendered spares/_form.html.erb (Duration: 10.4ms | Allocations: 3928)
  Rendered spares/new.html.erb within layouts/application (Duration: 12.5ms | Allocations: 4563)
  Rendered layout layouts/application.html.erb (Duration: 68.5ms | Allocations: 39065)
Completed 200 OK in 106ms (Views: 73.0ms | ActiveRecord: 1.4ms | Allocations: 55896)


Started POST "/spares" for ::1 at 2022-08-03 17:14:38 +0300
Processing by SparesController#create as TURBO_STREAM
  Parameters: {"authenticity_token"=>"[FILTERED]", "spare"=>{"name"=>"fgjhk", "price"=>"455", "picture"=>#<ActionDispatch::Http::UploadedFile:0x000000010a31c5d0 @tempfile=#<Tempfile:/var/folders/5l/963bt4rj7bj9tht8p2r4yxbr0000gn/T/RackMultipart20220803-13589-k3rt1h.jpg>, @original_filename="hb-8.jpg", @content_type="image/jpeg", @headers="Content-Disposition: form-data; name=\"spare[picture]\"; filename=\"hb-8.jpg\"\r\nContent-Type: image/jpeg\r\n">}, "commit"=>"Create Spare"}
  [1m[36mAdmin Load (0.1ms)[0m  [1m[34mSELECT "admins".* FROM "admins" WHERE "admins"."id" = ? ORDER BY "admins"."id" ASC LIMIT ?[0m  [["id", 1], ["LIMIT", 1]]
Completed 500 Internal Server Error in 60ms (ActiveRecord: 0.6ms | Allocations: 12944)


  
NoMethodError (undefined method `picture' for nil:NilClass

    @spares.picture.attach(spare_params[:picture])
           ^^^^^^^^):
  
app/controllers/spares_controller.rb:27:in `create'
Started GET "/spares/new" for ::1 at 2022-08-03 17:16:26 +0300
Processing by SparesController#new as HTML
  [1m[35m (0.1ms)[0m  [1m[34mSELECT sqlite_version(*)[0m
  [1m[36mAdmin Load (0.4ms)[0m  [1m[34mSELECT "admins".* FROM "admins" WHERE "admins"."id" = ? ORDER BY "admins"."id" ASC LIMIT ?[0m  [["id", 1], ["LIMIT", 1]]
  Rendering layout layouts/application.html.erb
  Rendering spares/new.html.erb within layouts/application
  Rendered spares/_form.html.erb (Duration: 3.1ms | Allocations: 1684)
  Rendered spares/new.html.erb within layouts/application (Duration: 4.2ms | Allocations: 2040)
  Rendered layout layouts/application.html.erb (Duration: 30.4ms | Allocations: 15782)
Completed 200 OK in 50ms (Views: 32.0ms | ActiveRecord: 2.0ms | Allocations: 25553)


Started POST "/spares" for ::1 at 2022-08-03 17:16:31 +0300
Processing by SparesController#create as TURBO_STREAM
  Parameters: {"authenticity_token"=>"[FILTERED]", "spare"=>{"name"=>"rrr", "price"=>""}, "commit"=>"Create Spare"}
  [1m[36mAdmin Load (0.2ms)[0m  [1m[34mSELECT "admins".* FROM "admins" WHERE "admins"."id" = ? ORDER BY "admins"."id" ASC LIMIT ?[0m  [["id", 1], ["LIMIT", 1]]
  [1m[36mTRANSACTION (0.1ms)[0m  [1m[36mbegin transaction[0m
  ↳ app/controllers/spares_controller.rb:29:in `block in create'
  [1m[36mSpare Create (0.7ms)[0m  [1m[32mINSERT INTO "spares" ("name", "price", "created_at", "updated_at") VALUES (?, ?, ?, ?)[0m  [["name", "rrr"], ["price", nil], ["created_at", "2022-08-03 14:16:32.006421"], ["updated_at", "2022-08-03 14:16:32.006421"]]
  ↳ app/controllers/spares_controller.rb:29:in `block in create'
  [1m[36mActiveStorage::Attachment Load (0.4ms)[0m  [1m[34mSELECT "active_storage_attachments".* FROM "active_storage_attachments" WHERE "active_storage_attachments"."record_id" = ? AND "active_storage_attachments"."record_type" = ? AND "active_storage_attachments"."name" = ? LIMIT ?[0m  [["record_id", 1], ["record_type", "Spare"], ["name", "picture"], ["LIMIT", 1]]
  ↳ app/controllers/spares_controller.rb:29:in `block in create'
  [1m[36mTRANSACTION (0.7ms)[0m  [1m[36mcommit transaction[0m
  ↳ app/controllers/spares_controller.rb:29:in `block in create'
Redirected to http://localhost:3000/spares/1
Completed 302 Found in 33ms (ActiveRecord: 2.3ms | Allocations: 11937)


Started GET "/spares/1" for ::1 at 2022-08-03 17:16:32 +0300
Processing by SparesController#show as TURBO_STREAM
  Parameters: {"id"=>"1"}
  [1m[36mAdmin Load (0.1ms)[0m  [1m[34mSELECT "admins".* FROM "admins" WHERE "admins"."id" = ? ORDER BY "admins"."id" ASC LIMIT ?[0m  [["id", 1], ["LIMIT", 1]]
  [1m[36mSpare Load (0.2ms)[0m  [1m[34mSELECT "spares".* FROM "spares" WHERE "spares"."id" = ? LIMIT ?[0m  [["id", 1], ["LIMIT", 1]]
  ↳ app/controllers/spares_controller.rb:65:in `set_spare'
  Rendering layout layouts/application.html.erb
  Rendering spares/show.html.erb within layouts/application
  [1m[36mActiveStorage::Attachment Load (0.1ms)[0m  [1m[34mSELECT "active_storage_attachments".* FROM "active_storage_attachments" WHERE "active_storage_attachments"."record_id" = ? AND "active_storage_attachments"."record_type" = ? AND "active_storage_attachments"."name" = ? LIMIT ?[0m  [["record_id", 1], ["record_type", "Spare"], ["name", "picture"], ["LIMIT", 1]]
  ↳ app/views/spares/_spare.html.erb:13
  Rendered spares/_spare.html.erb (Duration: 2.3ms | Allocations: 1349)
  Rendered spares/show.html.erb within layouts/application (Duration: 5.8ms | Allocations: 2470)
  Rendered layout layouts/application.html.erb (Duration: 8.8ms | Allocations: 4780)
Completed 200 OK in 14ms (Views: 9.1ms | ActiveRecord: 0.4ms | Allocations: 7931)


Started GET "/spares/1/edit" for ::1 at 2022-08-03 17:16:36 +0300
Processing by SparesController#edit as HTML
  Parameters: {"id"=>"1"}
  [1m[36mAdmin Load (0.1ms)[0m  [1m[34mSELECT "admins".* FROM "admins" WHERE "admins"."id" = ? ORDER BY "admins"."id" ASC LIMIT ?[0m  [["id", 1], ["LIMIT", 1]]
  [1m[36mSpare Load (0.1ms)[0m  [1m[34mSELECT "spares".* FROM "spares" WHERE "spares"."id" = ? LIMIT ?[0m  [["id", 1], ["LIMIT", 1]]
  ↳ app/controllers/spares_controller.rb:65:in `set_spare'
  Rendering layout layouts/application.html.erb
  Rendering spares/edit.html.erb within layouts/application
  Rendered spares/_form.html.erb (Duration: 1.6ms | Allocations: 1247)
  Rendered spares/edit.html.erb within layouts/application (Duration: 3.8ms | Allocations: 1558)
  Rendered layout layouts/application.html.erb (Duration: 6.6ms | Allocations: 3756)
Completed 200 OK in 12ms (Views: 7.8ms | ActiveRecord: 0.2ms | Allocations: 6052)


Started PATCH "/spares/1" for ::1 at 2022-08-03 17:16:57 +0300
Processing by SparesController#update as TURBO_STREAM
  Parameters: {"authenticity_token"=>"[FILTERED]", "spare"=>{"name"=>"rrr", "price"=>"555", "picture"=>#<ActionDispatch::Http::UploadedFile:0x0000000109e8d3e8 @tempfile=#<Tempfile:/var/folders/5l/963bt4rj7bj9tht8p2r4yxbr0000gn/T/RackMultipart20220803-13589-4lbu66.jpg>, @original_filename="hb-5.jpg", @content_type="image/jpeg", @headers="Content-Disposition: form-data; name=\"spare[picture]\"; filename=\"hb-5.jpg\"\r\nContent-Type: image/jpeg\r\n">}, "commit"=>"Update Spare", "id"=>"1"}
  [1m[36mAdmin Load (0.1ms)[0m  [1m[34mSELECT "admins".* FROM "admins" WHERE "admins"."id" = ? ORDER BY "admins"."id" ASC LIMIT ?[0m  [["id", 1], ["LIMIT", 1]]
  [1m[36mSpare Load (0.1ms)[0m  [1m[34mSELECT "spares".* FROM "spares" WHERE "spares"."id" = ? LIMIT ?[0m  [["id", 1], ["LIMIT", 1]]
  ↳ app/controllers/spares_controller.rb:65:in `set_spare'
  [1m[36mTRANSACTION (0.1ms)[0m  [1m[36mbegin transaction[0m
  ↳ app/controllers/spares_controller.rb:42:in `block in update'
  [1m[36mSpare Update (0.6ms)[0m  [1m[33mUPDATE "spares" SET "price" = ?, "updated_at" = ? WHERE "spares"."id" = ?[0m  [["price", 555], ["updated_at", "2022-08-03 14:16:57.800681"], ["id", 1]]
  ↳ app/controllers/spares_controller.rb:42:in `block in update'
  [1m[36mActiveStorage::Blob Load (0.2ms)[0m  [1m[34mSELECT "active_storage_blobs".* FROM "active_storage_blobs" INNER JOIN "active_storage_attachments" ON "active_storage_blobs"."id" = "active_storage_attachments"."blob_id" WHERE "active_storage_attachments"."record_id" = ? AND "active_storage_attachments"."record_type" = ? AND "active_storage_attachments"."name" = ? LIMIT ?[0m  [["record_id", 1], ["record_type", "Spare"], ["name", "picture"], ["LIMIT", 1]]
  ↳ app/controllers/spares_controller.rb:42:in `block in update'
  [1m[36mActiveStorage::Attachment Load (0.1ms)[0m  [1m[34mSELECT "active_storage_attachments".* FROM "active_storage_attachments" WHERE "active_storage_attachments"."record_id" = ? AND "active_storage_attachments"."record_type" = ? AND "active_storage_attachments"."name" = ? LIMIT ?[0m  [["record_id", 1], ["record_type", "Spare"], ["name", "picture"], ["LIMIT", 1]]
  ↳ app/controllers/spares_controller.rb:42:in `block in update'
  [1m[36mActiveStorage::Blob Create (0.7ms)[0m  [1m[32mINSERT INTO "active_storage_blobs" ("key", "filename", "content_type", "metadata", "service_name", "byte_size", "checksum", "created_at") VALUES (?, ?, ?, ?, ?, ?, ?, ?)[0m  [["key", "5oxdm9kv7p3dwavhutxwym1z6j0t"], ["filename", "hb-5.jpg"], ["content_type", "image/jpeg"], ["metadata", "{\"identified\":true}"], ["service_name", "test"], ["byte_size", 6890466], ["checksum", "8acnnVbtQkMOaJ3GL+6Dcg=="], ["created_at", "2022-08-03 14:16:57.824167"]]
  ↳ app/controllers/spares_controller.rb:42:in `block in update'
  [1m[36mActiveStorage::Attachment Create (0.4ms)[0m  [1m[32mINSERT INTO "active_storage_attachments" ("name", "record_type", "record_id", "blob_id", "created_at") VALUES (?, ?, ?, ?, ?)[0m  [["name", "picture"], ["record_type", "Spare"], ["record_id", 1], ["blob_id", 1], ["created_at", "2022-08-03 14:16:57.826497"]]
  ↳ app/controllers/spares_controller.rb:42:in `block in update'
  [1m[36mSpare Update (0.1ms)[0m  [1m[33mUPDATE "spares" SET "updated_at" = ? WHERE "spares"."id" = ?[0m  [["updated_at", "2022-08-03 14:16:57.828039"], ["id", 1]]
  ↳ app/controllers/spares_controller.rb:42:in `block in update'
  [1m[36mTRANSACTION (0.8ms)[0m  [1m[36mcommit transaction[0m
  ↳ app/controllers/spares_controller.rb:42:in `block in update'
[36m  Disk Storage (18.9ms) [0m[32mUploaded file to key: 5oxdm9kv7p3dwavhutxwym1z6j0t (checksum: 8acnnVbtQkMOaJ3GL+6Dcg==)[0m
[ActiveJob] Enqueued ActiveStorage::AnalyzeJob (Job ID: c3601394-cd75-4355-8d94-819c8e29db72) to Async(default) with arguments: #<GlobalID:0x000000010a2bf7e0 @uri=#<URI::GID gid://project/ActiveStorage::Blob/1>>
Redirected to http://localhost:3000/spares/1
Completed 302 Found in 101ms (ActiveRecord: 3.7ms | Allocations: 32370)


Started GET "/spares/1" for ::1 at 2022-08-03 17:16:57 +0300
[ActiveJob] [ActiveStorage::AnalyzeJob] [c3601394-cd75-4355-8d94-819c8e29db72]   [1m[36mActiveStorage::Blob Load (0.2ms)[0m  [1m[34mSELECT "active_storage_blobs".* FROM "active_storage_blobs" WHERE "active_storage_blobs"."id" = ? LIMIT ?[0m  [["id", 1], ["LIMIT", 1]]
[ActiveJob] [ActiveStorage::AnalyzeJob] [c3601394-cd75-4355-8d94-819c8e29db72] Performing ActiveStorage::AnalyzeJob (Job ID: c3601394-cd75-4355-8d94-819c8e29db72) from Async(default) enqueued at 2022-08-03T14:16:57Z with arguments: #<GlobalID:0x000000010a20f2a0 @uri=#<URI::GID gid://project/ActiveStorage::Blob/1>>
[ActiveJob] [ActiveStorage::AnalyzeJob] [c3601394-cd75-4355-8d94-819c8e29db72] [36m  Disk Storage (12.2ms) [0m[34mDownloaded file from key: 5oxdm9kv7p3dwavhutxwym1z6j0t[0m
Processing by SparesController#show as TURBO_STREAM
  Parameters: {"id"=>"1"}
  [1m[35m (0.1ms)[0m  [1m[34mSELECT sqlite_version(*)[0m
  [1m[36mAdmin Load (0.4ms)[0m  [1m[34mSELECT "admins".* FROM "admins" WHERE "admins"."id" = ? ORDER BY "admins"."id" ASC LIMIT ?[0m  [["id", 1], ["LIMIT", 1]]
  [1m[36mSpare Load (0.1ms)[0m  [1m[34mSELECT "spares".* FROM "spares" WHERE "spares"."id" = ? LIMIT ?[0m  [["id", 1], ["LIMIT", 1]]
  ↳ app/controllers/spares_controller.rb:65:in `set_spare'
  Rendering layout layouts/application.html.erb
  Rendering spares/show.html.erb within layouts/application
  [1m[36mActiveStorage::Attachment Load (0.1ms)[0m  [1m[34mSELECT "active_storage_attachments".* FROM "active_storage_attachments" WHERE "active_storage_attachments"."record_id" = ? AND "active_storage_attachments"."record_type" = ? AND "active_storage_attachments"."name" = ? LIMIT ?[0m  [["record_id", 1], ["record_type", "Spare"], ["name", "picture"], ["LIMIT", 1]]
  ↳ app/views/spares/_spare.html.erb:13
  [1m[36mActiveStorage::Blob Load (0.1ms)[0m  [1m[34mSELECT "active_storage_blobs".* FROM "active_storage_blobs" WHERE "active_storage_blobs"."id" = ? LIMIT ?[0m  [["id", 1], ["LIMIT", 1]]
  ↳ app/views/spares/_spare.html.erb:16
  Rendered spares/_spare.html.erb (Duration: 4.7ms | Allocations: 3191)
  Rendered spares/show.html.erb within layouts/application (Duration: 5.6ms | Allocations: 3784)
  Rendered layout layouts/application.html.erb (Duration: 12.3ms | Allocations: 6096)
Completed 200 OK in 19ms (Views: 12.6ms | ActiveRecord: 1.1ms | Allocations: 9471)


[ActiveJob] [ActiveStorage::AnalyzeJob] [c3601394-cd75-4355-8d94-819c8e29db72] Skipping image analysis because the ruby-vips gem isn't installed
[ActiveJob] [ActiveStorage::AnalyzeJob] [c3601394-cd75-4355-8d94-819c8e29db72]   [1m[36mTRANSACTION (0.1ms)[0m  [1m[36mbegin transaction[0m
[ActiveJob] [ActiveStorage::AnalyzeJob] [c3601394-cd75-4355-8d94-819c8e29db72]   [1m[36mActiveStorage::Blob Update (0.3ms)[0m  [1m[33mUPDATE "active_storage_blobs" SET "metadata" = ? WHERE "active_storage_blobs"."id" = ?[0m  [["metadata", "{\"identified\":true,\"analyzed\":true}"], ["id", 1]]
[ActiveJob] [ActiveStorage::AnalyzeJob] [c3601394-cd75-4355-8d94-819c8e29db72]   [1m[36mTRANSACTION (0.7ms)[0m  [1m[36mcommit transaction[0m
[ActiveJob] [ActiveStorage::AnalyzeJob] [c3601394-cd75-4355-8d94-819c8e29db72] Performed ActiveStorage::AnalyzeJob (Job ID: c3601394-cd75-4355-8d94-819c8e29db72) from Async(default) in 66.05ms
Started GET "/rails/active_storage/blobs/redirect/eyJfcmFpbHMiOnsibWVzc2FnZSI6IkJBaHBCZz09IiwiZXhwIjpudWxsLCJwdXIiOiJibG9iX2lkIn19--0fca9fa25c9cae0ad3b936e991d4cf201ff4acfa/hb-5.jpg" for ::1 at 2022-08-03 17:16:57 +0300
Processing by ActiveStorage::Blobs::RedirectController#show as JPEG
  Parameters: {"signed_id"=>"eyJfcmFpbHMiOnsibWVzc2FnZSI6IkJBaHBCZz09IiwiZXhwIjpudWxsLCJwdXIiOiJibG9iX2lkIn19--0fca9fa25c9cae0ad3b936e991d4cf201ff4acfa", "filename"=>"hb-5"}
  [1m[36mActiveStorage::Blob Load (0.1ms)[0m  [1m[34mSELECT "active_storage_blobs".* FROM "active_storage_blobs" WHERE "active_storage_blobs"."id" = ? LIMIT ?[0m  [["id", 1], ["LIMIT", 1]]
[36m  Disk Storage (2.8ms) [0m[34mGenerated URL for file at key: 5oxdm9kv7p3dwavhutxwym1z6j0t (http://localhost:3000/rails/active_storage/disk/eyJfcmFpbHMiOnsibWVzc2FnZSI6IkJBaDdDVG9JYTJWNVNTSWhOVzk0WkcwNWEzWTNjRE5rZDJGMmFIVjBlSGQ1YlRGNk5tb3dkQVk2QmtWVU9oQmthWE53YjNOcGRHbHZia2tpTzJsdWJHbHVaVHNnWm1sc1pXNWhiV1U5SW1oaUxUVXVhbkJuSWpzZ1ptbHNaVzVoYldVcVBWVlVSaTA0Snlkb1lpMDFMbXB3WndZN0JsUTZFV052Ym5SbGJuUmZkSGx3WlVraUQybHRZV2RsTDJwd1pXY0dPd1pVT2hGelpYSjJhV05sWDI1aGJXVTZDWFJsYzNRPSIsImV4cCI6IjIwMjItMDgtMDNUMTQ6MjE6NTcuOTU1WiIsInB1ciI6ImJsb2Jfa2V5In19--08e449e2f11469854b0ea87cbd5e0b4180e702ef/hb-5.jpg)[0m
Redirected to http://localhost:3000/rails/active_storage/disk/eyJfcmFpbHMiOnsibWVzc2FnZSI6IkJBaDdDVG9JYTJWNVNTSWhOVzk0WkcwNWEzWTNjRE5rZDJGMmFIVjBlSGQ1YlRGNk5tb3dkQVk2QmtWVU9oQmthWE53YjNOcGRHbHZia2tpTzJsdWJHbHVaVHNnWm1sc1pXNWhiV1U5SW1oaUxUVXVhbkJuSWpzZ1ptbHNaVzVoYldVcVBWVlVSaTA0Snlkb1lpMDFMbXB3WndZN0JsUTZFV052Ym5SbGJuUmZkSGx3WlVraUQybHRZV2RsTDJwd1pXY0dPd1pVT2hGelpYSjJhV05sWDI1aGJXVTZDWFJsYzNRPSIsImV4cCI6IjIwMjItMDgtMDNUMTQ6MjE6NTcuOTU1WiIsInB1ciI6ImJsb2Jfa2V5In19--08e449e2f11469854b0ea87cbd5e0b4180e702ef/hb-5.jpg
Completed 302 Found in 7ms (ActiveRecord: 0.1ms | Allocations: 2756)


Started GET "/rails/active_storage/disk/eyJfcmFpbHMiOnsibWVzc2FnZSI6IkJBaDdDVG9JYTJWNVNTSWhOVzk0WkcwNWEzWTNjRE5rZDJGMmFIVjBlSGQ1YlRGNk5tb3dkQVk2QmtWVU9oQmthWE53YjNOcGRHbHZia2tpTzJsdWJHbHVaVHNnWm1sc1pXNWhiV1U5SW1oaUxUVXVhbkJuSWpzZ1ptbHNaVzVoYldVcVBWVlVSaTA0Snlkb1lpMDFMbXB3WndZN0JsUTZFV052Ym5SbGJuUmZkSGx3WlVraUQybHRZV2RsTDJwd1pXY0dPd1pVT2hGelpYSjJhV05sWDI1aGJXVTZDWFJsYzNRPSIsImV4cCI6IjIwMjItMDgtMDNUMTQ6MjE6NTcuOTU1WiIsInB1ciI6ImJsb2Jfa2V5In19--08e449e2f11469854b0ea87cbd5e0b4180e702ef/hb-5.jpg" for ::1 at 2022-08-03 17:16:57 +0300
Processing by ActiveStorage::DiskController#show as JPEG
  Parameters: {"encoded_key"=>"[FILTERED]", "filename"=>"hb-5"}
Completed 200 OK in 1ms (ActiveRecord: 0.0ms | Allocations: 323)


