Started GET "/" for ::1 at 2022-06-26 14:23:15 +0300
  [1m[35m (2.0ms)[0m  [1m[34mSELECT sqlite_version(*)[0m
  [1m[35m (1.0ms)[0m  [1m[35mCREATE TABLE "schema_migrations" ("version" varchar NOT NULL PRIMARY KEY)[0m
  [1m[35m (1.0ms)[0m  [1m[35mCREATE TABLE "ar_internal_metadata" ("key" varchar NOT NULL PRIMARY KEY, "value" varchar, "created_at" datetime(6) NOT NULL, "updated_at" datetime(6) NOT NULL)[0m
  [1m[36mActiveRecord::SchemaMigration Pluck (0.2ms)[0m  [1m[34mSELECT "schema_migrations"."version" FROM "schema_migrations" ORDER BY "schema_migrations"."version" ASC[0m
  
ActiveRecord::PendingMigrationError (

Migrations are pending. To resolve this issue, run:

        bin/rails db:migrate RAILS_ENV=development

You have 1 pending migration:

20220626111639_create_autors.rb


):
  
activerecord (7.0.3) lib/active_record/migration.rb:627:in `check_pending!'
activerecord (7.0.3) lib/active_record/migration.rb:592:in `block (2 levels) in call'
activesupport (7.0.3) lib/active_support/file_update_checker.rb:83:in `execute'
activerecord (7.0.3) lib/active_record/migration.rb:597:in `block in call'
activerecord (7.0.3) lib/active_record/migration.rb:589:in `synchronize'
activerecord (7.0.3) lib/active_record/migration.rb:589:in `call'
actionpack (7.0.3) lib/action_dispatch/middleware/callbacks.rb:27:in `block in call'
activesupport (7.0.3) lib/active_support/callbacks.rb:99:in `run_callbacks'
actionpack (7.0.3) lib/action_dispatch/middleware/callbacks.rb:26:in `call'
actionpack (7.0.3) lib/action_dispatch/middleware/executor.rb:14:in `call'
actionpack (7.0.3) lib/action_dispatch/middleware/actionable_exceptions.rb:17:in `call'
actionpack (7.0.3) lib/action_dispatch/middleware/debug_exceptions.rb:28:in `call'
web-console (4.2.0) lib/web_console/middleware.rb:132:in `call_app'
web-console (4.2.0) lib/web_console/middleware.rb:28:in `block in call'
web-console (4.2.0) lib/web_console/middleware.rb:17:in `catch'
web-console (4.2.0) lib/web_console/middleware.rb:17:in `call'
actionpack (7.0.3) lib/action_dispatch/middleware/show_exceptions.rb:26:in `call'
railties (7.0.3) lib/rails/rack/logger.rb:40:in `call_app'
railties (7.0.3) lib/rails/rack/logger.rb:25:in `block in call'
activesupport (7.0.3) lib/active_support/tagged_logging.rb:114:in `block in tagged'
activesupport (7.0.3) lib/active_support/tagged_logging.rb:38:in `tagged'
activesupport (7.0.3) lib/active_support/tagged_logging.rb:114:in `tagged'
railties (7.0.3) lib/rails/rack/logger.rb:25:in `call'
sprockets-rails (3.4.2) lib/sprockets/rails/quiet_assets.rb:13:in `call'
actionpack (7.0.3) lib/action_dispatch/middleware/remote_ip.rb:93:in `call'
actionpack (7.0.3) lib/action_dispatch/middleware/request_id.rb:26:in `call'
rack (2.2.3.1) lib/rack/method_override.rb:24:in `call'
rack (2.2.3.1) lib/rack/runtime.rb:22:in `call'
activesupport (7.0.3) lib/active_support/cache/strategy/local_cache_middleware.rb:29:in `call'
actionpack (7.0.3) lib/action_dispatch/middleware/server_timing.rb:20:in `call'
actionpack (7.0.3) lib/action_dispatch/middleware/executor.rb:14:in `call'
actionpack (7.0.3) lib/action_dispatch/middleware/static.rb:23:in `call'
rack (2.2.3.1) lib/rack/sendfile.rb:110:in `call'
actionpack (7.0.3) lib/action_dispatch/middleware/host_authorization.rb:137:in `call'
railties (7.0.3) lib/rails/engine.rb:530:in `call'
puma (5.6.4) lib/puma/configuration.rb:252:in `call'
puma (5.6.4) lib/puma/request.rb:77:in `block in handle_request'
puma (5.6.4) lib/puma/thread_pool.rb:340:in `with_force_shutdown'
puma (5.6.4) lib/puma/request.rb:76:in `handle_request'
puma (5.6.4) lib/puma/server.rb:441:in `process_client'
puma (5.6.4) lib/puma/thread_pool.rb:147:in `block in spawn_thread'
Started GET "/author" for ::1 at 2022-06-26 14:23:45 +0300
  [1m[36mActiveRecord::SchemaMigration Pluck (0.1ms)[0m  [1m[34mSELECT "schema_migrations"."version" FROM "schema_migrations" ORDER BY "schema_migrations"."version" ASC[0m
  [1m[36mCACHE ActiveRecord::SchemaMigration Pluck (0.0ms)[0m  [1m[34mSELECT "schema_migrations"."version" FROM "schema_migrations" ORDER BY "schema_migrations"."version" ASC[0m
  
ActiveRecord::PendingMigrationError (

Migrations are pending. To resolve this issue, run:

        bin/rails db:migrate RAILS_ENV=development

You have 1 pending migration:

20220626111639_create_autors.rb


):
  
activerecord (7.0.3) lib/active_record/migration.rb:627:in `check_pending!'
activerecord (7.0.3) lib/active_record/migration.rb:592:in `block (2 levels) in call'
activesupport (7.0.3) lib/active_support/file_update_checker.rb:83:in `execute'
activerecord (7.0.3) lib/active_record/migration.rb:597:in `block in call'
activerecord (7.0.3) lib/active_record/migration.rb:589:in `synchronize'
activerecord (7.0.3) lib/active_record/migration.rb:589:in `call'
actionpack (7.0.3) lib/action_dispatch/middleware/callbacks.rb:27:in `block in call'
activesupport (7.0.3) lib/active_support/callbacks.rb:99:in `run_callbacks'
actionpack (7.0.3) lib/action_dispatch/middleware/callbacks.rb:26:in `call'
actionpack (7.0.3) lib/action_dispatch/middleware/executor.rb:14:in `call'
actionpack (7.0.3) lib/action_dispatch/middleware/actionable_exceptions.rb:17:in `call'
actionpack (7.0.3) lib/action_dispatch/middleware/debug_exceptions.rb:28:in `call'
web-console (4.2.0) lib/web_console/middleware.rb:132:in `call_app'
web-console (4.2.0) lib/web_console/middleware.rb:28:in `block in call'
web-console (4.2.0) lib/web_console/middleware.rb:17:in `catch'
web-console (4.2.0) lib/web_console/middleware.rb:17:in `call'
actionpack (7.0.3) lib/action_dispatch/middleware/show_exceptions.rb:26:in `call'
railties (7.0.3) lib/rails/rack/logger.rb:40:in `call_app'
railties (7.0.3) lib/rails/rack/logger.rb:25:in `block in call'
activesupport (7.0.3) lib/active_support/tagged_logging.rb:114:in `block in tagged'
activesupport (7.0.3) lib/active_support/tagged_logging.rb:38:in `tagged'
activesupport (7.0.3) lib/active_support/tagged_logging.rb:114:in `tagged'
railties (7.0.3) lib/rails/rack/logger.rb:25:in `call'
sprockets-rails (3.4.2) lib/sprockets/rails/quiet_assets.rb:13:in `call'
actionpack (7.0.3) lib/action_dispatch/middleware/remote_ip.rb:93:in `call'
actionpack (7.0.3) lib/action_dispatch/middleware/request_id.rb:26:in `call'
rack (2.2.3.1) lib/rack/method_override.rb:24:in `call'
rack (2.2.3.1) lib/rack/runtime.rb:22:in `call'
activesupport (7.0.3) lib/active_support/cache/strategy/local_cache_middleware.rb:29:in `call'
actionpack (7.0.3) lib/action_dispatch/middleware/server_timing.rb:20:in `call'
actionpack (7.0.3) lib/action_dispatch/middleware/executor.rb:14:in `call'
actionpack (7.0.3) lib/action_dispatch/middleware/static.rb:23:in `call'
rack (2.2.3.1) lib/rack/sendfile.rb:110:in `call'
actionpack (7.0.3) lib/action_dispatch/middleware/host_authorization.rb:137:in `call'
railties (7.0.3) lib/rails/engine.rb:530:in `call'
puma (5.6.4) lib/puma/configuration.rb:252:in `call'
puma (5.6.4) lib/puma/request.rb:77:in `block in handle_request'
puma (5.6.4) lib/puma/thread_pool.rb:340:in `with_force_shutdown'
puma (5.6.4) lib/puma/request.rb:76:in `handle_request'
puma (5.6.4) lib/puma/server.rb:441:in `process_client'
puma (5.6.4) lib/puma/thread_pool.rb:147:in `block in spawn_thread'
Started GET "/authors" for ::1 at 2022-06-26 14:24:11 +0300
  [1m[35m (1.5ms)[0m  [1m[34mSELECT sqlite_version(*)[0m
  [1m[36mActiveRecord::SchemaMigration Pluck (0.1ms)[0m  [1m[34mSELECT "schema_migrations"."version" FROM "schema_migrations" ORDER BY "schema_migrations"."version" ASC[0m
  [1m[36mCACHE ActiveRecord::SchemaMigration Pluck (0.0ms)[0m  [1m[34mSELECT "schema_migrations"."version" FROM "schema_migrations" ORDER BY "schema_migrations"."version" ASC[0m
  
ActiveRecord::PendingMigrationError (

Migrations are pending. To resolve this issue, run:

        bin/rails db:migrate RAILS_ENV=development

You have 1 pending migration:

20220626111639_create_autors.rb


):
  
activerecord (7.0.3) lib/active_record/migration.rb:627:in `check_pending!'
activerecord (7.0.3) lib/active_record/migration.rb:592:in `block (2 levels) in call'
activesupport (7.0.3) lib/active_support/file_update_checker.rb:83:in `execute'
activerecord (7.0.3) lib/active_record/migration.rb:597:in `block in call'
activerecord (7.0.3) lib/active_record/migration.rb:589:in `synchronize'
activerecord (7.0.3) lib/active_record/migration.rb:589:in `call'
actionpack (7.0.3) lib/action_dispatch/middleware/callbacks.rb:27:in `block in call'
activesupport (7.0.3) lib/active_support/callbacks.rb:99:in `run_callbacks'
actionpack (7.0.3) lib/action_dispatch/middleware/callbacks.rb:26:in `call'
actionpack (7.0.3) lib/action_dispatch/middleware/executor.rb:14:in `call'
actionpack (7.0.3) lib/action_dispatch/middleware/actionable_exceptions.rb:17:in `call'
actionpack (7.0.3) lib/action_dispatch/middleware/debug_exceptions.rb:28:in `call'
web-console (4.2.0) lib/web_console/middleware.rb:132:in `call_app'
web-console (4.2.0) lib/web_console/middleware.rb:28:in `block in call'
web-console (4.2.0) lib/web_console/middleware.rb:17:in `catch'
web-console (4.2.0) lib/web_console/middleware.rb:17:in `call'
actionpack (7.0.3) lib/action_dispatch/middleware/show_exceptions.rb:26:in `call'
railties (7.0.3) lib/rails/rack/logger.rb:40:in `call_app'
railties (7.0.3) lib/rails/rack/logger.rb:25:in `block in call'
activesupport (7.0.3) lib/active_support/tagged_logging.rb:114:in `block in tagged'
activesupport (7.0.3) lib/active_support/tagged_logging.rb:38:in `tagged'
activesupport (7.0.3) lib/active_support/tagged_logging.rb:114:in `tagged'
railties (7.0.3) lib/rails/rack/logger.rb:25:in `call'
sprockets-rails (3.4.2) lib/sprockets/rails/quiet_assets.rb:13:in `call'
actionpack (7.0.3) lib/action_dispatch/middleware/remote_ip.rb:93:in `call'
actionpack (7.0.3) lib/action_dispatch/middleware/request_id.rb:26:in `call'
rack (2.2.3.1) lib/rack/method_override.rb:24:in `call'
rack (2.2.3.1) lib/rack/runtime.rb:22:in `call'
activesupport (7.0.3) lib/active_support/cache/strategy/local_cache_middleware.rb:29:in `call'
actionpack (7.0.3) lib/action_dispatch/middleware/server_timing.rb:20:in `call'
actionpack (7.0.3) lib/action_dispatch/middleware/executor.rb:14:in `call'
actionpack (7.0.3) lib/action_dispatch/middleware/static.rb:23:in `call'
rack (2.2.3.1) lib/rack/sendfile.rb:110:in `call'
actionpack (7.0.3) lib/action_dispatch/middleware/host_authorization.rb:137:in `call'
railties (7.0.3) lib/rails/engine.rb:530:in `call'
puma (5.6.4) lib/puma/configuration.rb:252:in `call'
puma (5.6.4) lib/puma/request.rb:77:in `block in handle_request'
puma (5.6.4) lib/puma/thread_pool.rb:340:in `with_force_shutdown'
puma (5.6.4) lib/puma/request.rb:76:in `handle_request'
puma (5.6.4) lib/puma/server.rb:441:in `process_client'
puma (5.6.4) lib/puma/thread_pool.rb:147:in `block in spawn_thread'
  [1m[35m (0.5ms)[0m  [1m[34mSELECT sqlite_version(*)[0m
  [1m[36mActiveRecord::SchemaMigration Pluck (0.1ms)[0m  [1m[34mSELECT "schema_migrations"."version" FROM "schema_migrations" ORDER BY "schema_migrations"."version" ASC[0m
Migrating to CreateAutors (20220626111639)
  [1m[36mTRANSACTION (0.1ms)[0m  [1m[36mbegin transaction[0m
  [1m[35m (0.4ms)[0m  [1m[35mCREATE TABLE "autors" ("id" integer PRIMARY KEY AUTOINCREMENT NOT NULL, "name" varchar, "city" varchar, "age" integer, "created_at" datetime(6) NOT NULL, "updated_at" datetime(6) NOT NULL)[0m
  [1m[36mActiveRecord::SchemaMigration Create (0.2ms)[0m  [1m[32mINSERT INTO "schema_migrations" ("version") VALUES (?)[0m  [["version", "20220626111639"]]
  [1m[36mTRANSACTION (0.9ms)[0m  [1m[36mcommit transaction[0m
  [1m[36mActiveRecord::InternalMetadata Load (0.2ms)[0m  [1m[34mSELECT "ar_internal_metadata".* FROM "ar_internal_metadata" WHERE "ar_internal_metadata"."key" = ? LIMIT ?[0m  [["key", "environment"], ["LIMIT", 1]]
  [1m[36mTRANSACTION (0.0ms)[0m  [1m[36mbegin transaction[0m
  [1m[36mActiveRecord::InternalMetadata Create (0.3ms)[0m  [1m[32mINSERT INTO "ar_internal_metadata" ("key", "value", "created_at", "updated_at") VALUES (?, ?, ?, ?)[0m  [["key", "environment"], ["value", "development"], ["created_at", "2022-06-26 11:25:02.639933"], ["updated_at", "2022-06-26 11:25:02.639933"]]
  [1m[36mTRANSACTION (0.7ms)[0m  [1m[36mcommit transaction[0m
  [1m[35m (0.0ms)[0m  [1m[34mSELECT sqlite_version(*)[0m
  [1m[36mActiveRecord::SchemaMigration Pluck (0.1ms)[0m  [1m[34mSELECT "schema_migrations"."version" FROM "schema_migrations" ORDER BY "schema_migrations"."version" ASC[0m
Started GET "/autors" for ::1 at 2022-06-26 14:27:41 +0300
  [1m[35m (0.7ms)[0m  [1m[34mSELECT sqlite_version(*)[0m
  [1m[36mActiveRecord::SchemaMigration Pluck (0.2ms)[0m  [1m[34mSELECT "schema_migrations"."version" FROM "schema_migrations" ORDER BY "schema_migrations"."version" ASC[0m
Processing by AutorsController#index as HTML
  Rendering layout layouts/application.html.erb
  Rendering autors/index.html.erb within layouts/application
  [1m[36mAutor Load (0.2ms)[0m  [1m[34mSELECT "autors".* FROM "autors"[0m
  ↳ app/views/autors/index.html.erb:6
  Rendered autors/index.html.erb within layouts/application (Duration: 5.8ms | Allocations: 1664)
  Rendered layout layouts/application.html.erb (Duration: 222.8ms | Allocations: 92255)
Completed 200 OK in 239ms (Views: 226.0ms | ActiveRecord: 0.2ms | Allocations: 96807)


Started GET "/autors/new" for ::1 at 2022-06-26 14:27:49 +0300
Processing by AutorsController#new as HTML
  Rendering layout layouts/application.html.erb
  Rendering autors/new.html.erb within layouts/application
  Rendered autors/_form.html.erb (Duration: 18.4ms | Allocations: 5295)
  Rendered autors/new.html.erb within layouts/application (Duration: 19.7ms | Allocations: 5678)
  Rendered layout layouts/application.html.erb (Duration: 23.2ms | Allocations: 8005)
Completed 200 OK in 30ms (Views: 23.8ms | ActiveRecord: 0.6ms | Allocations: 12478)


Started POST "/autors" for ::1 at 2022-06-26 14:28:16 +0300
Processing by AutorsController#create as TURBO_STREAM
  Parameters: {"authenticity_token"=>"[FILTERED]", "autor"=>{"name"=>"Olga", "city"=>"Dnepr", "age"=>"28"}, "commit"=>"Create Autor"}
  [1m[36mTRANSACTION (0.6ms)[0m  [1m[36mbegin transaction[0m
  ↳ app/controllers/autors_controller.rb:27:in `block in create'
  [1m[36mAutor Create (0.4ms)[0m  [1m[32mINSERT INTO "autors" ("name", "city", "age", "created_at", "updated_at") VALUES (?, ?, ?, ?, ?)[0m  [["name", "Olga"], ["city", "Dnepr"], ["age", 28], ["created_at", "2022-06-26 11:28:16.623907"], ["updated_at", "2022-06-26 11:28:16.623907"]]
  ↳ app/controllers/autors_controller.rb:27:in `block in create'
  [1m[36mTRANSACTION (0.8ms)[0m  [1m[36mcommit transaction[0m
  ↳ app/controllers/autors_controller.rb:27:in `block in create'
Redirected to http://localhost:3000/autors/1
Completed 302 Found in 6ms (ActiveRecord: 1.7ms | Allocations: 3782)


Started GET "/autors/1" for ::1 at 2022-06-26 14:28:16 +0300
Processing by AutorsController#show as TURBO_STREAM
  Parameters: {"id"=>"1"}
  [1m[36mAutor Load (0.2ms)[0m  [1m[34mSELECT "autors".* FROM "autors" WHERE "autors"."id" = ? LIMIT ?[0m  [["id", 1], ["LIMIT", 1]]
  ↳ app/controllers/autors_controller.rb:63:in `set_autor'
  Rendering layout layouts/application.html.erb
  Rendering autors/show.html.erb within layouts/application
  Rendered autors/_autor.html.erb (Duration: 1.0ms | Allocations: 262)
  Rendered autors/show.html.erb within layouts/application (Duration: 5.5ms | Allocations: 1694)
  Rendered layout layouts/application.html.erb (Duration: 9.0ms | Allocations: 4005)
Completed 200 OK in 13ms (Views: 9.4ms | ActiveRecord: 0.2ms | Allocations: 6812)


Started GET "/autors" for ::1 at 2022-06-26 14:28:24 +0300
Processing by AutorsController#index as HTML
  Rendering layout layouts/application.html.erb
  Rendering autors/index.html.erb within layouts/application
  [1m[36mAutor Load (0.2ms)[0m  [1m[34mSELECT "autors".* FROM "autors"[0m
  ↳ app/views/autors/index.html.erb:6
  Rendered autors/_autor.html.erb (Duration: 0.1ms | Allocations: 28)
  Rendered autors/index.html.erb within layouts/application (Duration: 2.3ms | Allocations: 1092)
  Rendered layout layouts/application.html.erb (Duration: 5.4ms | Allocations: 3300)
Completed 200 OK in 7ms (Views: 5.7ms | ActiveRecord: 0.2ms | Allocations: 3626)


Started GET "/autors/new" for ::1 at 2022-06-26 14:28:26 +0300
Processing by AutorsController#new as HTML
  Rendering layout layouts/application.html.erb
  Rendering autors/new.html.erb within layouts/application
  Rendered autors/_form.html.erb (Duration: 2.0ms | Allocations: 1333)
  Rendered autors/new.html.erb within layouts/application (Duration: 2.3ms | Allocations: 1442)
  Rendered layout layouts/application.html.erb (Duration: 4.9ms | Allocations: 3648)
Completed 200 OK in 6ms (Views: 5.4ms | ActiveRecord: 0.0ms | Allocations: 3946)


Started POST "/autors" for ::1 at 2022-06-26 14:28:51 +0300
Processing by AutorsController#create as TURBO_STREAM
  Parameters: {"authenticity_token"=>"[FILTERED]", "autor"=>{"name"=>"Nikolas", "city"=>"Pokrov", "age"=>"34"}, "commit"=>"Create Autor"}
  [1m[36mTRANSACTION (0.1ms)[0m  [1m[36mbegin transaction[0m
  ↳ app/controllers/autors_controller.rb:27:in `block in create'
  [1m[36mAutor Create (0.3ms)[0m  [1m[32mINSERT INTO "autors" ("name", "city", "age", "created_at", "updated_at") VALUES (?, ?, ?, ?, ?)[0m  [["name", "Nikolas"], ["city", "Pokrov"], ["age", 34], ["created_at", "2022-06-26 11:28:51.634946"], ["updated_at", "2022-06-26 11:28:51.634946"]]
  ↳ app/controllers/autors_controller.rb:27:in `block in create'
  [1m[36mTRANSACTION (0.8ms)[0m  [1m[36mcommit transaction[0m
  ↳ app/controllers/autors_controller.rb:27:in `block in create'
Redirected to http://localhost:3000/autors/2
Completed 302 Found in 5ms (ActiveRecord: 1.2ms | Allocations: 2391)


Started GET "/autors/2" for ::1 at 2022-06-26 14:28:51 +0300
Processing by AutorsController#show as TURBO_STREAM
  Parameters: {"id"=>"2"}
  [1m[36mAutor Load (0.1ms)[0m  [1m[34mSELECT "autors".* FROM "autors" WHERE "autors"."id" = ? LIMIT ?[0m  [["id", 2], ["LIMIT", 1]]
  ↳ app/controllers/autors_controller.rb:63:in `set_autor'
  Rendering layout layouts/application.html.erb
  Rendering autors/show.html.erb within layouts/application
  Rendered autors/_autor.html.erb (Duration: 0.1ms | Allocations: 28)
  Rendered autors/show.html.erb within layouts/application (Duration: 2.3ms | Allocations: 651)
  Rendered layout layouts/application.html.erb (Duration: 10.7ms | Allocations: 2848)
Completed 200 OK in 14ms (Views: 11.1ms | ActiveRecord: 0.1ms | Allocations: 3619)


Started GET "/autors" for ::1 at 2022-06-26 14:28:53 +0300
Processing by AutorsController#index as HTML
  Rendering layout layouts/application.html.erb
  Rendering autors/index.html.erb within layouts/application
  [1m[36mAutor Load (0.1ms)[0m  [1m[34mSELECT "autors".* FROM "autors"[0m
  ↳ app/views/autors/index.html.erb:6
  Rendered autors/_autor.html.erb (Duration: 0.1ms | Allocations: 28)
  Rendered autors/_autor.html.erb (Duration: 0.0ms | Allocations: 27)
  Rendered autors/index.html.erb within layouts/application (Duration: 6.1ms | Allocations: 1118)
  Rendered layout layouts/application.html.erb (Duration: 17.8ms | Allocations: 3323)
Completed 200 OK in 19ms (Views: 18.1ms | ActiveRecord: 0.1ms | Allocations: 3604)


Started GET "/autors/new" for ::1 at 2022-06-26 14:28:55 +0300
Processing by AutorsController#new as HTML
  Rendering layout layouts/application.html.erb
  Rendering autors/new.html.erb within layouts/application
  Rendered autors/_form.html.erb (Duration: 8.9ms | Allocations: 1276)
  Rendered autors/new.html.erb within layouts/application (Duration: 9.2ms | Allocations: 1384)
  Rendered layout layouts/application.html.erb (Duration: 20.4ms | Allocations: 3589)
Completed 200 OK in 25ms (Views: 24.4ms | ActiveRecord: 0.0ms | Allocations: 3873)


Started POST "/autors" for ::1 at 2022-06-26 14:29:14 +0300
Processing by AutorsController#create as TURBO_STREAM
  Parameters: {"authenticity_token"=>"[FILTERED]", "autor"=>{"name"=>"Yana", "city"=>"Podgar", "age"=>"17"}, "commit"=>"Create Autor"}
  [1m[36mTRANSACTION (0.1ms)[0m  [1m[36mbegin transaction[0m
  ↳ app/controllers/autors_controller.rb:27:in `block in create'
  [1m[36mAutor Create (0.4ms)[0m  [1m[32mINSERT INTO "autors" ("name", "city", "age", "created_at", "updated_at") VALUES (?, ?, ?, ?, ?)[0m  [["name", "Yana"], ["city", "Podgar"], ["age", 17], ["created_at", "2022-06-26 11:29:14.635085"], ["updated_at", "2022-06-26 11:29:14.635085"]]
  ↳ app/controllers/autors_controller.rb:27:in `block in create'
  [1m[36mTRANSACTION (0.8ms)[0m  [1m[36mcommit transaction[0m
  ↳ app/controllers/autors_controller.rb:27:in `block in create'
Redirected to http://localhost:3000/autors/3
Completed 302 Found in 5ms (ActiveRecord: 1.3ms | Allocations: 2265)


Started GET "/autors/3" for ::1 at 2022-06-26 14:29:14 +0300
Processing by AutorsController#show as TURBO_STREAM
  Parameters: {"id"=>"3"}
  [1m[36mAutor Load (0.1ms)[0m  [1m[34mSELECT "autors".* FROM "autors" WHERE "autors"."id" = ? LIMIT ?[0m  [["id", 3], ["LIMIT", 1]]
  ↳ app/controllers/autors_controller.rb:63:in `set_autor'
  Rendering layout layouts/application.html.erb
  Rendering autors/show.html.erb within layouts/application
  Rendered autors/_autor.html.erb (Duration: 0.1ms | Allocations: 28)
  Rendered autors/show.html.erb within layouts/application (Duration: 0.8ms | Allocations: 677)
  Rendered layout layouts/application.html.erb (Duration: 3.4ms | Allocations: 2878)
Completed 200 OK in 6ms (Views: 3.8ms | ActiveRecord: 0.1ms | Allocations: 3640)


Started GET "/autors" for ::1 at 2022-06-26 14:29:16 +0300
Processing by AutorsController#index as HTML
  Rendering layout layouts/application.html.erb
  Rendering autors/index.html.erb within layouts/application
  [1m[36mAutor Load (0.1ms)[0m  [1m[34mSELECT "autors".* FROM "autors"[0m
  ↳ app/views/autors/index.html.erb:6
  Rendered autors/_autor.html.erb (Duration: 0.1ms | Allocations: 28)
  Rendered autors/_autor.html.erb (Duration: 0.1ms | Allocations: 27)
  Rendered autors/_autor.html.erb (Duration: 0.1ms | Allocations: 27)
  Rendered autors/index.html.erb within layouts/application (Duration: 2.6ms | Allocations: 1285)
  Rendered layout layouts/application.html.erb (Duration: 6.1ms | Allocations: 3490)
Completed 200 OK in 8ms (Views: 6.6ms | ActiveRecord: 0.1ms | Allocations: 3771)


  [1m[35m (0.5ms)[0m  [1m[34mSELECT sqlite_version(*)[0m
  [1m[36mActiveRecord::SchemaMigration Pluck (0.1ms)[0m  [1m[34mSELECT "schema_migrations"."version" FROM "schema_migrations" ORDER BY "schema_migrations"."version" ASC[0m
Migrating to CreatePosts (20220626113205)
  [1m[36mTRANSACTION (0.0ms)[0m  [1m[36mbegin transaction[0m
  [1m[35m (0.4ms)[0m  [1m[35mCREATE TABLE "posts" ("id" integer PRIMARY KEY AUTOINCREMENT NOT NULL, "body" text, "author_id" integer NOT NULL, "created_at" datetime(6) NOT NULL, "updated_at" datetime(6) NOT NULL, CONSTRAINT "fk_rails_04d13ef8c7"
FOREIGN KEY ("author_id")
  REFERENCES "authors" ("id")
)[0m
  [1m[35m (0.1ms)[0m  [1m[35mCREATE INDEX "index_posts_on_author_id" ON "posts" ("author_id")[0m
  [1m[36mActiveRecord::SchemaMigration Create (0.1ms)[0m  [1m[32mINSERT INTO "schema_migrations" ("version") VALUES (?)[0m  [["version", "20220626113205"]]
  [1m[36mTRANSACTION (0.8ms)[0m  [1m[36mcommit transaction[0m
  [1m[36mActiveRecord::InternalMetadata Load (0.2ms)[0m  [1m[34mSELECT "ar_internal_metadata".* FROM "ar_internal_metadata" WHERE "ar_internal_metadata"."key" = ? LIMIT ?[0m  [["key", "environment"], ["LIMIT", 1]]
  [1m[35m (0.0ms)[0m  [1m[34mSELECT sqlite_version(*)[0m
  [1m[36mActiveRecord::SchemaMigration Pluck (0.1ms)[0m  [1m[34mSELECT "schema_migrations"."version" FROM "schema_migrations" ORDER BY "schema_migrations"."version" ASC[0m
Started GET "/autors" for ::1 at 2022-06-26 14:33:47 +0300
  [1m[35m (1.5ms)[0m  [1m[34mSELECT sqlite_version(*)[0m
  [1m[36mActiveRecord::SchemaMigration Pluck (0.4ms)[0m  [1m[34mSELECT "schema_migrations"."version" FROM "schema_migrations" ORDER BY "schema_migrations"."version" ASC[0m
Processing by AutorsController#index as HTML
  Rendering layout layouts/application.html.erb
  Rendering autors/index.html.erb within layouts/application
  [1m[36mAutor Load (0.4ms)[0m  [1m[34mSELECT "autors".* FROM "autors"[0m
  ↳ app/views/autors/index.html.erb:6
  Rendered autors/_autor.html.erb (Duration: 0.7ms | Allocations: 291)
  Rendered autors/_autor.html.erb (Duration: 0.0ms | Allocations: 27)
  Rendered autors/_autor.html.erb (Duration: 0.1ms | Allocations: 27)
  Rendered autors/index.html.erb within layouts/application (Duration: 14.2ms | Allocations: 6878)
  Rendered layout layouts/application.html.erb (Duration: 88.4ms | Allocations: 41649)
Completed 200 OK in 101ms (Views: 91.7ms | ActiveRecord: 0.9ms | Allocations: 45748)


Started GET "/posts" for ::1 at 2022-06-26 14:34:01 +0300
Processing by PostsController#index as HTML
  Rendering layout layouts/application.html.erb
  Rendering posts/index.html.erb within layouts/application
  [1m[36mPost Load (0.4ms)[0m  [1m[34mSELECT "posts".* FROM "posts"[0m
  ↳ app/views/posts/index.html.erb:6
  Rendered posts/index.html.erb within layouts/application (Duration: 2.7ms | Allocations: 1340)
  Rendered layout layouts/application.html.erb (Duration: 7.1ms | Allocations: 3760)
Completed 200 OK in 17ms (Views: 8.2ms | ActiveRecord: 0.4ms | Allocations: 6033)


Started GET "/posts/new" for ::1 at 2022-06-26 14:34:05 +0300
Processing by PostsController#new as HTML
  Rendering layout layouts/application.html.erb
  Rendering posts/new.html.erb within layouts/application
  Rendered posts/_form.html.erb (Duration: 12.2ms | Allocations: 3334)
  Rendered posts/new.html.erb within layouts/application (Duration: 13.2ms | Allocations: 3677)
  Rendered layout layouts/application.html.erb (Duration: 15.8ms | Allocations: 5996)
Completed 200 OK in 20ms (Views: 16.2ms | ActiveRecord: 0.4ms | Allocations: 8400)


Started GET "/posts" for ::1 at 2022-06-26 14:42:49 +0300
  [1m[35m (1.8ms)[0m  [1m[34mSELECT sqlite_version(*)[0m
  [1m[36mActiveRecord::SchemaMigration Pluck (0.3ms)[0m  [1m[34mSELECT "schema_migrations"."version" FROM "schema_migrations" ORDER BY "schema_migrations"."version" ASC[0m
Processing by PostsController#index as HTML
  Rendering layout layouts/application.html.erb
  Rendering posts/index.html.erb within layouts/application
  [1m[36mPost Load (0.5ms)[0m  [1m[34mSELECT "posts".* FROM "posts"[0m
  ↳ app/views/posts/index.html.erb:6
  Rendered posts/index.html.erb within layouts/application (Duration: 5.5ms | Allocations: 1785)
  Rendered layout layouts/application.html.erb (Duration: 59.5ms | Allocations: 36582)
Completed 200 OK in 76ms (Views: 63.4ms | ActiveRecord: 0.5ms | Allocations: 41727)


Started GET "/posts/new" for ::1 at 2022-06-26 14:43:00 +0300
Processing by PostsController#new as HTML
  Rendering layout layouts/application.html.erb
  Rendering posts/new.html.erb within layouts/application
  [1m[36mAutor Load (0.4ms)[0m  [1m[34mSELECT "autors".* FROM "autors"[0m
  ↳ app/views/posts/_form.html.erb:20:in `map'
  Rendered posts/_form.html.erb (Duration: 16.3ms | Allocations: 7238)
  Rendered posts/new.html.erb within layouts/application (Duration: 17.3ms | Allocations: 7616)
  Rendered layout layouts/application.html.erb (Duration: 20.8ms | Allocations: 9940)
Completed 200 OK in 27ms (Views: 20.5ms | ActiveRecord: 1.3ms | Allocations: 13560)


Started GET "/posts/new" for ::1 at 2022-06-26 14:44:57 +0300
Processing by PostsController#new as HTML
  Rendering layout layouts/application.html.erb
  Rendering posts/new.html.erb within layouts/application
  [1m[36mAutor Load (0.2ms)[0m  [1m[34mSELECT "autors".* FROM "autors"[0m
  ↳ app/views/posts/_form.html.erb:20:in `map'
  Rendered posts/_form.html.erb (Duration: 3.7ms | Allocations: 2220)
  Rendered posts/new.html.erb within layouts/application (Duration: 4.8ms | Allocations: 2573)
  Rendered layout layouts/application.html.erb (Duration: 8.1ms | Allocations: 5152)
Completed 200 OK in 11ms (Views: 9.8ms | ActiveRecord: 0.2ms | Allocations: 6035)


Started POST "/posts" for ::1 at 2022-06-26 14:45:36 +0300
Processing by PostsController#create as TURBO_STREAM
  Parameters: {"authenticity_token"=>"[FILTERED]", "post"=>{"body"=>"пост 1", "autor_id"=>"1"}, "commit"=>"Создать сообщение"}
[31mUnpermitted parameter: :autor_id. Context: { controller: PostsController, action: create, request: #<ActionDispatch::Request:0x000000010724ef20>, params: {"authenticity_token"=>"[FILTERED]", "post"=>{"body"=>"пост 1", "autor_id"=>"1"}, "commit"=>"Создать сообщение", "controller"=>"posts", "action"=>"create"} }[0m
Completed 500 Internal Server Error in 16ms (ActiveRecord: 0.0ms | Allocations: 9285)


  
NameError (Rails couldn't find a valid model for Author association. Please provide the :class_name option on the association declaration. If :class_name is already provided, make sure it's an ActiveRecord::Base subclass.

          raise NameError, msg
          ^^^^^):
  
app/controllers/posts_controller.rb:27:in `block in create'
app/controllers/posts_controller.rb:26:in `create'
Started GET "/posts" for ::1 at 2022-06-26 14:45:50 +0300
Processing by PostsController#index as HTML
  Rendering layout layouts/application.html.erb
  Rendering posts/index.html.erb within layouts/application
  [1m[36mPost Load (0.1ms)[0m  [1m[34mSELECT "posts".* FROM "posts"[0m
  ↳ app/views/posts/index.html.erb:6
  Rendered posts/index.html.erb within layouts/application (Duration: 2.0ms | Allocations: 1170)
  Rendered layout layouts/application.html.erb (Duration: 6.2ms | Allocations: 3500)
Completed 200 OK in 8ms (Views: 6.6ms | ActiveRecord: 0.1ms | Allocations: 3914)


Started GET "/posts" for ::1 at 2022-06-26 14:45:50 +0300
Processing by PostsController#index as HTML
  Rendering layout layouts/application.html.erb
  Rendering posts/index.html.erb within layouts/application
  [1m[36mPost Load (0.1ms)[0m  [1m[34mSELECT "posts".* FROM "posts"[0m
  ↳ app/views/posts/index.html.erb:6
  Rendered posts/index.html.erb within layouts/application (Duration: 1.1ms | Allocations: 808)
  Rendered layout layouts/application.html.erb (Duration: 4.2ms | Allocations: 3013)
Completed 200 OK in 5ms (Views: 4.5ms | ActiveRecord: 0.1ms | Allocations: 3291)


Started GET "/posts/new" for ::1 at 2022-06-26 14:45:51 +0300
Processing by PostsController#new as HTML
  Rendering layout layouts/application.html.erb
  Rendering posts/new.html.erb within layouts/application
  [1m[36mAutor Load (0.1ms)[0m  [1m[34mSELECT "autors".* FROM "autors"[0m
  ↳ app/views/posts/_form.html.erb:20:in `map'
  Rendered posts/_form.html.erb (Duration: 2.4ms | Allocations: 1686)
  Rendered posts/new.html.erb within layouts/application (Duration: 2.6ms | Allocations: 1794)
  Rendered layout layouts/application.html.erb (Duration: 5.2ms | Allocations: 4000)
Completed 200 OK in 6ms (Views: 5.5ms | ActiveRecord: 0.1ms | Allocations: 4297)


Started POST "/posts" for ::1 at 2022-06-26 14:46:10 +0300
Processing by PostsController#create as TURBO_STREAM
  Parameters: {"authenticity_token"=>"[FILTERED]", "post"=>{"body"=>"post 1", "autor_id"=>"1"}, "commit"=>"Create Post"}
[31mUnpermitted parameter: :autor_id. Context: { controller: PostsController, action: create, request: #<ActionDispatch::Request:0x0000000105cf6e20>, params: {"authenticity_token"=>"[FILTERED]", "post"=>{"body"=>"post 1", "autor_id"=>"1"}, "commit"=>"Create Post", "controller"=>"posts", "action"=>"create"} }[0m
Completed 500 Internal Server Error in 5ms (ActiveRecord: 0.0ms | Allocations: 5797)


  
NameError (Rails couldn't find a valid model for Author association. Please provide the :class_name option on the association declaration. If :class_name is already provided, make sure it's an ActiveRecord::Base subclass.

          raise NameError, msg
          ^^^^^):
  
app/controllers/posts_controller.rb:27:in `block in create'
app/controllers/posts_controller.rb:26:in `create'
Started GET "/posts" for ::1 at 2022-06-26 14:46:27 +0300
Processing by PostsController#index as HTML
  Rendering layout layouts/application.html.erb
  Rendering posts/index.html.erb within layouts/application
  [1m[36mPost Load (0.1ms)[0m  [1m[34mSELECT "posts".* FROM "posts"[0m
  ↳ app/views/posts/index.html.erb:6
  Rendered posts/index.html.erb within layouts/application (Duration: 1.3ms | Allocations: 816)
  Rendered layout layouts/application.html.erb (Duration: 5.7ms | Allocations: 3036)
Completed 200 OK in 7ms (Views: 6.0ms | ActiveRecord: 0.1ms | Allocations: 3318)


Started GET "/posts" for ::1 at 2022-06-26 14:46:28 +0300
Processing by PostsController#index as HTML
  Rendering layout layouts/application.html.erb
  Rendering posts/index.html.erb within layouts/application
  [1m[36mPost Load (0.1ms)[0m  [1m[34mSELECT "posts".* FROM "posts"[0m
  ↳ app/views/posts/index.html.erb:6
  Rendered posts/index.html.erb within layouts/application (Duration: 1.1ms | Allocations: 796)
  Rendered layout layouts/application.html.erb (Duration: 4.1ms | Allocations: 3001)
Completed 200 OK in 5ms (Views: 4.4ms | ActiveRecord: 0.1ms | Allocations: 3279)


Started GET "/posts/new" for ::1 at 2022-06-26 14:46:53 +0300
Processing by PostsController#new as HTML
  Rendering layout layouts/application.html.erb
  Rendering posts/new.html.erb within layouts/application
  [1m[36mAutor Load (0.1ms)[0m  [1m[34mSELECT "autors".* FROM "autors"[0m
  ↳ app/views/posts/_form.html.erb:20:in `map'
  Rendered posts/_form.html.erb (Duration: 2.8ms | Allocations: 1574)
  Rendered posts/new.html.erb within layouts/application (Duration: 3.0ms | Allocations: 1682)
  Rendered layout layouts/application.html.erb (Duration: 6.9ms | Allocations: 3887)
Completed 200 OK in 8ms (Views: 7.2ms | ActiveRecord: 0.1ms | Allocations: 4170)


Started POST "/posts" for ::1 at 2022-06-26 14:47:15 +0300
Processing by PostsController#create as TURBO_STREAM
  Parameters: {"authenticity_token"=>"[FILTERED]", "post"=>{"body"=>"post1\n", "autor_id"=>"1"}, "commit"=>"Create Post"}
[31mUnpermitted parameter: :autor_id. Context: { controller: PostsController, action: create, request: #<ActionDispatch::Request:0x0000000106ebda28>, params: {"authenticity_token"=>"[FILTERED]", "post"=>{"body"=>"post1\n", "autor_id"=>"1"}, "commit"=>"Create Post", "controller"=>"posts", "action"=>"create"} }[0m
Completed 500 Internal Server Error in 6ms (ActiveRecord: 0.0ms | Allocations: 5743)


  
NameError (Rails couldn't find a valid model for Author association. Please provide the :class_name option on the association declaration. If :class_name is already provided, make sure it's an ActiveRecord::Base subclass.

          raise NameError, msg
          ^^^^^):
  
app/controllers/posts_controller.rb:27:in `block in create'
app/controllers/posts_controller.rb:26:in `create'
  [1m[35m (1.0ms)[0m  [1m[34mSELECT sqlite_version(*)[0m
  [1m[36mActiveRecord::SchemaMigration Pluck (0.6ms)[0m  [1m[34mSELECT "schema_migrations"."version" FROM "schema_migrations" ORDER BY "schema_migrations"."version" ASC[0m
Migrating to FixPostReference (20220626115115)
  [1m[36mTRANSACTION (0.1ms)[0m  [1m[36mbegin transaction[0m
  [1m[35m (0.0ms)[0m  [1m[35mPRAGMA foreign_keys[0m
  [1m[35m (0.1ms)[0m  [1m[35mPRAGMA defer_foreign_keys[0m
  [1m[35m (0.1ms)[0m  [1m[35mPRAGMA defer_foreign_keys = ON[0m
  [1m[35m (0.0ms)[0m  [1m[35mPRAGMA foreign_keys = OFF[0m
  [1m[35m (0.2ms)[0m  [1m[35mCREATE TEMPORARY TABLE "aposts" ("id" integer NOT NULL PRIMARY KEY, "body" text DEFAULT NULL, "autor_id" integer NOT NULL, "created_at" datetime(6) NOT NULL, "updated_at" datetime(6) NOT NULL)[0m
  [1m[35m (0.1ms)[0m  [1m[35mCREATE INDEX "tindex_aposts_on_author_id" ON "aposts" ("autor_id")[0m
  [1m[35m (0.4ms)[0m  [1m[32mINSERT INTO "aposts" ("id","body","autor_id","created_at","updated_at")
                     SELECT "id","body","author_id","created_at","updated_at" FROM "posts"[0m
  [1m[35m (0.8ms)[0m  [1m[35mDROP TABLE "posts"[0m
  [1m[35m (0.1ms)[0m  [1m[35mCREATE TABLE "posts" ("id" integer NOT NULL PRIMARY KEY, "body" text DEFAULT NULL, "autor_id" integer NOT NULL, "created_at" datetime(6) NOT NULL, "updated_at" datetime(6) NOT NULL, CONSTRAINT "fk_rails_e0d1ab4869"
FOREIGN KEY ("autor_id")
  REFERENCES "authors" ("id")
)[0m
  [1m[35m (0.1ms)[0m  [1m[35mCREATE INDEX "index_posts_on_author_id" ON "posts" ("autor_id")[0m
  [1m[35m (0.2ms)[0m  [1m[32mINSERT INTO "posts" ("id","body","autor_id","created_at","updated_at")
                     SELECT "id","body","autor_id","created_at","updated_at" FROM "aposts"[0m
  [1m[35m (0.0ms)[0m  [1m[35mPRAGMA defer_foreign_keys = 0[0m
  [1m[35m (0.0ms)[0m  [1m[35mPRAGMA foreign_keys = 1[0m
  [1m[36mTRANSACTION (0.4ms)[0m  [1m[31mrollback transaction[0m
  [1m[35m (0.5ms)[0m  [1m[34mSELECT sqlite_version(*)[0m
  [1m[36mActiveRecord::SchemaMigration Pluck (0.1ms)[0m  [1m[34mSELECT "schema_migrations"."version" FROM "schema_migrations" ORDER BY "schema_migrations"."version" ASC[0m
Migrating to FixPostReference (20220626115115)
  [1m[36mTRANSACTION (0.1ms)[0m  [1m[36mbegin transaction[0m
  [1m[35m (0.0ms)[0m  [1m[35mPRAGMA foreign_keys[0m
  [1m[35m (0.0ms)[0m  [1m[35mPRAGMA defer_foreign_keys[0m
  [1m[35m (0.0ms)[0m  [1m[35mPRAGMA defer_foreign_keys = ON[0m
  [1m[35m (0.0ms)[0m  [1m[35mPRAGMA foreign_keys = OFF[0m
  [1m[35m (0.2ms)[0m  [1m[35mCREATE TEMPORARY TABLE "aposts" ("id" integer NOT NULL PRIMARY KEY, "body" text DEFAULT NULL, "author_id" integer NOT NULL, "created_at" datetime(6) NOT NULL, "updated_at" datetime(6) NOT NULL)[0m
  [1m[35m (0.2ms)[0m  [1m[35mCREATE INDEX "tindex_aposts_on_author_id" ON "aposts" ("author_id")[0m
  [1m[35m (0.1ms)[0m  [1m[32mINSERT INTO "aposts" ("id","body","author_id","created_at","updated_at")
                     SELECT "id","body","author_id","created_at","updated_at" FROM "posts"[0m
  [1m[35m (0.3ms)[0m  [1m[35mDROP TABLE "posts"[0m
  [1m[35m (0.1ms)[0m  [1m[35mCREATE TABLE "posts" ("id" integer NOT NULL PRIMARY KEY, "body" text DEFAULT NULL, "created_at" datetime(6) NOT NULL, "updated_at" datetime(6) NOT NULL)[0m
  [1m[35m (0.0ms)[0m  [1m[32mINSERT INTO "posts" ("id","body","created_at","updated_at")
                     SELECT "id","body","created_at","updated_at" FROM "aposts"[0m
  [1m[35m (0.1ms)[0m  [1m[35mDROP TABLE "aposts"[0m
  [1m[35m (0.0ms)[0m  [1m[35mPRAGMA defer_foreign_keys = 0[0m
  [1m[35m (0.0ms)[0m  [1m[35mPRAGMA foreign_keys = 1[0m
  [1m[35m (0.0ms)[0m  [1m[35mPRAGMA foreign_keys[0m
  [1m[35m (0.0ms)[0m  [1m[35mPRAGMA defer_foreign_keys[0m
  [1m[35m (0.0ms)[0m  [1m[35mPRAGMA defer_foreign_keys = ON[0m
  [1m[35m (0.0ms)[0m  [1m[35mPRAGMA foreign_keys = OFF[0m
  [1m[35m (0.1ms)[0m  [1m[35mCREATE TEMPORARY TABLE "aposts" ("id" integer NOT NULL PRIMARY KEY, "body" text DEFAULT NULL, "created_at" datetime(6) NOT NULL, "updated_at" datetime(6) NOT NULL)[0m
  [1m[35m (0.0ms)[0m  [1m[32mINSERT INTO "aposts" ("id","body","created_at","updated_at")
                     SELECT "id","body","created_at","updated_at" FROM "posts"[0m
  [1m[35m (0.1ms)[0m  [1m[35mDROP TABLE "posts"[0m
  [1m[35m (0.3ms)[0m  [1m[35mCREATE TABLE "posts" ("id" integer NOT NULL PRIMARY KEY, "body" text DEFAULT NULL, "created_at" datetime(6) NOT NULL, "updated_at" datetime(6) NOT NULL, "autor_id" references NOT NULL)[0m
  [1m[35m (0.1ms)[0m  [1m[35mPRAGMA defer_foreign_keys = 0[0m
  [1m[35m (0.1ms)[0m  [1m[35mPRAGMA foreign_keys = 1[0m
  [1m[36mTRANSACTION (0.5ms)[0m  [1m[31mrollback transaction[0m
  [1m[35m (0.5ms)[0m  [1m[34mSELECT sqlite_version(*)[0m
  [1m[36mActiveRecord::SchemaMigration Pluck (0.1ms)[0m  [1m[34mSELECT "schema_migrations"."version" FROM "schema_migrations" ORDER BY "schema_migrations"."version" ASC[0m
Migrating to FixPostReference (20220626115115)
  [1m[36mTRANSACTION (0.1ms)[0m  [1m[36mbegin transaction[0m
  [1m[35m (0.0ms)[0m  [1m[35mPRAGMA foreign_keys[0m
  [1m[35m (0.0ms)[0m  [1m[35mPRAGMA defer_foreign_keys[0m
  [1m[35m (0.0ms)[0m  [1m[35mPRAGMA defer_foreign_keys = ON[0m
  [1m[35m (0.0ms)[0m  [1m[35mPRAGMA foreign_keys = OFF[0m
  [1m[35m (0.2ms)[0m  [1m[35mCREATE TEMPORARY TABLE "aposts" ("id" integer NOT NULL PRIMARY KEY, "body" text DEFAULT NULL, "author_id" integer NOT NULL, "created_at" datetime(6) NOT NULL, "updated_at" datetime(6) NOT NULL)[0m
  [1m[35m (0.2ms)[0m  [1m[35mCREATE INDEX "tindex_aposts_on_author_id" ON "aposts" ("author_id")[0m
  [1m[35m (0.1ms)[0m  [1m[32mINSERT INTO "aposts" ("id","body","author_id","created_at","updated_at")
                     SELECT "id","body","author_id","created_at","updated_at" FROM "posts"[0m
  [1m[35m (0.4ms)[0m  [1m[35mDROP TABLE "posts"[0m
  [1m[35m (0.1ms)[0m  [1m[35mCREATE TABLE "posts" ("id" integer NOT NULL PRIMARY KEY, "body" text DEFAULT NULL, "created_at" datetime(6) NOT NULL, "updated_at" datetime(6) NOT NULL)[0m
  [1m[35m (0.0ms)[0m  [1m[32mINSERT INTO "posts" ("id","body","created_at","updated_at")
                     SELECT "id","body","created_at","updated_at" FROM "aposts"[0m
  [1m[35m (0.1ms)[0m  [1m[35mDROP TABLE "aposts"[0m
  [1m[35m (0.0ms)[0m  [1m[35mPRAGMA defer_foreign_keys = 0[0m
  [1m[35m (0.0ms)[0m  [1m[35mPRAGMA foreign_keys = 1[0m
  [1m[35m (0.0ms)[0m  [1m[35mPRAGMA foreign_keys[0m
  [1m[35m (0.0ms)[0m  [1m[35mPRAGMA defer_foreign_keys[0m
  [1m[35m (0.0ms)[0m  [1m[35mPRAGMA defer_foreign_keys = ON[0m
  [1m[35m (0.0ms)[0m  [1m[35mPRAGMA foreign_keys = OFF[0m
  [1m[35m (0.1ms)[0m  [1m[35mCREATE TEMPORARY TABLE "aposts" ("id" integer NOT NULL PRIMARY KEY, "body" text DEFAULT NULL, "created_at" datetime(6) NOT NULL, "updated_at" datetime(6) NOT NULL)[0m
  [1m[35m (0.0ms)[0m  [1m[32mINSERT INTO "aposts" ("id","body","created_at","updated_at")
                     SELECT "id","body","created_at","updated_at" FROM "posts"[0m
  [1m[35m (0.1ms)[0m  [1m[35mDROP TABLE "posts"[0m
  [1m[35m (0.1ms)[0m  [1m[35mCREATE TABLE "posts" ("id" integer NOT NULL PRIMARY KEY, "body" text DEFAULT NULL, "created_at" datetime(6) NOT NULL, "updated_at" datetime(6) NOT NULL, "autor_id" integer NOT NULL)[0m
  [1m[35m (0.0ms)[0m  [1m[32mINSERT INTO "posts" ("id","body","created_at","updated_at")
                     SELECT "id","body","created_at","updated_at" FROM "aposts"[0m
  [1m[35m (0.1ms)[0m  [1m[35mDROP TABLE "aposts"[0m
  [1m[35m (0.0ms)[0m  [1m[35mPRAGMA defer_foreign_keys = 0[0m
  [1m[35m (0.0ms)[0m  [1m[35mPRAGMA foreign_keys = 1[0m
  [1m[36mActiveRecord::SchemaMigration Create (0.4ms)[0m  [1m[32mINSERT INTO "schema_migrations" ("version") VALUES (?)[0m  [["version", "20220626115115"]]
  [1m[36mTRANSACTION (0.7ms)[0m  [1m[36mcommit transaction[0m
  [1m[36mActiveRecord::InternalMetadata Load (0.8ms)[0m  [1m[34mSELECT "ar_internal_metadata".* FROM "ar_internal_metadata" WHERE "ar_internal_metadata"."key" = ? LIMIT ?[0m  [["key", "environment"], ["LIMIT", 1]]
  [1m[35m (0.1ms)[0m  [1m[34mSELECT sqlite_version(*)[0m
  [1m[36mActiveRecord::SchemaMigration Pluck (0.1ms)[0m  [1m[34mSELECT "schema_migrations"."version" FROM "schema_migrations" ORDER BY "schema_migrations"."version" ASC[0m
Started GET "/posts/new" for ::1 at 2022-06-26 14:56:03 +0300
  [1m[35m (0.6ms)[0m  [1m[34mSELECT sqlite_version(*)[0m
  [1m[36mActiveRecord::SchemaMigration Pluck (0.1ms)[0m  [1m[34mSELECT "schema_migrations"."version" FROM "schema_migrations" ORDER BY "schema_migrations"."version" ASC[0m
Processing by PostsController#new as HTML
  Rendering layout layouts/application.html.erb
  Rendering posts/new.html.erb within layouts/application
  [1m[36mAutor Load (0.2ms)[0m  [1m[34mSELECT "autors".* FROM "autors"[0m
  ↳ app/views/posts/_form.html.erb:20:in `map'
  Rendered posts/_form.html.erb (Duration: 18.5ms | Allocations: 7094)
  Rendered posts/new.html.erb within layouts/application (Duration: 20.6ms | Allocations: 7725)
  Rendered layout layouts/application.html.erb (Duration: 70.8ms | Allocations: 42505)
Completed 200 OK in 95ms (Views: 75.0ms | ActiveRecord: 1.4ms | Allocations: 50771)


Started POST "/posts" for ::1 at 2022-06-26 14:56:07 +0300
Processing by PostsController#create as TURBO_STREAM
  Parameters: {"authenticity_token"=>"[FILTERED]", "post"=>{"body"=>"hgfhgfjhfhgf", "autor_id"=>"1"}, "commit"=>"Создать сообщение"}
[31mUnpermitted parameter: :autor_id. Context: { controller: PostsController, action: create, request: #<ActionDispatch::Request:0x000000011033fa48>, params: {"authenticity_token"=>"[FILTERED]", "post"=>{"body"=>"hgfhgfjhfhgf", "autor_id"=>"1"}, "commit"=>"Создать сообщение", "controller"=>"posts", "action"=>"create"} }[0m
  Rendering layout layouts/application.html.erb
  Rendering posts/new.html.erb within layouts/application
  [1m[36mAutor Load (0.1ms)[0m  [1m[34mSELECT "autors".* FROM "autors"[0m
  ↳ app/views/posts/_form.html.erb:20:in `map'
  Rendered posts/_form.html.erb (Duration: 2.9ms | Allocations: 2064)
  Rendered posts/new.html.erb within layouts/application (Duration: 3.1ms | Allocations: 2180)
  Rendered layout layouts/application.html.erb (Duration: 5.9ms | Allocations: 4484)
Completed 422 Unprocessable Entity in 12ms (Views: 6.2ms | ActiveRecord: 0.1ms | Allocations: 7294)


Started POST "/posts" for ::1 at 2022-06-26 14:56:13 +0300
Processing by PostsController#create as TURBO_STREAM
  Parameters: {"authenticity_token"=>"[FILTERED]", "post"=>{"body"=>"hgfhgfjhfhgf", "autor_id"=>"2"}, "commit"=>"Создать сообщение"}
[31mUnpermitted parameter: :autor_id. Context: { controller: PostsController, action: create, request: #<ActionDispatch::Request:0x00000001103f57a8>, params: {"authenticity_token"=>"[FILTERED]", "post"=>{"body"=>"hgfhgfjhfhgf", "autor_id"=>"2"}, "commit"=>"Создать сообщение", "controller"=>"posts", "action"=>"create"} }[0m
  Rendering layout layouts/application.html.erb
  Rendering posts/new.html.erb within layouts/application
  [1m[36mAutor Load (0.1ms)[0m  [1m[34mSELECT "autors".* FROM "autors"[0m
  ↳ app/views/posts/_form.html.erb:20:in `map'
  Rendered posts/_form.html.erb (Duration: 2.4ms | Allocations: 1761)
  Rendered posts/new.html.erb within layouts/application (Duration: 2.7ms | Allocations: 1869)
  Rendered layout layouts/application.html.erb (Duration: 5.3ms | Allocations: 4067)
Completed 422 Unprocessable Entity in 8ms (Views: 5.6ms | ActiveRecord: 0.1ms | Allocations: 5336)


Started POST "/posts" for ::1 at 2022-06-26 14:56:47 +0300
Processing by PostsController#create as TURBO_STREAM
  Parameters: {"authenticity_token"=>"[FILTERED]", "post"=>{"body"=>"hgfhgfjhfhgf", "autor_id"=>"1"}, "commit"=>"Create Post"}
  [1m[35m (0.1ms)[0m  [1m[34mSELECT sqlite_version(*)[0m
  ↳ app/controllers/posts_controller.rb:24:in `create'
  [1m[36mTRANSACTION (0.1ms)[0m  [1m[36mbegin transaction[0m
  ↳ app/controllers/posts_controller.rb:27:in `block in create'
  [1m[36mAutor Load (0.1ms)[0m  [1m[34mSELECT "autors".* FROM "autors" WHERE "autors"."id" = ? LIMIT ?[0m  [["id", 1], ["LIMIT", 1]]
  ↳ app/controllers/posts_controller.rb:27:in `block in create'
  [1m[36mPost Create (0.3ms)[0m  [1m[32mINSERT INTO "posts" ("body", "created_at", "updated_at", "autor_id") VALUES (?, ?, ?, ?)[0m  [["body", "hgfhgfjhfhgf"], ["created_at", "2022-06-26 11:56:47.678339"], ["updated_at", "2022-06-26 11:56:47.678339"], ["autor_id", 1]]
  ↳ app/controllers/posts_controller.rb:27:in `block in create'
  [1m[36mTRANSACTION (0.8ms)[0m  [1m[36mcommit transaction[0m
  ↳ app/controllers/posts_controller.rb:27:in `block in create'
Redirected to http://localhost:3000/posts/1
Completed 302 Found in 36ms (ActiveRecord: 2.5ms | Allocations: 13412)


Started GET "/posts/1" for ::1 at 2022-06-26 14:56:47 +0300
Processing by PostsController#show as TURBO_STREAM
  Parameters: {"id"=>"1"}
  [1m[36mPost Load (0.2ms)[0m  [1m[34mSELECT "posts".* FROM "posts" WHERE "posts"."id" = ? LIMIT ?[0m  [["id", 1], ["LIMIT", 1]]
  ↳ app/controllers/posts_controller.rb:63:in `set_post'
  Rendering layout layouts/application.html.erb
  Rendering posts/show.html.erb within layouts/application
  Rendered posts/_post.html.erb (Duration: 10.7ms | Allocations: 8428)
  Rendered posts/show.html.erb within layouts/application (Duration: 13.4ms | Allocations: 9424)
  Rendered layout layouts/application.html.erb (Duration: 13.8ms | Allocations: 9519)
Completed 500 Internal Server Error in 17ms (ActiveRecord: 0.2ms | Allocations: 11429)


  
ActionView::Template::Error (undefined method `author_id' for #<Post id: 1, body: "hgfhgfjhfhgf", created_at: "2022-06-26 11:56:47.678339000 +0000", updated_at: "2022-06-26 11:56:47.678339000 +0000", autor_id: 1>
Did you mean?  autor_id
               autor_id=
               autor_id?):
     6: 
     7:   <p>
     8:     <strong>Author:</strong>
     9:     <%= post.author_id %>
    10:   </p>
    11: 
    12: </div>
  
app/views/posts/_post.html.erb:9
app/views/posts/show.html.erb:3
Started GET "/posts/new" for ::1 at 2022-06-26 14:57:15 +0300
Processing by PostsController#new as HTML
  Rendering layout layouts/application.html.erb
  Rendering posts/new.html.erb within layouts/application
  [1m[36mAutor Load (0.2ms)[0m  [1m[34mSELECT "autors".* FROM "autors"[0m
  ↳ app/views/posts/_form.html.erb:20:in `map'
  Rendered posts/_form.html.erb (Duration: 3.4ms | Allocations: 2324)
  Rendered posts/new.html.erb within layouts/application (Duration: 4.1ms | Allocations: 2679)
  Rendered layout layouts/application.html.erb (Duration: 20.2ms | Allocations: 16609)
Completed 200 OK in 23ms (Views: 21.6ms | ActiveRecord: 0.2ms | Allocations: 17474)


Started POST "/posts" for ::1 at 2022-06-26 14:57:20 +0300
Processing by PostsController#create as TURBO_STREAM
  Parameters: {"authenticity_token"=>"[FILTERED]", "post"=>{"body"=>"nfhjfhjfg", "autor_id"=>"1"}, "commit"=>"Создать сообщение"}
  [1m[36mTRANSACTION (0.1ms)[0m  [1m[36mbegin transaction[0m
  ↳ app/controllers/posts_controller.rb:27:in `block in create'
  [1m[36mAutor Load (0.1ms)[0m  [1m[34mSELECT "autors".* FROM "autors" WHERE "autors"."id" = ? LIMIT ?[0m  [["id", 1], ["LIMIT", 1]]
  ↳ app/controllers/posts_controller.rb:27:in `block in create'
  [1m[36mPost Create (0.3ms)[0m  [1m[32mINSERT INTO "posts" ("body", "created_at", "updated_at", "autor_id") VALUES (?, ?, ?, ?)[0m  [["body", "nfhjfhjfg"], ["created_at", "2022-06-26 11:57:20.586646"], ["updated_at", "2022-06-26 11:57:20.586646"], ["autor_id", 1]]
  ↳ app/controllers/posts_controller.rb:27:in `block in create'
  [1m[36mTRANSACTION (1.3ms)[0m  [1m[36mcommit transaction[0m
  ↳ app/controllers/posts_controller.rb:27:in `block in create'
Redirected to http://localhost:3000/posts/2
Completed 302 Found in 7ms (ActiveRecord: 1.7ms | Allocations: 3405)


Started GET "/posts/2" for ::1 at 2022-06-26 14:57:20 +0300
Processing by PostsController#show as TURBO_STREAM
  Parameters: {"id"=>"2"}
  [1m[36mPost Load (0.1ms)[0m  [1m[34mSELECT "posts".* FROM "posts" WHERE "posts"."id" = ? LIMIT ?[0m  [["id", 2], ["LIMIT", 1]]
  ↳ app/controllers/posts_controller.rb:63:in `set_post'
  Rendering layout layouts/application.html.erb
  Rendering posts/show.html.erb within layouts/application
  Rendered posts/_post.html.erb (Duration: 0.7ms | Allocations: 185)
  Rendered posts/show.html.erb within layouts/application (Duration: 2.7ms | Allocations: 1157)
  Rendered layout layouts/application.html.erb (Duration: 10.2ms | Allocations: 3356)
Completed 200 OK in 13ms (Views: 10.6ms | ActiveRecord: 0.1ms | Allocations: 4262)


  [1m[35m (0.5ms)[0m  [1m[34mSELECT sqlite_version(*)[0m
  [1m[36mActiveRecord::SchemaMigration Pluck (0.1ms)[0m  [1m[34mSELECT "schema_migrations"."version" FROM "schema_migrations" ORDER BY "schema_migrations"."version" ASC[0m
Migrating to CreateComments (20220626120244)
  [1m[36mTRANSACTION (0.0ms)[0m  [1m[36mbegin transaction[0m
  [1m[35m (0.4ms)[0m  [1m[35mCREATE TABLE "comments" ("id" integer PRIMARY KEY AUTOINCREMENT NOT NULL, "autor" varchar, "body" text, "created_at" datetime(6) NOT NULL, "updated_at" datetime(6) NOT NULL)[0m
  [1m[36mActiveRecord::SchemaMigration Create (0.2ms)[0m  [1m[32mINSERT INTO "schema_migrations" ("version") VALUES (?)[0m  [["version", "20220626120244"]]
  [1m[36mTRANSACTION (0.8ms)[0m  [1m[36mcommit transaction[0m
  [1m[36mActiveRecord::InternalMetadata Load (0.1ms)[0m  [1m[34mSELECT "ar_internal_metadata".* FROM "ar_internal_metadata" WHERE "ar_internal_metadata"."key" = ? LIMIT ?[0m  [["key", "environment"], ["LIMIT", 1]]
  [1m[35m (0.0ms)[0m  [1m[34mSELECT sqlite_version(*)[0m
  [1m[36mActiveRecord::SchemaMigration Pluck (0.1ms)[0m  [1m[34mSELECT "schema_migrations"."version" FROM "schema_migrations" ORDER BY "schema_migrations"."version" ASC[0m
Started GET "/posts/2" for ::1 at 2022-06-26 15:04:40 +0300
  [1m[35m (0.5ms)[0m  [1m[34mSELECT sqlite_version(*)[0m
  [1m[36mActiveRecord::SchemaMigration Pluck (0.2ms)[0m  [1m[34mSELECT "schema_migrations"."version" FROM "schema_migrations" ORDER BY "schema_migrations"."version" ASC[0m
Processing by PostsController#show as HTML
  Parameters: {"id"=>"2"}
  [1m[36mPost Load (0.1ms)[0m  [1m[34mSELECT "posts".* FROM "posts" WHERE "posts"."id" = ? LIMIT ?[0m  [["id", 2], ["LIMIT", 1]]
  ↳ app/controllers/posts_controller.rb:63:in `set_post'
  Rendering layout layouts/application.html.erb
  Rendering posts/show.html.erb within layouts/application
  Rendered posts/_post.html.erb (Duration: 0.4ms | Allocations: 269)
  Rendered posts/show.html.erb within layouts/application (Duration: 5.5ms | Allocations: 2106)
  Rendered layout layouts/application.html.erb (Duration: 70.4ms | Allocations: 36552)
Completed 200 OK in 88ms (Views: 73.2ms | ActiveRecord: 0.6ms | Allocations: 47337)


Started GET "/posts" for ::1 at 2022-06-26 15:05:00 +0300
Processing by PostsController#index as HTML
  Rendering layout layouts/application.html.erb
  Rendering posts/index.html.erb within layouts/application
  [1m[36mPost Load (0.2ms)[0m  [1m[34mSELECT "posts".* FROM "posts"[0m
  ↳ app/views/posts/index.html.erb:6
  Rendered posts/_post.html.erb (Duration: 0.1ms | Allocations: 32)
  Rendered posts/_post.html.erb (Duration: 0.0ms | Allocations: 25)
  Rendered posts/index.html.erb within layouts/application (Duration: 2.7ms | Allocations: 1606)
  Rendered layout layouts/application.html.erb (Duration: 5.3ms | Allocations: 3923)
Completed 200 OK in 7ms (Views: 5.7ms | ActiveRecord: 0.2ms | Allocations: 4379)


Started GET "/comments" for ::1 at 2022-06-26 15:05:14 +0300
Processing by CommentsController#index as HTML
  Rendering layout layouts/application.html.erb
  Rendering comments/index.html.erb within layouts/application
  [1m[36mComment Load (0.2ms)[0m  [1m[34mSELECT "comments".* FROM "comments"[0m
  ↳ app/views/comments/index.html.erb:6
  Rendered comments/index.html.erb within layouts/application (Duration: 1.9ms | Allocations: 1341)
  Rendered layout layouts/application.html.erb (Duration: 4.8ms | Allocations: 3761)
Completed 200 OK in 9ms (Views: 5.9ms | ActiveRecord: 0.2ms | Allocations: 5078)


Started GET "/comments/new" for ::1 at 2022-06-26 15:05:19 +0300
Processing by CommentsController#new as HTML
  Rendering layout layouts/application.html.erb
  Rendering comments/new.html.erb within layouts/application
  Rendered comments/_form.html.erb (Duration: 5.9ms | Allocations: 3260)
  Rendered comments/new.html.erb within layouts/application (Duration: 6.9ms | Allocations: 3599)
  Rendered layout layouts/application.html.erb (Duration: 9.7ms | Allocations: 5917)
Completed 200 OK in 14ms (Views: 10.1ms | ActiveRecord: 0.6ms | Allocations: 7989)


Started GET "/comments/new" for ::1 at 2022-06-26 15:10:25 +0300
  [1m[35m (0.4ms)[0m  [1m[34mSELECT sqlite_version(*)[0m
  [1m[36mActiveRecord::SchemaMigration Pluck (0.1ms)[0m  [1m[34mSELECT "schema_migrations"."version" FROM "schema_migrations" ORDER BY "schema_migrations"."version" ASC[0m
Processing by CommentsController#new as HTML
  Rendering layout layouts/application.html.erb
  Rendering comments/new.html.erb within layouts/application
  Rendered comments/_form.html.erb (Duration: 2.9ms | Allocations: 4719)
  Rendered comments/new.html.erb within layouts/application (Duration: 4.0ms | Allocations: 5302)
  Rendered layout layouts/application.html.erb (Duration: 4.1ms | Allocations: 5403)
Completed 500 Internal Server Error in 19ms (ActiveRecord: 0.7ms | Allocations: 12981)


  
ActionView::Template::Error (uninitialized constant #<Class:0x000000010e1ec710>::Author

    '.freeze;@output_buffer.append=( form.select :author_id, Author.all.map {|a| [a.name, a.id]} );@output_buffer.safe_append='
                                                             ^^^^^^):
    12:   <% end %>
    13: 
    14:   <div>
    15:     <%= form.select :author_id, Author.all.map {|a| [a.name, a.id]} %>
    16:   </div>
    17: 
    18:   <div>
  
app/views/comments/_form.html.erb:15
app/views/comments/_form.html.erb:1
app/views/comments/new.html.erb:3
Started GET "/comments/new" for ::1 at 2022-06-26 15:11:09 +0300
Processing by CommentsController#new as HTML
  Rendering layout layouts/application.html.erb
  Rendering comments/new.html.erb within layouts/application
  [1m[36mAutor Load (0.2ms)[0m  [1m[34mSELECT "autors".* FROM "autors"[0m
  ↳ app/views/comments/_form.html.erb:15:in `map'
  Rendered comments/_form.html.erb (Duration: 32.0ms | Allocations: 16399)
  Rendered comments/new.html.erb within layouts/application (Duration: 33.1ms | Allocations: 16779)
  Rendered layout layouts/application.html.erb (Duration: 113.7ms | Allocations: 51169)
Completed 200 OK in 116ms (Views: 114.7ms | ActiveRecord: 0.5ms | Allocations: 52092)


Started POST "/comments" for ::1 at 2022-06-26 15:11:22 +0300
Processing by CommentsController#create as TURBO_STREAM
  Parameters: {"authenticity_token"=>"[FILTERED]", "comment"=>{"autor_id"=>"1", "body"=>"bhbjhk"}, "commit"=>"Создать комментарий"}
[31mUnpermitted parameter: :autor_id. Context: { controller: CommentsController, action: create, request: #<ActionDispatch::Request:0x000000010e2ed790>, params: {"authenticity_token"=>"[FILTERED]", "comment"=>{"autor_id"=>"1", "body"=>"bhbjhk"}, "commit"=>"Создать комментарий", "controller"=>"comments", "action"=>"create"} }[0m
  [1m[36mTRANSACTION (0.1ms)[0m  [1m[36mbegin transaction[0m
  ↳ app/controllers/comments_controller.rb:27:in `block in create'
  [1m[36mComment Create (0.4ms)[0m  [1m[32mINSERT INTO "comments" ("autor", "body", "created_at", "updated_at") VALUES (?, ?, ?, ?)[0m  [["autor", nil], ["body", "bhbjhk"], ["created_at", "2022-06-26 12:11:22.696762"], ["updated_at", "2022-06-26 12:11:22.696762"]]
  ↳ app/controllers/comments_controller.rb:27:in `block in create'
  [1m[36mTRANSACTION (1.4ms)[0m  [1m[36mcommit transaction[0m
  ↳ app/controllers/comments_controller.rb:27:in `block in create'
Redirected to http://localhost:3000/comments/1
Completed 302 Found in 7ms (ActiveRecord: 1.9ms | Allocations: 4283)


Started GET "/comments/1" for ::1 at 2022-06-26 15:11:22 +0300
Processing by CommentsController#show as TURBO_STREAM
  Parameters: {"id"=>"1"}
  [1m[36mComment Load (0.2ms)[0m  [1m[34mSELECT "comments".* FROM "comments" WHERE "comments"."id" = ? LIMIT ?[0m  [["id", 1], ["LIMIT", 1]]
  ↳ app/controllers/comments_controller.rb:63:in `set_comment'
  Rendering layout layouts/application.html.erb
  Rendering comments/show.html.erb within layouts/application
  Rendered comments/_comment.html.erb (Duration: 0.4ms | Allocations: 235)
  Rendered comments/show.html.erb within layouts/application (Duration: 2.9ms | Allocations: 1584)
  Rendered layout layouts/application.html.erb (Duration: 5.7ms | Allocations: 3889)
Completed 200 OK in 9ms (Views: 6.1ms | ActiveRecord: 0.2ms | Allocations: 6751)


Started GET "/" for ::1 at 2022-06-26 15:12:09 +0300
Processing by Rails::WelcomeController#index as HTML
  Rendering /Users/icloud/.rbenv/versions/3.1.2/lib/ruby/gems/3.1.0/gems/railties-7.0.3/lib/rails/templates/rails/welcome/index.html.erb
  Rendered /Users/icloud/.rbenv/versions/3.1.2/lib/ruby/gems/3.1.0/gems/railties-7.0.3/lib/rails/templates/rails/welcome/index.html.erb (Duration: 1.0ms | Allocations: 325)
Completed 200 OK in 3ms (Views: 1.8ms | ActiveRecord: 0.0ms | Allocations: 1136)


Started GET "/posts" for ::1 at 2022-06-26 15:12:27 +0300
Processing by PostsController#index as HTML
  Rendering layout layouts/application.html.erb
  Rendering posts/index.html.erb within layouts/application
  [1m[36mPost Load (0.2ms)[0m  [1m[34mSELECT "posts".* FROM "posts"[0m
  ↳ app/views/posts/index.html.erb:6
  Rendered posts/_post.html.erb (Duration: 0.4ms | Allocations: 202)
  Rendered posts/_post.html.erb (Duration: 0.1ms | Allocations: 25)
  Rendered posts/index.html.erb within layouts/application (Duration: 6.2ms | Allocations: 3662)
  Rendered layout layouts/application.html.erb (Duration: 9.8ms | Allocations: 6271)
Completed 200 OK in 15ms (Views: 10.6ms | ActiveRecord: 0.5ms | Allocations: 8368)


Started GET "/posts/1" for ::1 at 2022-06-26 15:12:34 +0300
Processing by PostsController#show as HTML
  Parameters: {"id"=>"1"}
  [1m[36mPost Load (0.2ms)[0m  [1m[34mSELECT "posts".* FROM "posts" WHERE "posts"."id" = ? LIMIT ?[0m  [["id", 1], ["LIMIT", 1]]
  ↳ app/controllers/posts_controller.rb:63:in `set_post'
  Rendering layout layouts/application.html.erb
  Rendering posts/show.html.erb within layouts/application
  Rendered posts/_post.html.erb (Duration: 0.1ms | Allocations: 26)
  Rendered posts/show.html.erb within layouts/application (Duration: 1.3ms | Allocations: 827)
  Rendered layout layouts/application.html.erb (Duration: 3.8ms | Allocations: 3024)
Completed 200 OK in 6ms (Views: 4.1ms | ActiveRecord: 0.2ms | Allocations: 4537)


Started GET "/posts/new" for ::1 at 2022-06-26 15:12:48 +0300
Processing by PostsController#new as HTML
  Rendering layout layouts/application.html.erb
  Rendering posts/new.html.erb within layouts/application
  [1m[36mAutor Load (0.1ms)[0m  [1m[34mSELECT "autors".* FROM "autors"[0m
  ↳ app/views/posts/_form.html.erb:20:in `map'
  Rendered posts/_form.html.erb (Duration: 3.7ms | Allocations: 2099)
  Rendered posts/new.html.erb within layouts/application (Duration: 4.7ms | Allocations: 2411)
  Rendered layout layouts/application.html.erb (Duration: 7.2ms | Allocations: 4616)
Completed 200 OK in 9ms (Views: 7.9ms | ActiveRecord: 0.1ms | Allocations: 4967)


Started GET "/posts/new" for ::1 at 2022-06-26 15:15:40 +0300
Processing by PostsController#new as HTML
  [1m[35m (0.1ms)[0m  [1m[34mSELECT sqlite_version(*)[0m
  ↳ app/controllers/posts_controller.rb:15:in `new'
  Rendering layout layouts/application.html.erb
  Rendering posts/new.html.erb within layouts/application
  [1m[36mAutor Load (0.2ms)[0m  [1m[34mSELECT "autors".* FROM "autors"[0m
  ↳ app/views/posts/_form.html.erb:20:in `map'
  Rendered posts/_form.html.erb (Duration: 5.4ms | Allocations: 4035)
  Rendered posts/new.html.erb within layouts/application (Duration: 5.7ms | Allocations: 4172)
  Rendered layout layouts/application.html.erb (Duration: 18.2ms | Allocations: 17925)
Completed 200 OK in 26ms (Views: 18.8ms | ActiveRecord: 1.3ms | Allocations: 21706)


Started POST "/posts" for ::1 at 2022-06-26 15:15:44 +0300
Processing by PostsController#create as TURBO_STREAM
  Parameters: {"authenticity_token"=>"[FILTERED]", "post"=>{"body"=>"hf", "autor_id"=>"1"}, "commit"=>"Создать сообщение"}
  [1m[36mTRANSACTION (0.1ms)[0m  [1m[36mbegin transaction[0m
  ↳ app/controllers/posts_controller.rb:27:in `block in create'
  [1m[36mAutor Load (0.1ms)[0m  [1m[34mSELECT "autors".* FROM "autors" WHERE "autors"."id" = ? LIMIT ?[0m  [["id", 1], ["LIMIT", 1]]
  ↳ app/controllers/posts_controller.rb:27:in `block in create'
  [1m[36mPost Create (0.3ms)[0m  [1m[32mINSERT INTO "posts" ("body", "created_at", "updated_at", "autor_id") VALUES (?, ?, ?, ?)[0m  [["body", "hf"], ["created_at", "2022-06-26 12:15:44.601826"], ["updated_at", "2022-06-26 12:15:44.601826"], ["autor_id", 1]]
  ↳ app/controllers/posts_controller.rb:27:in `block in create'
  [1m[36mTRANSACTION (1.2ms)[0m  [1m[36mcommit transaction[0m
  ↳ app/controllers/posts_controller.rb:27:in `block in create'
Redirected to http://localhost:3000/posts/3
Completed 302 Found in 11ms (ActiveRecord: 1.7ms | Allocations: 6116)


Started GET "/posts/3" for ::1 at 2022-06-26 15:15:44 +0300
Processing by PostsController#show as TURBO_STREAM
  Parameters: {"id"=>"3"}
  [1m[36mPost Load (0.2ms)[0m  [1m[34mSELECT "posts".* FROM "posts" WHERE "posts"."id" = ? LIMIT ?[0m  [["id", 3], ["LIMIT", 1]]
  ↳ app/controllers/posts_controller.rb:63:in `set_post'
  Rendering layout layouts/application.html.erb
  Rendering posts/show.html.erb within layouts/application
  Rendered posts/_post.html.erb (Duration: 0.1ms | Allocations: 36)
  Rendered posts/show.html.erb within layouts/application (Duration: 1.2ms | Allocations: 868)
  Rendered layout layouts/application.html.erb (Duration: 4.6ms | Allocations: 3164)
Completed 200 OK in 7ms (Views: 5.3ms | ActiveRecord: 0.2ms | Allocations: 4697)


Started GET "/posts" for ::1 at 2022-06-26 15:15:49 +0300
Processing by PostsController#index as HTML
  Rendering layout layouts/application.html.erb
  Rendering posts/index.html.erb within layouts/application
  [1m[36mPost Load (0.4ms)[0m  [1m[34mSELECT "posts".* FROM "posts"[0m
  ↳ app/views/posts/index.html.erb:6
  Rendered posts/_post.html.erb (Duration: 0.1ms | Allocations: 26)
  Rendered posts/_post.html.erb (Duration: 0.0ms | Allocations: 25)
  Rendered posts/_post.html.erb (Duration: 0.0ms | Allocations: 25)
  Rendered posts/index.html.erb within layouts/application (Duration: 2.6ms | Allocations: 1309)
  Rendered layout layouts/application.html.erb (Duration: 5.3ms | Allocations: 3514)
Completed 200 OK in 7ms (Views: 5.4ms | ActiveRecord: 0.4ms | Allocations: 3798)


  [1m[35m (0.5ms)[0m  [1m[34mSELECT sqlite_version(*)[0m
  [1m[36mActiveRecord::SchemaMigration Pluck (0.1ms)[0m  [1m[34mSELECT "schema_migrations"."version" FROM "schema_migrations" ORDER BY "schema_migrations"."version" ASC[0m
  [1m[36mActiveRecord::SchemaMigration Pluck (0.1ms)[0m  [1m[34mSELECT "schema_migrations"."version" FROM "schema_migrations" ORDER BY "schema_migrations"."version" ASC[0m
  [1m[36mActiveRecord::SchemaMigration Pluck (0.1ms)[0m  [1m[34mSELECT "schema_migrations"."version" FROM "schema_migrations" ORDER BY "schema_migrations"."version" ASC[0m
  [1m[36mActiveRecord::SchemaMigration Pluck (0.1ms)[0m  [1m[34mSELECT "schema_migrations"."version" FROM "schema_migrations" ORDER BY "schema_migrations"."version" ASC[0m
Migrating to CreateComments (20220626120244)
  [1m[36mTRANSACTION (0.1ms)[0m  [1m[36mbegin transaction[0m
  [1m[35m (0.4ms)[0m  [1m[35mDROP TABLE "comments"[0m
  [1m[36mActiveRecord::SchemaMigration Delete All (0.2ms)[0m  [1m[31mDELETE FROM "schema_migrations" WHERE "schema_migrations"."version" = ?[0m  [["version", "20220626120244"]]
  [1m[36mTRANSACTION (0.7ms)[0m  [1m[36mcommit transaction[0m
  [1m[35m (0.0ms)[0m  [1m[34mSELECT sqlite_version(*)[0m
  [1m[36mActiveRecord::SchemaMigration Pluck (0.1ms)[0m  [1m[34mSELECT "schema_migrations"."version" FROM "schema_migrations" ORDER BY "schema_migrations"."version" ASC[0m
  [1m[35m (0.5ms)[0m  [1m[34mSELECT sqlite_version(*)[0m
  [1m[36mActiveRecord::SchemaMigration Pluck (0.1ms)[0m  [1m[34mSELECT "schema_migrations"."version" FROM "schema_migrations" ORDER BY "schema_migrations"."version" ASC[0m
Migrating to CreateComments (20220626120244)
  [1m[36mTRANSACTION (0.1ms)[0m  [1m[36mbegin transaction[0m
  [1m[35m (0.4ms)[0m  [1m[35mCREATE TABLE "comments" ("id" integer PRIMARY KEY AUTOINCREMENT NOT NULL, "autor_id" integer NOT NULL, "post_id" integer NOT NULL, "body" text, "created_at" datetime(6) NOT NULL, "updated_at" datetime(6) NOT NULL, CONSTRAINT "fk_rails_d908b8137c"
FOREIGN KEY ("autor_id")
  REFERENCES "autors" ("id")
, CONSTRAINT "fk_rails_2fd19c0db7"
FOREIGN KEY ("post_id")
  REFERENCES "posts" ("id")
)[0m
  [1m[35m (0.1ms)[0m  [1m[35mCREATE INDEX "index_comments_on_autor_id" ON "comments" ("autor_id")[0m
  [1m[35m (0.1ms)[0m  [1m[35mCREATE INDEX "index_comments_on_post_id" ON "comments" ("post_id")[0m
  [1m[36mActiveRecord::SchemaMigration Create (0.2ms)[0m  [1m[32mINSERT INTO "schema_migrations" ("version") VALUES (?)[0m  [["version", "20220626120244"]]
  [1m[36mTRANSACTION (1.0ms)[0m  [1m[36mcommit transaction[0m
  [1m[36mActiveRecord::InternalMetadata Load (0.3ms)[0m  [1m[34mSELECT "ar_internal_metadata".* FROM "ar_internal_metadata" WHERE "ar_internal_metadata"."key" = ? LIMIT ?[0m  [["key", "environment"], ["LIMIT", 1]]
  [1m[35m (0.0ms)[0m  [1m[34mSELECT sqlite_version(*)[0m
  [1m[36mActiveRecord::SchemaMigration Pluck (0.1ms)[0m  [1m[34mSELECT "schema_migrations"."version" FROM "schema_migrations" ORDER BY "schema_migrations"."version" ASC[0m
Started GET "/comments" for ::1 at 2022-06-26 15:20:26 +0300
  [1m[35m (0.6ms)[0m  [1m[34mSELECT sqlite_version(*)[0m
  [1m[36mActiveRecord::SchemaMigration Pluck (0.1ms)[0m  [1m[34mSELECT "schema_migrations"."version" FROM "schema_migrations" ORDER BY "schema_migrations"."version" ASC[0m
Processing by CommentsController#index as HTML
  Rendering layout layouts/application.html.erb
  Rendering comments/index.html.erb within layouts/application
  [1m[36mComment Load (0.2ms)[0m  [1m[34mSELECT "comments".* FROM "comments"[0m
  ↳ app/views/comments/index.html.erb:6
  Rendered comments/index.html.erb within layouts/application (Duration: 5.2ms | Allocations: 1801)
  Rendered layout layouts/application.html.erb (Duration: 48.4ms | Allocations: 36581)
Completed 200 OK in 61ms (Views: 51.0ms | ActiveRecord: 0.2ms | Allocations: 41758)


Started GET "/comments/new" for ::1 at 2022-06-26 15:20:29 +0300
Processing by CommentsController#new as HTML
  Rendering layout layouts/application.html.erb
  Rendering comments/new.html.erb within layouts/application
  [1m[36mAutor Load (0.2ms)[0m  [1m[34mSELECT "autors".* FROM "autors"[0m
  ↳ app/views/comments/_form.html.erb:15:in `map'
  [1m[36mPost Load (0.1ms)[0m  [1m[34mSELECT "posts".* FROM "posts"[0m
  ↳ app/views/comments/_form.html.erb:18:in `map'
  Rendered comments/_form.html.erb (Duration: 16.9ms | Allocations: 9892)
  Rendered comments/new.html.erb within layouts/application (Duration: 17.7ms | Allocations: 10267)
  Rendered layout layouts/application.html.erb (Duration: 20.3ms | Allocations: 12591)
Completed 200 OK in 27ms (Views: 19.7ms | ActiveRecord: 1.8ms | Allocations: 16681)


Started POST "/comments" for ::1 at 2022-06-26 15:20:49 +0300
Processing by CommentsController#create as TURBO_STREAM
  Parameters: {"authenticity_token"=>"[FILTERED]", "comment"=>{"autor_id"=>"2", "post_id"=>"2", "body"=>"bad post ugly."}, "commit"=>"Create Comment"}
[31mUnpermitted parameters: :autor_id, :post_id. Context: { controller: CommentsController, action: create, request: #<ActionDispatch::Request:0x000000010c186db8>, params: {"authenticity_token"=>"[FILTERED]", "comment"=>{"autor_id"=>"2", "post_id"=>"2", "body"=>"bad post ugly."}, "commit"=>"Create Comment", "controller"=>"comments", "action"=>"create"} }[0m
  Rendering layout layouts/application.html.erb
  Rendering comments/new.html.erb within layouts/application
  [1m[36mAutor Load (0.1ms)[0m  [1m[34mSELECT "autors".* FROM "autors"[0m
  ↳ app/views/comments/_form.html.erb:15:in `map'
  [1m[36mPost Load (0.1ms)[0m  [1m[34mSELECT "posts".* FROM "posts"[0m
  ↳ app/views/comments/_form.html.erb:18:in `map'
  Rendered comments/_form.html.erb (Duration: 18.3ms | Allocations: 2830)
  Rendered comments/new.html.erb within layouts/application (Duration: 18.6ms | Allocations: 2946)
  Rendered layout layouts/application.html.erb (Duration: 21.8ms | Allocations: 5265)
Completed 422 Unprocessable Entity in 26ms (Views: 22.1ms | ActiveRecord: 0.2ms | Allocations: 8083)


Started POST "/comments" for ::1 at 2022-06-26 15:21:29 +0300
Processing by CommentsController#create as TURBO_STREAM
  Parameters: {"authenticity_token"=>"[FILTERED]", "comment"=>{"autor_id"=>"1", "post_id"=>"1", "body"=>"bad post ugly."}, "commit"=>"Create Comment"}
  [1m[35m (0.1ms)[0m  [1m[34mSELECT sqlite_version(*)[0m
  ↳ app/controllers/comments_controller.rb:24:in `create'
  [1m[36mTRANSACTION (0.1ms)[0m  [1m[36mbegin transaction[0m
  ↳ app/controllers/comments_controller.rb:27:in `block in create'
  [1m[36mPost Load (0.1ms)[0m  [1m[34mSELECT "posts".* FROM "posts" WHERE "posts"."id" = ? LIMIT ?[0m  [["id", 1], ["LIMIT", 1]]
  ↳ app/controllers/comments_controller.rb:27:in `block in create'
  [1m[36mComment Create (0.5ms)[0m  [1m[32mINSERT INTO "comments" ("autor_id", "post_id", "body", "created_at", "updated_at") VALUES (?, ?, ?, ?, ?)[0m  [["autor_id", 1], ["post_id", 1], ["body", "bad post ugly."], ["created_at", "2022-06-26 12:21:30.140347"], ["updated_at", "2022-06-26 12:21:30.140347"]]
  ↳ app/controllers/comments_controller.rb:27:in `block in create'
  [1m[36mTRANSACTION (0.7ms)[0m  [1m[36mcommit transaction[0m
  ↳ app/controllers/comments_controller.rb:27:in `block in create'
Redirected to http://localhost:3000/comments/1
Completed 302 Found in 20ms (ActiveRecord: 2.7ms | Allocations: 13318)


Started GET "/comments/1" for ::1 at 2022-06-26 15:21:30 +0300
Processing by CommentsController#show as TURBO_STREAM
  Parameters: {"id"=>"1"}
  [1m[36mComment Load (0.2ms)[0m  [1m[34mSELECT "comments".* FROM "comments" WHERE "comments"."id" = ? LIMIT ?[0m  [["id", 1], ["LIMIT", 1]]
  ↳ app/controllers/comments_controller.rb:63:in `set_comment'
  Rendering layout layouts/application.html.erb
  Rendering comments/show.html.erb within layouts/application
  Rendered comments/_comment.html.erb (Duration: 7.9ms | Allocations: 8783)
  Rendered comments/show.html.erb within layouts/application (Duration: 9.8ms | Allocations: 9780)
  Rendered layout layouts/application.html.erb (Duration: 10.0ms | Allocations: 9875)
Completed 500 Internal Server Error in 14ms (ActiveRecord: 0.2ms | Allocations: 11789)


  
ActionView::Template::Error (undefined method `autor' for #<Comment id: 1, autor_id: 1, post_id: 1, body: "bad post ugly.", created_at: "2022-06-26 12:21:30.140347000 +0000", updated_at: "2022-06-26 12:21:30.140347000 +0000">
Did you mean?  autor_id):
    1: <div id="<%= dom_id comment %>">
    2:   <p>
    3:     <strong>Autor:</strong>
    4:     <%= comment.autor.name %>
    5:   </p>
    6: 
    7:   <p>
  
app/views/comments/_comment.html.erb:4
app/views/comments/show.html.erb:3
Started GET "/comments/new" for ::1 at 2022-06-26 15:22:04 +0300
Processing by CommentsController#new as HTML
  [1m[35m (0.1ms)[0m  [1m[34mSELECT sqlite_version(*)[0m
  ↳ app/controllers/comments_controller.rb:15:in `new'
  Rendering layout layouts/application.html.erb
  Rendering comments/new.html.erb within layouts/application
  [1m[36mAutor Load (0.1ms)[0m  [1m[34mSELECT "autors".* FROM "autors"[0m
  ↳ app/views/comments/_form.html.erb:15:in `map'
  [1m[36mPost Load (0.2ms)[0m  [1m[34mSELECT "posts".* FROM "posts"[0m
  ↳ app/views/comments/_form.html.erb:18:in `map'
  Rendered comments/_form.html.erb (Duration: 12.5ms | Allocations: 7068)
  Rendered comments/new.html.erb within layouts/application (Duration: 12.8ms | Allocations: 7205)
  Rendered layout layouts/application.html.erb (Duration: 33.3ms | Allocations: 20983)
Completed 200 OK in 44ms (Views: 33.3ms | ActiveRecord: 2.2ms | Allocations: 25247)


Started GET "/comments/" for ::1 at 2022-06-26 15:22:08 +0300
Processing by CommentsController#index as HTML
  Rendering layout layouts/application.html.erb
  Rendering comments/index.html.erb within layouts/application
  [1m[36mComment Load (0.2ms)[0m  [1m[34mSELECT "comments".* FROM "comments"[0m
  ↳ app/views/comments/index.html.erb:6
  [1m[36mAutor Load (0.1ms)[0m  [1m[34mSELECT "autors".* FROM "autors" WHERE "autors"."id" = ? LIMIT ?[0m  [["id", 1], ["LIMIT", 1]]
  ↳ app/views/comments/_comment.html.erb:4
  Rendered comments/_comment.html.erb (Duration: 2.0ms | Allocations: 2383)
  Rendered comments/index.html.erb within layouts/application (Duration: 4.0ms | Allocations: 3546)
  Rendered layout layouts/application.html.erb (Duration: 6.6ms | Allocations: 5754)
Completed 200 OK in 8ms (Views: 6.7ms | ActiveRecord: 0.3ms | Allocations: 6112)


Started GET "/comments/1" for ::1 at 2022-06-26 15:22:12 +0300
Processing by CommentsController#show as HTML
  Parameters: {"id"=>"1"}
  [1m[36mComment Load (0.2ms)[0m  [1m[34mSELECT "comments".* FROM "comments" WHERE "comments"."id" = ? LIMIT ?[0m  [["id", 1], ["LIMIT", 1]]
  ↳ app/controllers/comments_controller.rb:63:in `set_comment'
  Rendering layout layouts/application.html.erb
  Rendering comments/show.html.erb within layouts/application
  [1m[36mAutor Load (0.1ms)[0m  [1m[34mSELECT "autors".* FROM "autors" WHERE "autors"."id" = ? LIMIT ?[0m  [["id", 1], ["LIMIT", 1]]
  ↳ app/views/comments/_comment.html.erb:4
  Rendered comments/_comment.html.erb (Duration: 1.0ms | Allocations: 701)
  Rendered comments/show.html.erb within layouts/application (Duration: 1.8ms | Allocations: 1333)
  Rendered layout layouts/application.html.erb (Duration: 4.8ms | Allocations: 3530)
Completed 200 OK in 8ms (Views: 5.0ms | ActiveRecord: 0.3ms | Allocations: 4896)


Started GET "/comments/1/edit" for ::1 at 2022-06-26 15:22:21 +0300
Processing by CommentsController#edit as HTML
  Parameters: {"id"=>"1"}
  [1m[36mComment Load (0.2ms)[0m  [1m[34mSELECT "comments".* FROM "comments" WHERE "comments"."id" = ? LIMIT ?[0m  [["id", 1], ["LIMIT", 1]]
  ↳ app/controllers/comments_controller.rb:63:in `set_comment'
  Rendering layout layouts/application.html.erb
  Rendering comments/edit.html.erb within layouts/application
  [1m[36mAutor Load (0.1ms)[0m  [1m[34mSELECT "autors".* FROM "autors"[0m
  ↳ app/views/comments/_form.html.erb:15:in `map'
  [1m[36mPost Load (0.1ms)[0m  [1m[34mSELECT "posts".* FROM "posts"[0m
  ↳ app/views/comments/_form.html.erb:18:in `map'
  Rendered comments/_form.html.erb (Duration: 3.5ms | Allocations: 2445)
  Rendered comments/edit.html.erb within layouts/application (Duration: 4.2ms | Allocations: 2774)
  Rendered layout layouts/application.html.erb (Duration: 7.1ms | Allocations: 4971)
Completed 200 OK in 10ms (Views: 7.3ms | ActiveRecord: 0.3ms | Allocations: 5799)


Started PATCH "/comments/1" for ::1 at 2022-06-26 15:22:29 +0300
Processing by CommentsController#update as TURBO_STREAM
  Parameters: {"authenticity_token"=>"[FILTERED]", "comment"=>{"autor_id"=>"2", "post_id"=>"1", "body"=>"bad post ugly."}, "commit"=>"Update Comment", "id"=>"1"}
  [1m[36mComment Load (0.1ms)[0m  [1m[34mSELECT "comments".* FROM "comments" WHERE "comments"."id" = ? LIMIT ?[0m  [["id", 1], ["LIMIT", 1]]
  ↳ app/controllers/comments_controller.rb:63:in `set_comment'
  [1m[36mTRANSACTION (0.0ms)[0m  [1m[36mbegin transaction[0m
  ↳ app/controllers/comments_controller.rb:40:in `block in update'
  [1m[36mPost Load (0.1ms)[0m  [1m[34mSELECT "posts".* FROM "posts" WHERE "posts"."id" = ? LIMIT ?[0m  [["id", 1], ["LIMIT", 1]]
  ↳ app/controllers/comments_controller.rb:40:in `block in update'
  [1m[36mAutor Load (0.0ms)[0m  [1m[34mSELECT "autors".* FROM "autors" WHERE "autors"."id" = ? LIMIT ?[0m  [["id", 2], ["LIMIT", 1]]
  ↳ app/controllers/comments_controller.rb:40:in `block in update'
  [1m[36mComment Update (0.4ms)[0m  [1m[33mUPDATE "comments" SET "autor_id" = ?, "updated_at" = ? WHERE "comments"."id" = ?[0m  [["autor_id", 2], ["updated_at", "2022-06-26 12:22:29.095094"], ["id", 1]]
  ↳ app/controllers/comments_controller.rb:40:in `block in update'
  [1m[36mTRANSACTION (1.4ms)[0m  [1m[36mcommit transaction[0m
  ↳ app/controllers/comments_controller.rb:40:in `block in update'
Redirected to http://localhost:3000/comments/1
Completed 302 Found in 10ms (ActiveRecord: 2.1ms | Allocations: 6523)


Started GET "/comments/1" for ::1 at 2022-06-26 15:22:29 +0300
Processing by CommentsController#show as TURBO_STREAM
  Parameters: {"id"=>"1"}
  [1m[36mComment Load (0.1ms)[0m  [1m[34mSELECT "comments".* FROM "comments" WHERE "comments"."id" = ? LIMIT ?[0m  [["id", 1], ["LIMIT", 1]]
  ↳ app/controllers/comments_controller.rb:63:in `set_comment'
  Rendering layout layouts/application.html.erb
  Rendering comments/show.html.erb within layouts/application
  [1m[36mAutor Load (0.1ms)[0m  [1m[34mSELECT "autors".* FROM "autors" WHERE "autors"."id" = ? LIMIT ?[0m  [["id", 2], ["LIMIT", 1]]
  ↳ app/views/comments/_comment.html.erb:4
  Rendered comments/_comment.html.erb (Duration: 1.4ms | Allocations: 701)
  Rendered comments/show.html.erb within layouts/application (Duration: 2.2ms | Allocations: 1338)
  Rendered layout layouts/application.html.erb (Duration: 4.7ms | Allocations: 3536)
Completed 200 OK in 7ms (Views: 5.0ms | ActiveRecord: 0.3ms | Allocations: 4299)


Started GET "/comments" for ::1 at 2022-06-26 15:22:40 +0300
Processing by CommentsController#index as HTML
  Rendering layout layouts/application.html.erb
  Rendering comments/index.html.erb within layouts/application
  [1m[36mComment Load (0.1ms)[0m  [1m[34mSELECT "comments".* FROM "comments"[0m
  ↳ app/views/comments/index.html.erb:6
  [1m[36mAutor Load (0.2ms)[0m  [1m[34mSELECT "autors".* FROM "autors" WHERE "autors"."id" = ? LIMIT ?[0m  [["id", 2], ["LIMIT", 1]]
  ↳ app/views/comments/_comment.html.erb:4
  Rendered comments/_comment.html.erb (Duration: 1.8ms | Allocations: 705)
  Rendered comments/index.html.erb within layouts/application (Duration: 4.0ms | Allocations: 1649)
  Rendered layout layouts/application.html.erb (Duration: 7.3ms | Allocations: 3854)
Completed 200 OK in 8ms (Views: 7.4ms | ActiveRecord: 0.3ms | Allocations: 4135)


Started GET "/comments" for ::1 at 2022-06-26 15:26:25 +0300
Processing by CommentsController#index as HTML
  Rendering layout layouts/application.html.erb
  Rendering comments/index.html.erb within layouts/application
  [1m[35m (0.1ms)[0m  [1m[34mSELECT sqlite_version(*)[0m
  ↳ app/views/comments/index.html.erb:6
  [1m[36mComment Load (0.1ms)[0m  [1m[34mSELECT "comments".* FROM "comments"[0m
  ↳ app/views/comments/index.html.erb:6
  [1m[36mAutor Load (0.1ms)[0m  [1m[34mSELECT "autors".* FROM "autors" WHERE "autors"."id" = ? LIMIT ?[0m  [["id", 2], ["LIMIT", 1]]
  ↳ app/views/comments/_comment.html.erb:4
  Rendered comments/_comment.html.erb (Duration: 13.3ms | Allocations: 5304)
  Rendered comments/index.html.erb within layouts/application (Duration: 19.0ms | Allocations: 8938)
  Rendered layout layouts/application.html.erb (Duration: 41.4ms | Allocations: 22708)
Completed 200 OK in 46ms (Views: 42.4ms | ActiveRecord: 1.6ms | Allocations: 24673)


Started GET "/autor" for ::1 at 2022-06-26 15:26:46 +0300
  
ActionController::RoutingError (No route matches [GET] "/autor"):
  
Started GET "/autors" for ::1 at 2022-06-26 15:26:51 +0300
Processing by AutorsController#index as HTML
  Rendering layout layouts/application.html.erb
  Rendering autors/index.html.erb within layouts/application
  [1m[36mAutor Load (0.2ms)[0m  [1m[34mSELECT "autors".* FROM "autors"[0m
  ↳ app/views/autors/index.html.erb:6
  Rendered autors/_autor.html.erb (Duration: 0.7ms | Allocations: 224)
  Rendered autors/_autor.html.erb (Duration: 0.0ms | Allocations: 27)
  Rendered autors/_autor.html.erb (Duration: 0.0ms | Allocations: 27)
  Rendered autors/index.html.erb within layouts/application (Duration: 3.9ms | Allocations: 2170)
  Rendered layout layouts/application.html.erb (Duration: 7.2ms | Allocations: 4589)
Completed 200 OK in 10ms (Views: 8.4ms | ActiveRecord: 0.2ms | Allocations: 5458)


Started GET "/autors/3" for ::1 at 2022-06-26 15:26:58 +0300
Processing by AutorsController#show as HTML
  Parameters: {"id"=>"3"}
  [1m[36mAutor Load (0.1ms)[0m  [1m[34mSELECT "autors".* FROM "autors" WHERE "autors"."id" = ? LIMIT ?[0m  [["id", 3], ["LIMIT", 1]]
  ↳ app/controllers/autors_controller.rb:63:in `set_autor'
  Rendering layout layouts/application.html.erb
  Rendering autors/show.html.erb within layouts/application
  Rendered autors/_autor.html.erb (Duration: 0.1ms | Allocations: 28)
  Rendered autors/show.html.erb within layouts/application (Duration: 1.7ms | Allocations: 850)
  Rendered layout layouts/application.html.erb (Duration: 4.7ms | Allocations: 3047)
Completed 200 OK in 7ms (Views: 5.1ms | ActiveRecord: 0.1ms | Allocations: 4519)


Started GET "/autors" for ::1 at 2022-06-26 15:27:03 +0300
Processing by AutorsController#index as HTML
  Rendering layout layouts/application.html.erb
  Rendering autors/index.html.erb within layouts/application
  [1m[36mAutor Load (0.2ms)[0m  [1m[34mSELECT "autors".* FROM "autors"[0m
  ↳ app/views/autors/index.html.erb:6
  Rendered autors/_autor.html.erb (Duration: 0.1ms | Allocations: 28)
  Rendered autors/_autor.html.erb (Duration: 0.2ms | Allocations: 27)
  Rendered autors/_autor.html.erb (Duration: 0.0ms | Allocations: 27)
  Rendered autors/index.html.erb within layouts/application (Duration: 2.9ms | Allocations: 1264)
  Rendered layout layouts/application.html.erb (Duration: 6.0ms | Allocations: 3469)
Completed 200 OK in 7ms (Views: 6.2ms | ActiveRecord: 0.2ms | Allocations: 3751)


Started GET "/autors/1" for ::1 at 2022-06-26 15:27:05 +0300
Processing by AutorsController#show as HTML
  Parameters: {"id"=>"1"}
  [1m[36mAutor Load (0.1ms)[0m  [1m[34mSELECT "autors".* FROM "autors" WHERE "autors"."id" = ? LIMIT ?[0m  [["id", 1], ["LIMIT", 1]]
  ↳ app/controllers/autors_controller.rb:63:in `set_autor'
  Rendering layout layouts/application.html.erb
  Rendering autors/show.html.erb within layouts/application
  Rendered autors/_autor.html.erb (Duration: 0.1ms | Allocations: 28)
  Rendered autors/show.html.erb within layouts/application (Duration: 4.8ms | Allocations: 632)
  Rendered layout layouts/application.html.erb (Duration: 7.9ms | Allocations: 2844)
Completed 200 OK in 10ms (Views: 8.2ms | ActiveRecord: 0.1ms | Allocations: 3603)


Started GET "/autors" for ::1 at 2022-06-26 15:27:08 +0300
Processing by AutorsController#index as HTML
  Rendering layout layouts/application.html.erb
  Rendering autors/index.html.erb within layouts/application
  [1m[36mAutor Load (0.1ms)[0m  [1m[34mSELECT "autors".* FROM "autors"[0m
  ↳ app/views/autors/index.html.erb:6
  Rendered autors/_autor.html.erb (Duration: 0.1ms | Allocations: 28)
  Rendered autors/_autor.html.erb (Duration: 0.0ms | Allocations: 27)
  Rendered autors/_autor.html.erb (Duration: 0.0ms | Allocations: 27)
  Rendered autors/index.html.erb within layouts/application (Duration: 2.0ms | Allocations: 1264)
  Rendered layout layouts/application.html.erb (Duration: 4.5ms | Allocations: 3470)
Completed 200 OK in 5ms (Views: 4.7ms | ActiveRecord: 0.1ms | Allocations: 3751)


Started GET "/autors/2" for ::1 at 2022-06-26 15:27:14 +0300
Processing by AutorsController#show as HTML
  Parameters: {"id"=>"2"}
  [1m[36mAutor Load (0.1ms)[0m  [1m[34mSELECT "autors".* FROM "autors" WHERE "autors"."id" = ? LIMIT ?[0m  [["id", 2], ["LIMIT", 1]]
  ↳ app/controllers/autors_controller.rb:63:in `set_autor'
  Rendering layout layouts/application.html.erb
  Rendering autors/show.html.erb within layouts/application
  Rendered autors/_autor.html.erb (Duration: 0.1ms | Allocations: 28)
  Rendered autors/show.html.erb within layouts/application (Duration: 1.1ms | Allocations: 644)
  Rendered layout layouts/application.html.erb (Duration: 4.2ms | Allocations: 2841)
Completed 200 OK in 6ms (Views: 4.6ms | ActiveRecord: 0.1ms | Allocations: 3600)


Started GET "/autors" for ::1 at 2022-06-26 15:27:16 +0300
Processing by AutorsController#index as HTML
  Rendering layout layouts/application.html.erb
  Rendering autors/index.html.erb within layouts/application
  [1m[36mAutor Load (0.1ms)[0m  [1m[34mSELECT "autors".* FROM "autors"[0m
  ↳ app/views/autors/index.html.erb:6
  Rendered autors/_autor.html.erb (Duration: 0.1ms | Allocations: 28)
  Rendered autors/_autor.html.erb (Duration: 0.0ms | Allocations: 27)
  Rendered autors/_autor.html.erb (Duration: 0.0ms | Allocations: 27)
  Rendered autors/index.html.erb within layouts/application (Duration: 1.9ms | Allocations: 1267)
  Rendered layout layouts/application.html.erb (Duration: 5.0ms | Allocations: 3478)
Completed 200 OK in 6ms (Views: 5.2ms | ActiveRecord: 0.1ms | Allocations: 3759)


Started GET "/autors" for ::1 at 2022-06-26 15:29:53 +0300
Processing by AutorsController#index as HTML
  Rendering layout layouts/application.html.erb
  Rendering autors/index.html.erb within layouts/application
  [1m[35m (0.1ms)[0m  [1m[34mSELECT sqlite_version(*)[0m
  ↳ app/views/autors/index.html.erb:6
  [1m[36mAutor Load (0.1ms)[0m  [1m[34mSELECT "autors".* FROM "autors"[0m
  ↳ app/views/autors/index.html.erb:6
  Rendered autors/_autor.html.erb (Duration: 6.6ms | Allocations: 8057)
  Rendered autors/index.html.erb within layouts/application (Duration: 13.1ms | Allocations: 11875)
  Rendered layout layouts/application.html.erb (Duration: 13.3ms | Allocations: 11969)
Completed 500 Internal Server Error in 18ms (ActiveRecord: 1.1ms | Allocations: 14046)


  
ActionView::Template::Error (undefined method `post' for #<Autor id: 1, name: "Olga", city: "Dnepr", age: 28, created_at: "2022-06-26 11:28:16.623907000 +0000", updated_at: "2022-06-26 11:28:16.623907000 +0000">
Did you mean?  posts):
    16: 
    17: </div>
    18: <p>--------POSTS----------</p>
    19: <%= render autor.post %>
    20: <p>=======================</p>
  
app/views/autors/_autor.html.erb:19
app/views/autors/index.html.erb:7
app/views/autors/index.html.erb:6
Started GET "/autors" for ::1 at 2022-06-26 15:30:08 +0300
Processing by AutorsController#index as HTML
  Rendering layout layouts/application.html.erb
  Rendering autors/index.html.erb within layouts/application
  [1m[36mAutor Load (0.2ms)[0m  [1m[34mSELECT "autors".* FROM "autors"[0m
  ↳ app/views/autors/index.html.erb:6
  [1m[36mPost Load (0.3ms)[0m  [1m[34mSELECT "posts".* FROM "posts" WHERE "posts"."autor_id" = ?[0m  [["autor_id", 1]]
  ↳ app/views/autors/_autor.html.erb:19
  Rendered collection of posts/_post.html.erb [3 times] (Duration: 0.7ms | Allocations: 355)
  Rendered autors/_autor.html.erb (Duration: 22.2ms | Allocations: 8293)
  [1m[36mPost Load (0.1ms)[0m  [1m[34mSELECT "posts".* FROM "posts" WHERE "posts"."autor_id" = ?[0m  [["autor_id", 2]]
  ↳ app/views/autors/_autor.html.erb:19
  Rendered collection of templates [0 times] (Duration: 0.0ms | Allocations: 23)
  Rendered autors/_autor.html.erb (Duration: 1.2ms | Allocations: 818)
  [1m[36mPost Load (0.1ms)[0m  [1m[34mSELECT "posts".* FROM "posts" WHERE "posts"."autor_id" = ?[0m  [["autor_id", 3]]
  ↳ app/views/autors/_autor.html.erb:19
  Rendered collection of templates [0 times] (Duration: 0.0ms | Allocations: 12)
  Rendered autors/_autor.html.erb (Duration: 1.4ms | Allocations: 800)
  Rendered autors/index.html.erb within layouts/application (Duration: 28.8ms | Allocations: 11648)
  Rendered layout layouts/application.html.erb (Duration: 44.4ms | Allocations: 25605)
Completed 200 OK in 47ms (Views: 44.6ms | ActiveRecord: 1.2ms | Allocations: 26487)


Started GET "/autors" for ::1 at 2022-06-26 15:30:43 +0300
Processing by AutorsController#index as HTML
  Rendering layout layouts/application.html.erb
  Rendering autors/index.html.erb within layouts/application
  [1m[36mAutor Load (0.1ms)[0m  [1m[34mSELECT "autors".* FROM "autors"[0m
  ↳ app/views/autors/index.html.erb:6
  [1m[36mPost Load (0.1ms)[0m  [1m[34mSELECT "posts".* FROM "posts" WHERE "posts"."autor_id" = ?[0m  [["autor_id", 1]]
  ↳ app/views/autors/_autor.html.erb:19
  Rendered collection of posts/_post.html.erb [3 times] (Duration: 0.4ms | Allocations: 299)
  Rendered autors/_autor.html.erb (Duration: 2.4ms | Allocations: 1522)
  [1m[36mPost Load (0.1ms)[0m  [1m[34mSELECT "posts".* FROM "posts" WHERE "posts"."autor_id" = ?[0m  [["autor_id", 2]]
  ↳ app/views/autors/_autor.html.erb:19
  Rendered collection of templates [0 times] (Duration: 0.0ms | Allocations: 14)
  Rendered autors/_autor.html.erb (Duration: 1.1ms | Allocations: 804)
  [1m[36mPost Load (0.1ms)[0m  [1m[34mSELECT "posts".* FROM "posts" WHERE "posts"."autor_id" = ?[0m  [["autor_id", 3]]
  ↳ app/views/autors/_autor.html.erb:19
  Rendered collection of templates [0 times] (Duration: 0.0ms | Allocations: 12)
  Rendered autors/_autor.html.erb (Duration: 1.0ms | Allocations: 801)
  Rendered autors/index.html.erb within layouts/application (Duration: 7.0ms | Allocations: 4857)
  Rendered layout layouts/application.html.erb (Duration: 28.3ms | Allocations: 7451)
Completed 200 OK in 31ms (Views: 29.8ms | ActiveRecord: 0.4ms | Allocations: 8330)


Started GET "/autors" for ::1 at 2022-06-26 15:32:06 +0300
Processing by AutorsController#index as HTML
  Rendering layout layouts/application.html.erb
  Rendering autors/index.html.erb within layouts/application
  [1m[36mAutor Load (0.1ms)[0m  [1m[34mSELECT "autors".* FROM "autors"[0m
  ↳ app/views/autors/index.html.erb:6
  [1m[36mPost Load (0.1ms)[0m  [1m[34mSELECT "posts".* FROM "posts" WHERE "posts"."autor_id" = ?[0m  [["autor_id", 1]]
  ↳ app/views/autors/_autor.html.erb:19
  [1m[36mComment Load (0.1ms)[0m  [1m[34mSELECT "comments".* FROM "comments" WHERE "comments"."post_id" = ?[0m  [["post_id", 1]]
  ↳ app/views/posts/_post.html.erb:14
  [1m[36mAutor Load (0.2ms)[0m  [1m[34mSELECT "autors".* FROM "autors" WHERE "autors"."id" = ? LIMIT ?[0m  [["id", 2], ["LIMIT", 1]]
  ↳ app/views/comments/_comment.html.erb:4
  Rendered collection of comments/_comment.html.erb [1 times] (Duration: 3.2ms | Allocations: 2844)
  [1m[36mComment Load (0.1ms)[0m  [1m[34mSELECT "comments".* FROM "comments" WHERE "comments"."post_id" = ?[0m  [["post_id", 2]]
  ↳ app/views/posts/_post.html.erb:14
  Rendered collection of templates [0 times] (Duration: 0.0ms | Allocations: 15)
  [1m[36mComment Load (0.1ms)[0m  [1m[34mSELECT "comments".* FROM "comments" WHERE "comments"."post_id" = ?[0m  [["post_id", 3]]
  ↳ app/views/posts/_post.html.erb:14
  Rendered collection of templates [0 times] (Duration: 0.0ms | Allocations: 12)
  Rendered collection of posts/_post.html.erb [3 times] (Duration: 34.1ms | Allocations: 23014)
  Rendered autors/_autor.html.erb (Duration: 36.2ms | Allocations: 24236)
  [1m[36mPost Load (0.1ms)[0m  [1m[34mSELECT "posts".* FROM "posts" WHERE "posts"."autor_id" = ?[0m  [["autor_id", 2]]
  ↳ app/views/autors/_autor.html.erb:19
  Rendered collection of templates [0 times] (Duration: 0.0ms | Allocations: 12)
  Rendered autors/_autor.html.erb (Duration: 15.5ms | Allocations: 802)
  [1m[36mPost Load (0.2ms)[0m  [1m[34mSELECT "posts".* FROM "posts" WHERE "posts"."autor_id" = ?[0m  [["autor_id", 3]]
  ↳ app/views/autors/_autor.html.erb:19
  Rendered collection of templates [0 times] (Duration: 0.0ms | Allocations: 12)
  Rendered autors/_autor.html.erb (Duration: 1.4ms | Allocations: 800)
  Rendered autors/index.html.erb within layouts/application (Duration: 55.9ms | Allocations: 27587)
  Rendered layout layouts/application.html.erb (Duration: 60.5ms | Allocations: 30197)
Completed 200 OK in 63ms (Views: 60.7ms | ActiveRecord: 1.4ms | Allocations: 31072)


