  [1m[35m (2.0ms)[0m  [1m[34mSELECT sqlite_version(*)[0m
  [1m[35m (1.1ms)[0m  [1m[35mCREATE TABLE "schema_migrations" ("version" varchar NOT NULL PRIMARY KEY)[0m
  [1m[35m (1.1ms)[0m  [1m[35mCREATE TABLE "ar_internal_metadata" ("key" varchar NOT NULL PRIMARY KEY, "value" varchar, "created_at" datetime(6) NOT NULL, "updated_at" datetime(6) NOT NULL)[0m
  [1m[36mActiveRecord::SchemaMigration Pluck (0.1ms)[0m  [1m[34mSELECT "schema_migrations"."version" FROM "schema_migrations" ORDER BY "schema_migrations"."version" ASC[0m
Migrating to CreateArtists (20220630175818)
  [1m[36mTRANSACTION (0.1ms)[0m  [1m[36mbegin transaction[0m
  [1m[35m (0.5ms)[0m  [1m[35mCREATE TABLE "artists" ("id" integer PRIMARY KEY AUTOINCREMENT NOT NULL, "name" varchar, "age" integer, "country" varchar, "lang" varchar, "created_at" datetime(6) NOT NULL, "updated_at" datetime(6) NOT NULL)[0m
  [1m[36mActiveRecord::SchemaMigration Create (0.2ms)[0m  [1m[32mINSERT INTO "schema_migrations" ("version") VALUES (?)[0m  [["version", "20220630175818"]]
  [1m[36mTRANSACTION (1.0ms)[0m  [1m[36mcommit transaction[0m
  [1m[36mActiveRecord::InternalMetadata Load (0.2ms)[0m  [1m[34mSELECT "ar_internal_metadata".* FROM "ar_internal_metadata" WHERE "ar_internal_metadata"."key" = ? LIMIT ?[0m  [["key", "environment"], ["LIMIT", 1]]
  [1m[36mTRANSACTION (0.1ms)[0m  [1m[36mbegin transaction[0m
  [1m[36mActiveRecord::InternalMetadata Create (0.7ms)[0m  [1m[32mINSERT INTO "ar_internal_metadata" ("key", "value", "created_at", "updated_at") VALUES (?, ?, ?, ?)[0m  [["key", "environment"], ["value", "development"], ["created_at", "2022-06-30 18:11:05.172657"], ["updated_at", "2022-06-30 18:11:05.172657"]]
  [1m[36mTRANSACTION (1.1ms)[0m  [1m[36mcommit transaction[0m
  [1m[35m (0.0ms)[0m  [1m[34mSELECT sqlite_version(*)[0m
  [1m[36mActiveRecord::SchemaMigration Pluck (0.2ms)[0m  [1m[34mSELECT "schema_migrations"."version" FROM "schema_migrations" ORDER BY "schema_migrations"."version" ASC[0m
Started GET "/" for 127.0.0.1 at 2022-06-30 21:12:37 +0300
  [1m[35m (0.9ms)[0m  [1m[34mSELECT sqlite_version(*)[0m
  [1m[36mActiveRecord::SchemaMigration Pluck (0.3ms)[0m  [1m[34mSELECT "schema_migrations"."version" FROM "schema_migrations" ORDER BY "schema_migrations"."version" ASC[0m
Processing by Rails::WelcomeController#index as HTML
  Rendering /Users/icloud/.rbenv/versions/3.1.2/lib/ruby/gems/3.1.0/gems/railties-7.0.3/lib/rails/templates/rails/welcome/index.html.erb
  Rendered /Users/icloud/.rbenv/versions/3.1.2/lib/ruby/gems/3.1.0/gems/railties-7.0.3/lib/rails/templates/rails/welcome/index.html.erb (Duration: 3.7ms | Allocations: 644)
Completed 200 OK in 31ms (Views: 12.6ms | ActiveRecord: 0.0ms | Allocations: 5036)


Started GET "/" for 127.0.0.1 at 2022-06-30 21:12:41 +0300
Processing by Rails::WelcomeController#index as HTML
  Rendering /Users/icloud/.rbenv/versions/3.1.2/lib/ruby/gems/3.1.0/gems/railties-7.0.3/lib/rails/templates/rails/welcome/index.html.erb
  Rendered /Users/icloud/.rbenv/versions/3.1.2/lib/ruby/gems/3.1.0/gems/railties-7.0.3/lib/rails/templates/rails/welcome/index.html.erb (Duration: 1.0ms | Allocations: 319)
Completed 200 OK in 4ms (Views: 2.2ms | ActiveRecord: 0.0ms | Allocations: 1042)


Started GET "/" for 127.0.0.1 at 2022-06-30 21:12:43 +0300
Processing by Rails::WelcomeController#index as HTML
  Rendering /Users/icloud/.rbenv/versions/3.1.2/lib/ruby/gems/3.1.0/gems/railties-7.0.3/lib/rails/templates/rails/welcome/index.html.erb
  Rendered /Users/icloud/.rbenv/versions/3.1.2/lib/ruby/gems/3.1.0/gems/railties-7.0.3/lib/rails/templates/rails/welcome/index.html.erb (Duration: 0.1ms | Allocations: 27)
Completed 200 OK in 1ms (Views: 0.5ms | ActiveRecord: 0.0ms | Allocations: 275)


Started GET "/atrists" for 127.0.0.1 at 2022-06-30 21:12:50 +0300
  
ActionController::RoutingError (No route matches [GET] "/atrists"):
  
Started GET "/atrists" for 127.0.0.1 at 2022-06-30 21:24:31 +0300
  
ActionController::RoutingError (No route matches [GET] "/atrists"):
  
Started GET "/artists" for 127.0.0.1 at 2022-06-30 21:24:39 +0300
Processing by ArtistsController#index as HTML
  Rendering layout layouts/application.html.erb
  Rendering artists/index.html.erb within layouts/application
  [1m[35m (0.1ms)[0m  [1m[34mSELECT sqlite_version(*)[0m
  ↳ app/views/artists/index.html.erb:6
  [1m[36mArtist Load (0.1ms)[0m  [1m[34mSELECT "artists".* FROM "artists"[0m
  ↳ app/views/artists/index.html.erb:6
  Rendered artists/index.html.erb within layouts/application (Duration: 15.7ms | Allocations: 6659)
  Rendered layout layouts/application.html.erb (Duration: 15.9ms | Allocations: 6753)
Completed 500 Internal Server Error in 21ms (ActiveRecord: 0.4ms | Allocations: 8494)


  
ActionView::Template::Error (undefined local variable or method `new_artist_path' for #<ActionView::Base:0x0000000000f000>

'.freeze;@output_buffer.append=( link_to "New artist", new_artist_path );
                                                       ^^^^^^^^^^^^^^^):
    11:   <% end %>
    12: </div>
    13: 
    14: <%= link_to "New artist", new_artist_path %>
  
app/views/artists/index.html.erb:14
Started GET "/artists" for 127.0.0.1 at 2022-06-30 21:25:00 +0300
Processing by ArtistsController#index as HTML
  Rendering layout layouts/application.html.erb
  Rendering artists/index.html.erb within layouts/application
  [1m[35m (0.1ms)[0m  [1m[34mSELECT sqlite_version(*)[0m
  ↳ app/views/artists/index.html.erb:6
  [1m[36mArtist Load (0.3ms)[0m  [1m[34mSELECT "artists".* FROM "artists"[0m
  ↳ app/views/artists/index.html.erb:6
  Rendered artists/index.html.erb within layouts/application (Duration: 29.4ms | Allocations: 6267)
  Rendered layout layouts/application.html.erb (Duration: 30.4ms | Allocations: 6361)
Completed 500 Internal Server Error in 39ms (ActiveRecord: 0.9ms | Allocations: 7684)


  
ActionView::Template::Error (undefined local variable or method `new_artist_path' for #<ActionView::Base:0x00000000013038>

'.freeze;@output_buffer.append=( link_to "New artist", new_artist_path );
                                                       ^^^^^^^^^^^^^^^):
    11:   <% end %>
    12: </div>
    13: 
    14: <%= link_to "New artist", new_artist_path %>
  
app/views/artists/index.html.erb:14
Started GET "/artists" for 127.0.0.1 at 2022-06-30 21:25:11 +0300
Processing by ArtistsController#index as HTML
  Rendering layout layouts/application.html.erb
  Rendering artists/index.html.erb within layouts/application
  [1m[35m (0.1ms)[0m  [1m[34mSELECT sqlite_version(*)[0m
  ↳ app/views/artists/index.html.erb:6
  [1m[36mArtist Load (0.2ms)[0m  [1m[34mSELECT "artists".* FROM "artists"[0m
  ↳ app/views/artists/index.html.erb:6
  Rendered artists/index.html.erb within layouts/application (Duration: 5.4ms | Allocations: 1627)
  Rendered layout layouts/application.html.erb (Duration: 469.3ms | Allocations: 92086)
Completed 200 OK in 475ms (Views: 471.1ms | ActiveRecord: 0.7ms | Allocations: 93447)


Started GET "/artists/new" for 127.0.0.1 at 2022-06-30 21:25:33 +0300
Processing by ArtistsController#new as HTML
  Rendering layout layouts/application.html.erb
  Rendering artists/new.html.erb within layouts/application
  Rendered artists/_form.html.erb (Duration: 27.4ms | Allocations: 5302)
  Rendered artists/new.html.erb within layouts/application (Duration: 29.1ms | Allocations: 5667)
  Rendered layout layouts/application.html.erb (Duration: 33.7ms | Allocations: 7995)
Completed 200 OK in 44ms (Views: 34.5ms | ActiveRecord: 0.6ms | Allocations: 12882)


Started POST "/artists" for 127.0.0.1 at 2022-06-30 21:31:00 +0300
Processing by ArtistsController#create as TURBO_STREAM
  Parameters: {"authenticity_token"=>"[FILTERED]", "artist"=>{"name"=>"Alex", "age"=>"35", "country"=>"USA", "lang"=>"English"}, "commit"=>"Create Artist"}
  [1m[35m (0.1ms)[0m  [1m[34mSELECT sqlite_version(*)[0m
  ↳ app/controllers/artists_controller.rb:27:in `block in create'
  [1m[36mTRANSACTION (0.0ms)[0m  [1m[36mbegin transaction[0m
  ↳ app/controllers/artists_controller.rb:27:in `block in create'
  [1m[36mArtist Create (0.4ms)[0m  [1m[32mINSERT INTO "artists" ("name", "age", "country", "lang", "created_at", "updated_at") VALUES (?, ?, ?, ?, ?, ?)[0m  [["name", "Alex"], ["age", 35], ["country", "USA"], ["lang", "English"], ["created_at", "2022-06-30 18:31:00.168983"], ["updated_at", "2022-06-30 18:31:00.168983"]]
  ↳ app/controllers/artists_controller.rb:27:in `block in create'
  [1m[36mTRANSACTION (0.8ms)[0m  [1m[36mcommit transaction[0m
  ↳ app/controllers/artists_controller.rb:27:in `block in create'
Redirected to http://127.0.0.1:3000/artists/1
Completed 302 Found in 8ms (ActiveRecord: 1.5ms | Allocations: 4321)


Started GET "/artists/1" for 127.0.0.1 at 2022-06-30 21:31:00 +0300
Processing by ArtistsController#show as TURBO_STREAM
  Parameters: {"id"=>"1"}
  [1m[36mArtist Load (0.2ms)[0m  [1m[34mSELECT "artists".* FROM "artists" WHERE "artists"."id" = ? LIMIT ?[0m  [["id", 1], ["LIMIT", 1]]
  ↳ app/controllers/artists_controller.rb:63:in `set_artist'
  Rendering layout layouts/application.html.erb
  Rendering artists/show.html.erb within layouts/application
  Rendered artists/_artist.html.erb (Duration: 0.4ms | Allocations: 286)
  Rendered artists/show.html.erb within layouts/application (Duration: 4.3ms | Allocations: 1674)
  Rendered layout layouts/application.html.erb (Duration: 6.8ms | Allocations: 3978)
Completed 200 OK in 11ms (Views: 7.2ms | ActiveRecord: 0.2ms | Allocations: 6786)


Started GET "/artists/1/edit" for 127.0.0.1 at 2022-06-30 21:34:00 +0300
Processing by ArtistsController#edit as HTML
  Parameters: {"id"=>"1"}
  [1m[36mArtist Load (0.1ms)[0m  [1m[34mSELECT "artists".* FROM "artists" WHERE "artists"."id" = ? LIMIT ?[0m  [["id", 1], ["LIMIT", 1]]
  ↳ app/controllers/artists_controller.rb:63:in `set_artist'
  Rendering layout layouts/application.html.erb
  Rendering artists/edit.html.erb within layouts/application
  Rendered artists/_form.html.erb (Duration: 4.7ms | Allocations: 1697)
  Rendered artists/edit.html.erb within layouts/application (Duration: 5.7ms | Allocations: 2012)
  Rendered layout layouts/application.html.erb (Duration: 10.8ms | Allocations: 4224)
Completed 200 OK in 14ms (Views: 11.3ms | ActiveRecord: 0.1ms | Allocations: 5136)


Started PATCH "/artists/1" for 127.0.0.1 at 2022-06-30 21:34:54 +0300
Processing by ArtistsController#update as TURBO_STREAM
  Parameters: {"authenticity_token"=>"[FILTERED]", "artist"=>{"name"=>"AlexMalcowich", "age"=>"35", "country"=>"USA", "lang"=>"English"}, "commit"=>"Update Artist", "id"=>"1"}
  [1m[36mArtist Load (0.1ms)[0m  [1m[34mSELECT "artists".* FROM "artists" WHERE "artists"."id" = ? LIMIT ?[0m  [["id", 1], ["LIMIT", 1]]
  ↳ app/controllers/artists_controller.rb:63:in `set_artist'
  [1m[36mTRANSACTION (0.0ms)[0m  [1m[36mbegin transaction[0m
  ↳ app/controllers/artists_controller.rb:40:in `block in update'
  [1m[36mArtist Update (0.3ms)[0m  [1m[33mUPDATE "artists" SET "name" = ?, "updated_at" = ? WHERE "artists"."id" = ?[0m  [["name", "AlexMalcowich"], ["updated_at", "2022-06-30 18:34:54.428770"], ["id", 1]]
  ↳ app/controllers/artists_controller.rb:40:in `block in update'
  [1m[36mTRANSACTION (1.2ms)[0m  [1m[36mcommit transaction[0m
  ↳ app/controllers/artists_controller.rb:40:in `block in update'
Redirected to http://127.0.0.1:3000/artists/1
Completed 302 Found in 6ms (ActiveRecord: 1.6ms | Allocations: 3103)


Started GET "/artists/1" for 127.0.0.1 at 2022-06-30 21:34:54 +0300
Processing by ArtistsController#show as TURBO_STREAM
  Parameters: {"id"=>"1"}
  [1m[36mArtist Load (0.1ms)[0m  [1m[34mSELECT "artists".* FROM "artists" WHERE "artists"."id" = ? LIMIT ?[0m  [["id", 1], ["LIMIT", 1]]
  ↳ app/controllers/artists_controller.rb:63:in `set_artist'
  Rendering layout layouts/application.html.erb
  Rendering artists/show.html.erb within layouts/application
  Rendered artists/_artist.html.erb (Duration: 0.1ms | Allocations: 30)
  Rendered artists/show.html.erb within layouts/application (Duration: 0.8ms | Allocations: 605)
  Rendered layout layouts/application.html.erb (Duration: 3.9ms | Allocations: 2808)
Completed 200 OK in 6ms (Views: 4.4ms | ActiveRecord: 0.1ms | Allocations: 3571)


Started GET "/artists" for 127.0.0.1 at 2022-06-30 21:35:00 +0300
Processing by ArtistsController#index as HTML
  Rendering layout layouts/application.html.erb
  Rendering artists/index.html.erb within layouts/application
  [1m[36mArtist Load (0.2ms)[0m  [1m[34mSELECT "artists".* FROM "artists"[0m
  ↳ app/views/artists/index.html.erb:6
  Rendered artists/_artist.html.erb (Duration: 0.1ms | Allocations: 30)
  Rendered artists/index.html.erb within layouts/application (Duration: 1.8ms | Allocations: 1001)
  Rendered layout layouts/application.html.erb (Duration: 5.7ms | Allocations: 3206)
Completed 200 OK in 7ms (Views: 6.0ms | ActiveRecord: 0.2ms | Allocations: 3493)


Started GET "/artists/new" for 127.0.0.1 at 2022-06-30 21:35:03 +0300
Processing by ArtistsController#new as HTML
  Rendering layout layouts/application.html.erb
  Rendering artists/new.html.erb within layouts/application
  Rendered artists/_form.html.erb (Duration: 1.9ms | Allocations: 1470)
  Rendered artists/new.html.erb within layouts/application (Duration: 2.2ms | Allocations: 1578)
  Rendered layout layouts/application.html.erb (Duration: 4.8ms | Allocations: 3783)
Completed 200 OK in 6ms (Views: 5.4ms | ActiveRecord: 0.0ms | Allocations: 4072)


Started GET "/artists" for 127.0.0.1 at 2022-06-30 21:35:11 +0300
Processing by ArtistsController#index as HTML
  Rendering layout layouts/application.html.erb
  Rendering artists/index.html.erb within layouts/application
  [1m[36mArtist Load (0.2ms)[0m  [1m[34mSELECT "artists".* FROM "artists"[0m
  ↳ app/views/artists/index.html.erb:6
  Rendered artists/_artist.html.erb (Duration: 0.1ms | Allocations: 30)
  Rendered artists/index.html.erb within layouts/application (Duration: 2.5ms | Allocations: 937)
  Rendered layout layouts/application.html.erb (Duration: 5.3ms | Allocations: 3142)
Completed 200 OK in 7ms (Views: 5.6ms | ActiveRecord: 0.2ms | Allocations: 3423)


Started GET "/artists/1" for 127.0.0.1 at 2022-06-30 21:35:14 +0300
Processing by ArtistsController#show as HTML
  Parameters: {"id"=>"1"}
  [1m[36mArtist Load (0.1ms)[0m  [1m[34mSELECT "artists".* FROM "artists" WHERE "artists"."id" = ? LIMIT ?[0m  [["id", 1], ["LIMIT", 1]]
  ↳ app/controllers/artists_controller.rb:63:in `set_artist'
  Rendering layout layouts/application.html.erb
  Rendering artists/show.html.erb within layouts/application
  Rendered artists/_artist.html.erb (Duration: 0.1ms | Allocations: 30)
  Rendered artists/show.html.erb within layouts/application (Duration: 1.6ms | Allocations: 583)
  Rendered layout layouts/application.html.erb (Duration: 5.4ms | Allocations: 2780)
Completed 200 OK in 8ms (Views: 6.2ms | ActiveRecord: 0.1ms | Allocations: 3539)


Started GET "/artists/1/edit" for 127.0.0.1 at 2022-06-30 21:36:45 +0300
Processing by ArtistsController#edit as HTML
  Parameters: {"id"=>"1"}
  [1m[36mArtist Load (1.3ms)[0m  [1m[34mSELECT "artists".* FROM "artists" WHERE "artists"."id" = ? LIMIT ?[0m  [["id", 1], ["LIMIT", 1]]
  ↳ app/controllers/artists_controller.rb:63:in `set_artist'
  Rendering layout layouts/application.html.erb
  Rendering artists/edit.html.erb within layouts/application
  Rendered artists/_form.html.erb (Duration: 2.9ms | Allocations: 1540)
  Rendered artists/edit.html.erb within layouts/application (Duration: 3.4ms | Allocations: 1684)
  Rendered layout layouts/application.html.erb (Duration: 7.1ms | Allocations: 3883)
Completed 200 OK in 11ms (Views: 7.7ms | ActiveRecord: 1.3ms | Allocations: 4642)


Started GET "/artists/1" for 127.0.0.1 at 2022-06-30 21:36:54 +0300
Processing by ArtistsController#show as HTML
  Parameters: {"id"=>"1"}
  [1m[36mArtist Load (0.1ms)[0m  [1m[34mSELECT "artists".* FROM "artists" WHERE "artists"."id" = ? LIMIT ?[0m  [["id", 1], ["LIMIT", 1]]
  ↳ app/controllers/artists_controller.rb:63:in `set_artist'
  Rendering layout layouts/application.html.erb
  Rendering artists/show.html.erb within layouts/application
  Rendered artists/_artist.html.erb (Duration: 0.1ms | Allocations: 30)
  Rendered artists/show.html.erb within layouts/application (Duration: 1.0ms | Allocations: 598)
  Rendered layout layouts/application.html.erb (Duration: 6.6ms | Allocations: 2799)
Completed 200 OK in 9ms (Views: 7.8ms | ActiveRecord: 0.1ms | Allocations: 3558)


Started GET "/artists/1/edit" for 127.0.0.1 at 2022-06-30 21:39:43 +0300
Processing by ArtistsController#edit as HTML
  Parameters: {"id"=>"1"}
  [1m[36mArtist Load (0.2ms)[0m  [1m[34mSELECT "artists".* FROM "artists" WHERE "artists"."id" = ? LIMIT ?[0m  [["id", 1], ["LIMIT", 1]]
  ↳ app/controllers/artists_controller.rb:63:in `set_artist'
  Rendering layout layouts/application.html.erb
  Rendering artists/edit.html.erb within layouts/application
  Rendered artists/_form.html.erb (Duration: 13.0ms | Allocations: 8257)
  Rendered artists/edit.html.erb within layouts/application (Duration: 14.4ms | Allocations: 8594)
  Rendered layout layouts/application.html.erb (Duration: 14.6ms | Allocations: 8688)
Completed 500 Internal Server Error in 28ms (ActiveRecord: 0.2ms | Allocations: 9981)


  
ActionView::Template::Error (undefined method `new?' for #<Artist id: 1, name: "AlexMalcowich", age: 35, country: "USA", lang: "English", created_at: "2022-06-30 18:31:00.168983000 +0000", updated_at: "2022-06-30 18:34:54.428770000 +0000">):
    1: <% method = artist.new? ? :post : :put %>
    2: <%= form_with(model: artist, method: method) do |form| %>
    3: 
    4:   <% if artist.errors.any? %>
  
app/views/artists/_form.html.erb:1
app/views/artists/edit.html.erb:3
Started GET "/artists/1/edit" for 127.0.0.1 at 2022-06-30 21:40:00 +0300
Processing by ArtistsController#edit as HTML
  Parameters: {"id"=>"1"}
  [1m[36mArtist Load (0.2ms)[0m  [1m[34mSELECT "artists".* FROM "artists" WHERE "artists"."id" = ? LIMIT ?[0m  [["id", 1], ["LIMIT", 1]]
  ↳ app/controllers/artists_controller.rb:63:in `set_artist'
  Rendering layout layouts/application.html.erb
  Rendering artists/edit.html.erb within layouts/application
  Rendered artists/_form.html.erb (Duration: 4.6ms | Allocations: 2198)
  Rendered artists/edit.html.erb within layouts/application (Duration: 5.9ms | Allocations: 2613)
  Rendered layout layouts/application.html.erb (Duration: 13.0ms | Allocations: 5197)
Completed 200 OK in 18ms (Views: 15.0ms | ActiveRecord: 0.2ms | Allocations: 6579)


Started GET "/artists/1" for 127.0.0.1 at 2022-06-30 21:40:39 +0300
Processing by ArtistsController#show as HTML
  Parameters: {"id"=>"1"}
  [1m[36mArtist Load (0.1ms)[0m  [1m[34mSELECT "artists".* FROM "artists" WHERE "artists"."id" = ? LIMIT ?[0m  [["id", 1], ["LIMIT", 1]]
  ↳ app/controllers/artists_controller.rb:63:in `set_artist'
  Rendering layout layouts/application.html.erb
  Rendering artists/show.html.erb within layouts/application
  Rendered artists/_artist.html.erb (Duration: 0.6ms | Allocations: 228)
  Rendered artists/show.html.erb within layouts/application (Duration: 2.8ms | Allocations: 1085)
  Rendered layout layouts/application.html.erb (Duration: 7.3ms | Allocations: 3282)
Completed 200 OK in 10ms (Views: 7.8ms | ActiveRecord: 0.1ms | Allocations: 4192)


Started GET "/artists" for 127.0.0.1 at 2022-06-30 21:40:41 +0300
Processing by ArtistsController#index as HTML
  Rendering layout layouts/application.html.erb
  Rendering artists/index.html.erb within layouts/application
  [1m[36mArtist Load (0.2ms)[0m  [1m[34mSELECT "artists".* FROM "artists"[0m
  ↳ app/views/artists/index.html.erb:6
  Rendered artists/_artist.html.erb (Duration: 0.4ms | Allocations: 30)
  Rendered artists/index.html.erb within layouts/application (Duration: 4.4ms | Allocations: 1191)
  Rendered layout layouts/application.html.erb (Duration: 10.3ms | Allocations: 3396)
Completed 200 OK in 12ms (Views: 10.6ms | ActiveRecord: 0.2ms | Allocations: 3756)


Started GET "/artists/new" for 127.0.0.1 at 2022-06-30 21:40:43 +0300
Processing by ArtistsController#new as HTML
  Rendering layout layouts/application.html.erb
  Rendering artists/new.html.erb within layouts/application
  Rendered artists/_form.html.erb (Duration: 3.0ms | Allocations: 1447)
  Rendered artists/new.html.erb within layouts/application (Duration: 4.5ms | Allocations: 1700)
  Rendered layout layouts/application.html.erb (Duration: 10.7ms | Allocations: 3905)
Completed 200 OK in 12ms (Views: 11.2ms | ActiveRecord: 0.0ms | Allocations: 4247)


Started GET "/artists" for 127.0.0.1 at 2022-06-30 21:41:02 +0300
Processing by ArtistsController#index as HTML
  Rendering layout layouts/application.html.erb
  Rendering artists/index.html.erb within layouts/application
  [1m[36mArtist Load (0.4ms)[0m  [1m[34mSELECT "artists".* FROM "artists"[0m
  ↳ app/views/artists/index.html.erb:6
  Rendered artists/_artist.html.erb (Duration: 0.1ms | Allocations: 30)
  Rendered artists/index.html.erb within layouts/application (Duration: 3.7ms | Allocations: 925)
  Rendered layout layouts/application.html.erb (Duration: 10.4ms | Allocations: 3130)
Completed 200 OK in 15ms (Views: 11.6ms | ActiveRecord: 0.4ms | Allocations: 3411)


Started GET "/artists/1" for 127.0.0.1 at 2022-06-30 21:41:03 +0300
Processing by ArtistsController#show as HTML
  Parameters: {"id"=>"1"}
  [1m[36mArtist Load (0.2ms)[0m  [1m[34mSELECT "artists".* FROM "artists" WHERE "artists"."id" = ? LIMIT ?[0m  [["id", 1], ["LIMIT", 1]]
  ↳ app/controllers/artists_controller.rb:63:in `set_artist'
  Rendering layout layouts/application.html.erb
  Rendering artists/show.html.erb within layouts/application
  Rendered artists/_artist.html.erb (Duration: 0.2ms | Allocations: 30)
  Rendered artists/show.html.erb within layouts/application (Duration: 2.6ms | Allocations: 574)
  Rendered layout layouts/application.html.erb (Duration: 8.4ms | Allocations: 2771)
Completed 200 OK in 14ms (Views: 9.5ms | ActiveRecord: 0.2ms | Allocations: 3530)


Started GET "/artists/1/edit" for 127.0.0.1 at 2022-06-30 21:41:05 +0300
Processing by ArtistsController#edit as HTML
  Parameters: {"id"=>"1"}
  [1m[36mArtist Load (0.2ms)[0m  [1m[34mSELECT "artists".* FROM "artists" WHERE "artists"."id" = ? LIMIT ?[0m  [["id", 1], ["LIMIT", 1]]
  ↳ app/controllers/artists_controller.rb:63:in `set_artist'
  Rendering layout layouts/application.html.erb
  Rendering artists/edit.html.erb within layouts/application
  Rendered artists/_form.html.erb (Duration: 3.7ms | Allocations: 1549)
  Rendered artists/edit.html.erb within layouts/application (Duration: 4.1ms | Allocations: 1693)
  Rendered layout layouts/application.html.erb (Duration: 10.0ms | Allocations: 3890)
Completed 200 OK in 14ms (Views: 10.6ms | ActiveRecord: 0.2ms | Allocations: 4649)


Started GET "/artists/1" for 127.0.0.1 at 2022-06-30 21:42:40 +0300
Processing by ArtistsController#show as HTML
  Parameters: {"id"=>"1"}
  [1m[36mArtist Load (0.1ms)[0m  [1m[34mSELECT "artists".* FROM "artists" WHERE "artists"."id" = ? LIMIT ?[0m  [["id", 1], ["LIMIT", 1]]
  ↳ app/controllers/artists_controller.rb:63:in `set_artist'
  Rendering layout layouts/application.html.erb
  Rendering artists/show.html.erb within layouts/application
  Rendered artists/_artist.html.erb (Duration: 0.1ms | Allocations: 30)
  Rendered artists/show.html.erb within layouts/application (Duration: 1.5ms | Allocations: 586)
  Rendered layout layouts/application.html.erb (Duration: 7.1ms | Allocations: 2783)
Completed 200 OK in 12ms (Views: 10.2ms | ActiveRecord: 0.1ms | Allocations: 3542)


Started GET "/artists" for 127.0.0.1 at 2022-06-30 21:42:42 +0300
Processing by ArtistsController#index as HTML
  Rendering layout layouts/application.html.erb
  Rendering artists/index.html.erb within layouts/application
  [1m[36mArtist Load (0.1ms)[0m  [1m[34mSELECT "artists".* FROM "artists"[0m
  ↳ app/views/artists/index.html.erb:6
  Rendered artists/_artist.html.erb (Duration: 0.1ms | Allocations: 30)
  Rendered artists/index.html.erb within layouts/application (Duration: 2.5ms | Allocations: 934)
  Rendered layout layouts/application.html.erb (Duration: 7.5ms | Allocations: 3139)
Completed 200 OK in 9ms (Views: 7.9ms | ActiveRecord: 0.1ms | Allocations: 3420)


Started GET "/artists/new" for 127.0.0.1 at 2022-06-30 21:42:43 +0300
Processing by ArtistsController#new as HTML
  Rendering layout layouts/application.html.erb
  Rendering artists/new.html.erb within layouts/application
  Rendered artists/_form.html.erb (Duration: 3.5ms | Allocations: 1458)
  Rendered artists/new.html.erb within layouts/application (Duration: 4.2ms | Allocations: 1566)
  Rendered layout layouts/application.html.erb (Duration: 10.4ms | Allocations: 3771)
Completed 200 OK in 12ms (Views: 10.9ms | ActiveRecord: 0.0ms | Allocations: 4056)


Started POST "/artists" for 127.0.0.1 at 2022-06-30 21:42:56 +0300
Processing by ArtistsController#create as TURBO_STREAM
  Parameters: {"authenticity_token"=>"[FILTERED]", "artist"=>{"name"=>"Max", "age"=>"33", "country"=>"UA", "lang"=>"Many"}, "commit"=>"Create Artist"}
  [1m[36mTRANSACTION (0.1ms)[0m  [1m[36mbegin transaction[0m
  ↳ app/controllers/artists_controller.rb:27:in `block in create'
  [1m[36mArtist Create (0.6ms)[0m  [1m[32mINSERT INTO "artists" ("name", "age", "country", "lang", "created_at", "updated_at") VALUES (?, ?, ?, ?, ?, ?)[0m  [["name", "Max"], ["age", 33], ["country", "UA"], ["lang", "Many"], ["created_at", "2022-06-30 18:42:56.019215"], ["updated_at", "2022-06-30 18:42:56.019215"]]
  ↳ app/controllers/artists_controller.rb:27:in `block in create'
  [1m[36mTRANSACTION (1.6ms)[0m  [1m[36mcommit transaction[0m
  ↳ app/controllers/artists_controller.rb:27:in `block in create'
Redirected to http://127.0.0.1:3000/artists/2
Completed 302 Found in 13ms (ActiveRecord: 2.3ms | Allocations: 2369)


Started GET "/artists/2" for 127.0.0.1 at 2022-06-30 21:42:56 +0300
Processing by ArtistsController#show as TURBO_STREAM
  Parameters: {"id"=>"2"}
  [1m[36mArtist Load (0.1ms)[0m  [1m[34mSELECT "artists".* FROM "artists" WHERE "artists"."id" = ? LIMIT ?[0m  [["id", 2], ["LIMIT", 1]]
  ↳ app/controllers/artists_controller.rb:63:in `set_artist'
  Rendering layout layouts/application.html.erb
  Rendering artists/show.html.erb within layouts/application
  Rendered artists/_artist.html.erb (Duration: 0.1ms | Allocations: 30)
  Rendered artists/show.html.erb within layouts/application (Duration: 0.8ms | Allocations: 654)
  Rendered layout layouts/application.html.erb (Duration: 3.5ms | Allocations: 2868)
Completed 200 OK in 5ms (Views: 3.8ms | ActiveRecord: 0.1ms | Allocations: 3675)


Started GET "/artists" for 127.0.0.1 at 2022-06-30 21:43:01 +0300
Processing by ArtistsController#index as HTML
  Rendering layout layouts/application.html.erb
  Rendering artists/index.html.erb within layouts/application
  [1m[36mArtist Load (0.1ms)[0m  [1m[34mSELECT "artists".* FROM "artists"[0m
  ↳ app/views/artists/index.html.erb:6
  Rendered artists/_artist.html.erb (Duration: 0.1ms | Allocations: 30)
  Rendered artists/_artist.html.erb (Duration: 0.0ms | Allocations: 29)
  Rendered artists/index.html.erb within layouts/application (Duration: 1.8ms | Allocations: 1096)
  Rendered layout layouts/application.html.erb (Duration: 8.2ms | Allocations: 3312)
Completed 200 OK in 9ms (Views: 8.6ms | ActiveRecord: 0.1ms | Allocations: 3594)


  [1m[35m (0.8ms)[0m  [1m[34mSELECT sqlite_version(*)[0m
  [1m[36mActiveRecord::SchemaMigration Pluck (0.2ms)[0m  [1m[34mSELECT "schema_migrations"."version" FROM "schema_migrations" ORDER BY "schema_migrations"."version" ASC[0m
Migrating to AddSexToArtist (20220630184509)
  [1m[36mTRANSACTION (0.1ms)[0m  [1m[36mbegin transaction[0m
  [1m[35m (0.5ms)[0m  [1m[35mALTER TABLE "artists" ADD "sex" varchar[0m
  [1m[36mActiveRecord::SchemaMigration Create (0.2ms)[0m  [1m[32mINSERT INTO "schema_migrations" ("version") VALUES (?)[0m  [["version", "20220630184509"]]
  [1m[36mTRANSACTION (0.7ms)[0m  [1m[36mcommit transaction[0m
  [1m[36mActiveRecord::InternalMetadata Load (0.1ms)[0m  [1m[34mSELECT "ar_internal_metadata".* FROM "ar_internal_metadata" WHERE "ar_internal_metadata"."key" = ? LIMIT ?[0m  [["key", "environment"], ["LIMIT", 1]]
  [1m[35m (0.1ms)[0m  [1m[34mSELECT sqlite_version(*)[0m
  [1m[36mActiveRecord::SchemaMigration Pluck (0.1ms)[0m  [1m[34mSELECT "schema_migrations"."version" FROM "schema_migrations" ORDER BY "schema_migrations"."version" ASC[0m
Started GET "/artists" for 127.0.0.1 at 2022-06-30 21:48:07 +0300
  [1m[35m (0.6ms)[0m  [1m[34mSELECT sqlite_version(*)[0m
  [1m[36mActiveRecord::SchemaMigration Pluck (0.1ms)[0m  [1m[34mSELECT "schema_migrations"."version" FROM "schema_migrations" ORDER BY "schema_migrations"."version" ASC[0m
Processing by ArtistsController#index as HTML
  Rendering layout layouts/application.html.erb
  Rendering artists/index.html.erb within layouts/application
  [1m[36mArtist Load (0.2ms)[0m  [1m[34mSELECT "artists".* FROM "artists"[0m
  ↳ app/views/artists/index.html.erb:6
  Rendered artists/_artist.html.erb (Duration: 0.5ms | Allocations: 339)
  Rendered artists/_artist.html.erb (Duration: 0.1ms | Allocations: 29)
  Rendered artists/index.html.erb within layouts/application (Duration: 14.0ms | Allocations: 7663)
  Rendered layout layouts/application.html.erb (Duration: 66.6ms | Allocations: 42155)
Completed 200 OK in 79ms (Views: 70.0ms | ActiveRecord: 0.7ms | Allocations: 46239)


Started GET "/artists/1" for 127.0.0.1 at 2022-06-30 21:48:13 +0300
Processing by ArtistsController#show as HTML
  Parameters: {"id"=>"1"}
  [1m[36mArtist Load (0.2ms)[0m  [1m[34mSELECT "artists".* FROM "artists" WHERE "artists"."id" = ? LIMIT ?[0m  [["id", 1], ["LIMIT", 1]]
  ↳ app/controllers/artists_controller.rb:63:in `set_artist'
  Rendering layout layouts/application.html.erb
  Rendering artists/show.html.erb within layouts/application
  Rendered artists/_artist.html.erb (Duration: 0.2ms | Allocations: 36)
  Rendered artists/show.html.erb within layouts/application (Duration: 2.4ms | Allocations: 976)
  Rendered layout layouts/application.html.erb (Duration: 7.2ms | Allocations: 3280)
Completed 200 OK in 12ms (Views: 8.4ms | ActiveRecord: 0.2ms | Allocations: 6136)


Started GET "/artists/1/edit" for 127.0.0.1 at 2022-06-30 21:48:15 +0300
Processing by ArtistsController#edit as HTML
  Parameters: {"id"=>"1"}
  [1m[36mArtist Load (0.1ms)[0m  [1m[34mSELECT "artists".* FROM "artists" WHERE "artists"."id" = ? LIMIT ?[0m  [["id", 1], ["LIMIT", 1]]
  ↳ app/controllers/artists_controller.rb:63:in `set_artist'
  Rendering layout layouts/application.html.erb
  Rendering artists/edit.html.erb within layouts/application
  Rendered artists/_form.html.erb (Duration: 14.1ms | Allocations: 4557)
  Rendered artists/edit.html.erb within layouts/application (Duration: 15.2ms | Allocations: 4956)
  Rendered layout layouts/application.html.erb (Duration: 18.5ms | Allocations: 7262)
Completed 200 OK in 21ms (Views: 19.2ms | ActiveRecord: 0.1ms | Allocations: 8126)


Started PATCH "/artists/1" for 127.0.0.1 at 2022-06-30 21:48:25 +0300
Processing by ArtistsController#update as TURBO_STREAM
  Parameters: {"authenticity_token"=>"[FILTERED]", "artist"=>{"name"=>"AlexMalcowich", "age"=>"35", "country"=>"USA", "lang"=>"English", "sex"=>"male"}, "commit"=>"Update Artist", "id"=>"1"}
  [1m[36mArtist Load (0.1ms)[0m  [1m[34mSELECT "artists".* FROM "artists" WHERE "artists"."id" = ? LIMIT ?[0m  [["id", 1], ["LIMIT", 1]]
  ↳ app/controllers/artists_controller.rb:63:in `set_artist'
  [1m[36mTRANSACTION (0.1ms)[0m  [1m[36mbegin transaction[0m
  ↳ app/controllers/artists_controller.rb:40:in `block in update'
  [1m[36mArtist Update (0.4ms)[0m  [1m[33mUPDATE "artists" SET "updated_at" = ?, "sex" = ? WHERE "artists"."id" = ?[0m  [["updated_at", "2022-06-30 18:48:25.511568"], ["sex", "male"], ["id", 1]]
  ↳ app/controllers/artists_controller.rb:40:in `block in update'
  [1m[36mTRANSACTION (2.2ms)[0m  [1m[36mcommit transaction[0m
  ↳ app/controllers/artists_controller.rb:40:in `block in update'
Redirected to http://127.0.0.1:3000/artists/1
Completed 302 Found in 10ms (ActiveRecord: 2.8ms | Allocations: 4385)


Started GET "/artists/1" for 127.0.0.1 at 2022-06-30 21:48:25 +0300
Processing by ArtistsController#show as TURBO_STREAM
  Parameters: {"id"=>"1"}
  [1m[36mArtist Load (0.1ms)[0m  [1m[34mSELECT "artists".* FROM "artists" WHERE "artists"."id" = ? LIMIT ?[0m  [["id", 1], ["LIMIT", 1]]
  ↳ app/controllers/artists_controller.rb:63:in `set_artist'
  Rendering layout layouts/application.html.erb
  Rendering artists/show.html.erb within layouts/application
  Rendered artists/_artist.html.erb (Duration: 0.1ms | Allocations: 35)
  Rendered artists/show.html.erb within layouts/application (Duration: 0.9ms | Allocations: 716)
  Rendered layout layouts/application.html.erb (Duration: 3.7ms | Allocations: 3013)
Completed 200 OK in 5ms (Views: 4.1ms | ActiveRecord: 0.1ms | Allocations: 3861)


Started GET "/artists" for 127.0.0.1 at 2022-06-30 21:48:32 +0300
Processing by ArtistsController#index as HTML
  Rendering layout layouts/application.html.erb
  Rendering artists/index.html.erb within layouts/application
  [1m[36mArtist Load (0.1ms)[0m  [1m[34mSELECT "artists".* FROM "artists"[0m
  ↳ app/views/artists/index.html.erb:6
  Rendered artists/_artist.html.erb (Duration: 0.1ms | Allocations: 32)
  Rendered artists/_artist.html.erb (Duration: 0.1ms | Allocations: 29)
  Rendered artists/index.html.erb within layouts/application (Duration: 1.9ms | Allocations: 1108)
  Rendered layout layouts/application.html.erb (Duration: 4.5ms | Allocations: 3314)
Completed 200 OK in 6ms (Views: 4.9ms | ActiveRecord: 0.1ms | Allocations: 3605)


Started GET "/artists/new" for 127.0.0.1 at 2022-06-30 21:48:34 +0300
Processing by ArtistsController#new as HTML
  Rendering layout layouts/application.html.erb
  Rendering artists/new.html.erb within layouts/application
  Rendered artists/_form.html.erb (Duration: 6.6ms | Allocations: 1850)
  Rendered artists/new.html.erb within layouts/application (Duration: 7.4ms | Allocations: 2131)
  Rendered layout layouts/application.html.erb (Duration: 13.5ms | Allocations: 4336)
Completed 200 OK in 15ms (Views: 13.9ms | ActiveRecord: 0.0ms | Allocations: 4728)


Started POST "/artists" for 127.0.0.1 at 2022-06-30 21:49:07 +0300
Processing by ArtistsController#create as TURBO_STREAM
  Parameters: {"authenticity_token"=>"[FILTERED]", "artist"=>{"name"=>"Ledy Gaga", "age"=>"38", "country"=>"USA", "lang"=>"English", "sex"=>"female"}, "commit"=>"Create Artist"}
  [1m[36mTRANSACTION (0.1ms)[0m  [1m[36mbegin transaction[0m
  ↳ app/controllers/artists_controller.rb:27:in `block in create'
  [1m[36mArtist Create (0.4ms)[0m  [1m[32mINSERT INTO "artists" ("name", "age", "country", "lang", "created_at", "updated_at", "sex") VALUES (?, ?, ?, ?, ?, ?, ?)[0m  [["name", "Ledy Gaga"], ["age", 38], ["country", "USA"], ["lang", "English"], ["created_at", "2022-06-30 18:49:07.998035"], ["updated_at", "2022-06-30 18:49:07.998035"], ["sex", "female"]]
  ↳ app/controllers/artists_controller.rb:27:in `block in create'
  [1m[36mTRANSACTION (1.1ms)[0m  [1m[36mcommit transaction[0m
  ↳ app/controllers/artists_controller.rb:27:in `block in create'
Redirected to http://127.0.0.1:3000/artists/3
Completed 302 Found in 9ms (ActiveRecord: 1.6ms | Allocations: 2406)


Started GET "/artists/3" for 127.0.0.1 at 2022-06-30 21:49:08 +0300
Processing by ArtistsController#show as TURBO_STREAM
  Parameters: {"id"=>"3"}
  [1m[36mArtist Load (0.1ms)[0m  [1m[34mSELECT "artists".* FROM "artists" WHERE "artists"."id" = ? LIMIT ?[0m  [["id", 3], ["LIMIT", 1]]
  ↳ app/controllers/artists_controller.rb:63:in `set_artist'
  Rendering layout layouts/application.html.erb
  Rendering artists/show.html.erb within layouts/application
  Rendered artists/_artist.html.erb (Duration: 0.1ms | Allocations: 32)
  Rendered artists/show.html.erb within layouts/application (Duration: 0.8ms | Allocations: 600)
  Rendered layout layouts/application.html.erb (Duration: 4.8ms | Allocations: 2797)
Completed 200 OK in 6ms (Views: 5.2ms | ActiveRecord: 0.1ms | Allocations: 3560)


Started GET "/artists" for 127.0.0.1 at 2022-06-30 21:49:10 +0300
Processing by ArtistsController#index as HTML
  Rendering layout layouts/application.html.erb
  Rendering artists/index.html.erb within layouts/application
  [1m[36mArtist Load (0.1ms)[0m  [1m[34mSELECT "artists".* FROM "artists"[0m
  ↳ app/views/artists/index.html.erb:6
  Rendered artists/_artist.html.erb (Duration: 0.1ms | Allocations: 32)
  Rendered artists/_artist.html.erb (Duration: 0.0ms | Allocations: 29)
  Rendered artists/_artist.html.erb (Duration: 0.0ms | Allocations: 31)
  Rendered artists/index.html.erb within layouts/application (Duration: 1.9ms | Allocations: 1234)
  Rendered layout layouts/application.html.erb (Duration: 18.7ms | Allocations: 3454)
Completed 200 OK in 20ms (Views: 19.0ms | ActiveRecord: 0.1ms | Allocations: 3736)


Started GET "/artists/3" for 127.0.0.1 at 2022-06-30 21:49:19 +0300
Processing by ArtistsController#show as HTML
  Parameters: {"id"=>"3"}
  [1m[36mArtist Load (0.1ms)[0m  [1m[34mSELECT "artists".* FROM "artists" WHERE "artists"."id" = ? LIMIT ?[0m  [["id", 3], ["LIMIT", 1]]
  ↳ app/controllers/artists_controller.rb:63:in `set_artist'
  Rendering layout layouts/application.html.erb
  Rendering artists/show.html.erb within layouts/application
  Rendered artists/_artist.html.erb (Duration: 0.1ms | Allocations: 32)
  Rendered artists/show.html.erb within layouts/application (Duration: 1.0ms | Allocations: 579)
  Rendered layout layouts/application.html.erb (Duration: 4.4ms | Allocations: 2776)
Completed 200 OK in 7ms (Views: 5.2ms | ActiveRecord: 0.1ms | Allocations: 3537)


Started GET "/artists/3/edit" for 127.0.0.1 at 2022-06-30 21:49:21 +0300
Processing by ArtistsController#edit as HTML
  Parameters: {"id"=>"3"}
  [1m[36mArtist Load (0.4ms)[0m  [1m[34mSELECT "artists".* FROM "artists" WHERE "artists"."id" = ? LIMIT ?[0m  [["id", 3], ["LIMIT", 1]]
  ↳ app/controllers/artists_controller.rb:63:in `set_artist'
  Rendering layout layouts/application.html.erb
  Rendering artists/edit.html.erb within layouts/application
  Rendered artists/_form.html.erb (Duration: 2.6ms | Allocations: 1840)
  Rendered artists/edit.html.erb within layouts/application (Duration: 2.9ms | Allocations: 1984)
  Rendered layout layouts/application.html.erb (Duration: 6.5ms | Allocations: 4181)
Completed 200 OK in 9ms (Views: 7.0ms | ActiveRecord: 0.4ms | Allocations: 4941)


Started PATCH "/artists/3" for 127.0.0.1 at 2022-06-30 21:49:27 +0300
Processing by ArtistsController#update as TURBO_STREAM
  Parameters: {"authenticity_token"=>"[FILTERED]", "artist"=>{"name"=>"Ledy Gaga", "age"=>"36", "country"=>"USA", "lang"=>"English", "sex"=>"female"}, "commit"=>"Update Artist", "id"=>"3"}
  [1m[36mArtist Load (0.1ms)[0m  [1m[34mSELECT "artists".* FROM "artists" WHERE "artists"."id" = ? LIMIT ?[0m  [["id", 3], ["LIMIT", 1]]
  ↳ app/controllers/artists_controller.rb:63:in `set_artist'
  [1m[36mTRANSACTION (0.2ms)[0m  [1m[36mbegin transaction[0m
  ↳ app/controllers/artists_controller.rb:40:in `block in update'
  [1m[36mArtist Update (0.5ms)[0m  [1m[33mUPDATE "artists" SET "age" = ?, "updated_at" = ? WHERE "artists"."id" = ?[0m  [["age", 36], ["updated_at", "2022-06-30 18:49:27.067062"], ["id", 3]]
  ↳ app/controllers/artists_controller.rb:40:in `block in update'
  [1m[36mTRANSACTION (1.6ms)[0m  [1m[36mcommit transaction[0m
  ↳ app/controllers/artists_controller.rb:40:in `block in update'
Redirected to http://127.0.0.1:3000/artists/3
Completed 302 Found in 9ms (ActiveRecord: 2.5ms | Allocations: 2815)


Started GET "/artists/3" for 127.0.0.1 at 2022-06-30 21:49:27 +0300
Processing by ArtistsController#show as TURBO_STREAM
  Parameters: {"id"=>"3"}
  [1m[36mArtist Load (0.3ms)[0m  [1m[34mSELECT "artists".* FROM "artists" WHERE "artists"."id" = ? LIMIT ?[0m  [["id", 3], ["LIMIT", 1]]
  ↳ app/controllers/artists_controller.rb:63:in `set_artist'
  Rendering layout layouts/application.html.erb
  Rendering artists/show.html.erb within layouts/application
  Rendered artists/_artist.html.erb (Duration: 0.1ms | Allocations: 32)
  Rendered artists/show.html.erb within layouts/application (Duration: 1.2ms | Allocations: 610)
  Rendered layout layouts/application.html.erb (Duration: 18.1ms | Allocations: 2807)
Completed 200 OK in 22ms (Views: 18.7ms | ActiveRecord: 0.3ms | Allocations: 3570)


  [1m[35m (0.6ms)[0m  [1m[34mSELECT sqlite_version(*)[0m
  [1m[36mActiveRecord::SchemaMigration Pluck (0.1ms)[0m  [1m[34mSELECT "schema_migrations"."version" FROM "schema_migrations" ORDER BY "schema_migrations"."version" ASC[0m
Migrating to CreateSongs (20220630185133)
  [1m[36mTRANSACTION (0.0ms)[0m  [1m[36mbegin transaction[0m
  [1m[35m (0.4ms)[0m  [1m[35mCREATE TABLE "songs" ("id" integer PRIMARY KEY AUTOINCREMENT NOT NULL, "title" varchar, "artist_id" integer NOT NULL, "size" integer, "cathegory" varchar, "created_at" datetime(6) NOT NULL, "updated_at" datetime(6) NOT NULL, CONSTRAINT "fk_rails_5ce8fd4cc7"
FOREIGN KEY ("artist_id")
  REFERENCES "artists" ("id")
)[0m
  [1m[35m (0.1ms)[0m  [1m[35mCREATE INDEX "index_songs_on_artist_id" ON "songs" ("artist_id")[0m
  [1m[36mActiveRecord::SchemaMigration Create (0.2ms)[0m  [1m[32mINSERT INTO "schema_migrations" ("version") VALUES (?)[0m  [["version", "20220630185133"]]
  [1m[36mTRANSACTION (0.9ms)[0m  [1m[36mcommit transaction[0m
  [1m[36mActiveRecord::InternalMetadata Load (0.2ms)[0m  [1m[34mSELECT "ar_internal_metadata".* FROM "ar_internal_metadata" WHERE "ar_internal_metadata"."key" = ? LIMIT ?[0m  [["key", "environment"], ["LIMIT", 1]]
  [1m[35m (0.0ms)[0m  [1m[34mSELECT sqlite_version(*)[0m
  [1m[36mActiveRecord::SchemaMigration Pluck (0.1ms)[0m  [1m[34mSELECT "schema_migrations"."version" FROM "schema_migrations" ORDER BY "schema_migrations"."version" ASC[0m
Started GET "/songs" for 127.0.0.1 at 2022-06-30 21:59:02 +0300
  [1m[35m (1.3ms)[0m  [1m[34mSELECT sqlite_version(*)[0m
  [1m[36mActiveRecord::SchemaMigration Pluck (0.2ms)[0m  [1m[34mSELECT "schema_migrations"."version" FROM "schema_migrations" ORDER BY "schema_migrations"."version" ASC[0m
Processing by SongsController#index as HTML
  Rendering layout layouts/application.html.erb
  Rendering songs/index.html.erb within layouts/application
  [1m[36mSong Load (0.8ms)[0m  [1m[34mSELECT "songs".* FROM "songs"[0m
  ↳ app/views/songs/index.html.erb:6
  Rendered songs/index.html.erb within layouts/application (Duration: 7.0ms | Allocations: 1762)
  Rendered layout layouts/application.html.erb (Duration: 64.2ms | Allocations: 36299)
Completed 200 OK in 92ms (Views: 68.5ms | ActiveRecord: 0.8ms | Allocations: 41803)


Started GET "/songs/new" for 127.0.0.1 at 2022-06-30 21:59:07 +0300
Processing by SongsController#new as HTML
  Rendering layout layouts/application.html.erb
  Rendering songs/new.html.erb within layouts/application
  Rendered songs/_form.html.erb (Duration: 12.1ms | Allocations: 3876)
  Rendered songs/new.html.erb within layouts/application (Duration: 13.6ms | Allocations: 4251)
  Rendered layout layouts/application.html.erb (Duration: 17.4ms | Allocations: 6574)
Completed 200 OK in 25ms (Views: 17.9ms | ActiveRecord: 0.6ms | Allocations: 11081)


Started POST "/songs" for 127.0.0.1 at 2022-06-30 21:59:50 +0300
Processing by SongsController#create as TURBO_STREAM
  Parameters: {"authenticity_token"=>"[FILTERED]", "song"=>{"title"=>"Bad romance", "artist_id"=>"3", "size"=>"165", "cathegory"=>"POP"}, "commit"=>"Create Song"}
  [1m[36mTRANSACTION (0.1ms)[0m  [1m[36mbegin transaction[0m
  ↳ app/controllers/songs_controller.rb:27:in `block in create'
  [1m[36mArtist Load (0.1ms)[0m  [1m[34mSELECT "artists".* FROM "artists" WHERE "artists"."id" = ? LIMIT ?[0m  [["id", 3], ["LIMIT", 1]]
  ↳ app/controllers/songs_controller.rb:27:in `block in create'
  [1m[36mSong Create (0.7ms)[0m  [1m[32mINSERT INTO "songs" ("title", "artist_id", "size", "cathegory", "created_at", "updated_at") VALUES (?, ?, ?, ?, ?, ?)[0m  [["title", "Bad romance"], ["artist_id", 3], ["size", 165], ["cathegory", "POP"], ["created_at", "2022-06-30 18:59:50.892900"], ["updated_at", "2022-06-30 18:59:50.892900"]]
  ↳ app/controllers/songs_controller.rb:27:in `block in create'
  [1m[36mTRANSACTION (0.7ms)[0m  [1m[36mcommit transaction[0m
  ↳ app/controllers/songs_controller.rb:27:in `block in create'
Redirected to http://127.0.0.1:3000/songs/1
Completed 302 Found in 35ms (ActiveRecord: 2.0ms | Allocations: 14588)


Started GET "/songs/1" for 127.0.0.1 at 2022-06-30 21:59:50 +0300
Processing by SongsController#show as TURBO_STREAM
  Parameters: {"id"=>"1"}
  [1m[36mSong Load (0.2ms)[0m  [1m[34mSELECT "songs".* FROM "songs" WHERE "songs"."id" = ? LIMIT ?[0m  [["id", 1], ["LIMIT", 1]]
  ↳ app/controllers/songs_controller.rb:63:in `set_song'
  Rendering layout layouts/application.html.erb
  Rendering songs/show.html.erb within layouts/application
  [1m[36mArtist Load (0.1ms)[0m  [1m[34mSELECT "artists".* FROM "artists" WHERE "artists"."id" = ? LIMIT ?[0m  [["id", 3], ["LIMIT", 1]]
  ↳ app/views/songs/_song.html.erb:9
  Rendered songs/_song.html.erb (Duration: 1.5ms | Allocations: 1092)
  Rendered songs/show.html.erb within layouts/application (Duration: 4.0ms | Allocations: 2379)
  Rendered layout layouts/application.html.erb (Duration: 7.2ms | Allocations: 4683)
Completed 200 OK in 9ms (Views: 7.5ms | ActiveRecord: 0.2ms | Allocations: 6283)


Started GET "/songs" for 127.0.0.1 at 2022-06-30 22:00:11 +0300
Processing by SongsController#index as HTML
  Rendering layout layouts/application.html.erb
  Rendering songs/index.html.erb within layouts/application
  [1m[36mSong Load (0.1ms)[0m  [1m[34mSELECT "songs".* FROM "songs"[0m
  ↳ app/views/songs/index.html.erb:6
  [1m[36mArtist Load (0.1ms)[0m  [1m[34mSELECT "artists".* FROM "artists" WHERE "artists"."id" = ? LIMIT ?[0m  [["id", 3], ["LIMIT", 1]]
  ↳ app/views/songs/_song.html.erb:9
  Rendered songs/_song.html.erb (Duration: 1.3ms | Allocations: 711)
  Rendered songs/index.html.erb within layouts/application (Duration: 3.0ms | Allocations: 1686)
  Rendered layout layouts/application.html.erb (Duration: 5.6ms | Allocations: 3893)
Completed 200 OK in 7ms (Views: 5.9ms | ActiveRecord: 0.2ms | Allocations: 4203)


Started GET "/" for 127.0.0.1 at 2022-06-30 22:00:11 +0300
Processing by Rails::WelcomeController#index as HTML
  Rendering /Users/icloud/.rbenv/versions/3.1.2/lib/ruby/gems/3.1.0/gems/railties-7.0.3/lib/rails/templates/rails/welcome/index.html.erb
  Rendered /Users/icloud/.rbenv/versions/3.1.2/lib/ruby/gems/3.1.0/gems/railties-7.0.3/lib/rails/templates/rails/welcome/index.html.erb (Duration: 0.8ms | Allocations: 324)
Completed 200 OK in 3ms (Views: 1.7ms | ActiveRecord: 0.0ms | Allocations: 1126)


Started GET "/artists" for 127.0.0.1 at 2022-06-30 22:00:11 +0300
Processing by ArtistsController#index as HTML
  Rendering layout layouts/application.html.erb
  Rendering artists/index.html.erb within layouts/application
  [1m[36mArtist Load (0.4ms)[0m  [1m[34mSELECT "artists".* FROM "artists"[0m
  ↳ app/views/artists/index.html.erb:6
  Rendered artists/_artist.html.erb (Duration: 1.0ms | Allocations: 274)
  Rendered artists/_artist.html.erb (Duration: 0.1ms | Allocations: 29)
  Rendered artists/_artist.html.erb (Duration: 0.1ms | Allocations: 31)
  Rendered artists/index.html.erb within layouts/application (Duration: 7.7ms | Allocations: 2190)
  Rendered layout layouts/application.html.erb (Duration: 12.9ms | Allocations: 4798)
Completed 200 OK in 16ms (Views: 14.4ms | ActiveRecord: 0.4ms | Allocations: 5865)


Started GET "/artists/new" for 127.0.0.1 at 2022-06-30 22:00:14 +0300
Processing by ArtistsController#new as HTML
  Rendering layout layouts/application.html.erb
  Rendering artists/new.html.erb within layouts/application
  Rendered artists/_form.html.erb (Duration: 6.1ms | Allocations: 2747)
  Rendered artists/new.html.erb within layouts/application (Duration: 6.9ms | Allocations: 3081)
  Rendered layout layouts/application.html.erb (Duration: 10.6ms | Allocations: 5413)
Completed 200 OK in 32ms (Views: 11.1ms | ActiveRecord: 0.0ms | Allocations: 5825)


Started GET "/artists/3" for 127.0.0.1 at 2022-06-30 22:00:14 +0300
Processing by ArtistsController#show as HTML
  Parameters: {"id"=>"3"}
  [1m[36mArtist Load (0.1ms)[0m  [1m[34mSELECT "artists".* FROM "artists" WHERE "artists"."id" = ? LIMIT ?[0m  [["id", 3], ["LIMIT", 1]]
  ↳ app/controllers/artists_controller.rb:63:in `set_artist'
  Rendering layout layouts/application.html.erb
  Rendering artists/show.html.erb within layouts/application
  Rendered artists/_artist.html.erb (Duration: 0.1ms | Allocations: 37)
  [1m[36mSong Load (0.2ms)[0m  [1m[34mSELECT "songs".* FROM "songs" WHERE "songs"."artist_id" = ?[0m  [["artist_id", 3]]
  ↳ app/views/artists/show.html.erb:13
  Rendered songs/_song.html.erb (Duration: 0.5ms | Allocations: 259)
  Rendered artists/show.html.erb within layouts/application (Duration: 20.2ms | Allocations: 5249)
  Rendered layout layouts/application.html.erb (Duration: 23.6ms | Allocations: 7578)
Completed 200 OK in 30ms (Views: 24.2ms | ActiveRecord: 0.3ms | Allocations: 9165)


Started GET "/artists" for 127.0.0.1 at 2022-06-30 22:00:39 +0300
Processing by ArtistsController#index as HTML
  Rendering layout layouts/application.html.erb
  Rendering artists/index.html.erb within layouts/application
  [1m[36mArtist Load (0.2ms)[0m  [1m[34mSELECT "artists".* FROM "artists"[0m
  ↳ app/views/artists/index.html.erb:6
  Rendered artists/_artist.html.erb (Duration: 0.1ms | Allocations: 32)
  Rendered artists/_artist.html.erb (Duration: 0.0ms | Allocations: 29)
  Rendered artists/_artist.html.erb (Duration: 0.0ms | Allocations: 31)
  Rendered artists/index.html.erb within layouts/application (Duration: 2.6ms | Allocations: 1331)
  Rendered layout layouts/application.html.erb (Duration: 5.8ms | Allocations: 3539)
Completed 200 OK in 7ms (Views: 6.1ms | ActiveRecord: 0.2ms | Allocations: 3861)


Started GET "/" for 127.0.0.1 at 2022-06-30 22:00:39 +0300
Processing by Rails::WelcomeController#index as HTML
  Rendering /Users/icloud/.rbenv/versions/3.1.2/lib/ruby/gems/3.1.0/gems/railties-7.0.3/lib/rails/templates/rails/welcome/index.html.erb
  Rendered /Users/icloud/.rbenv/versions/3.1.2/lib/ruby/gems/3.1.0/gems/railties-7.0.3/lib/rails/templates/rails/welcome/index.html.erb (Duration: 0.6ms | Allocations: 318)
Completed 200 OK in 3ms (Views: 1.7ms | ActiveRecord: 0.0ms | Allocations: 916)


Started GET "/songs" for 127.0.0.1 at 2022-06-30 22:00:39 +0300
Processing by SongsController#index as HTML
  Rendering layout layouts/application.html.erb
  Rendering songs/index.html.erb within layouts/application
  [1m[36mSong Load (0.2ms)[0m  [1m[34mSELECT "songs".* FROM "songs"[0m
  ↳ app/views/songs/index.html.erb:6
  [1m[36mArtist Load (0.1ms)[0m  [1m[34mSELECT "artists".* FROM "artists" WHERE "artists"."id" = ? LIMIT ?[0m  [["id", 3], ["LIMIT", 1]]
  ↳ app/views/songs/_song.html.erb:9
  Rendered songs/_song.html.erb (Duration: 1.5ms | Allocations: 786)
  Rendered songs/index.html.erb within layouts/application (Duration: 4.5ms | Allocations: 2135)
  Rendered layout layouts/application.html.erb (Duration: 9.4ms | Allocations: 4547)
Completed 200 OK in 13ms (Views: 11.2ms | ActiveRecord: 0.3ms | Allocations: 5248)


Started GET "/songs/new" for 127.0.0.1 at 2022-06-30 22:00:41 +0300
Processing by SongsController#new as HTML
  Rendering layout layouts/application.html.erb
  Rendering songs/new.html.erb within layouts/application
  Rendered songs/_form.html.erb (Duration: 2.5ms | Allocations: 1952)
  Rendered songs/new.html.erb within layouts/application (Duration: 3.6ms | Allocations: 2262)
  Rendered layout layouts/application.html.erb (Duration: 7.4ms | Allocations: 4473)
Completed 200 OK in 9ms (Views: 7.8ms | ActiveRecord: 0.0ms | Allocations: 4850)


Started GET "/songs/new" for 127.0.0.1 at 2022-06-30 22:01:45 +0300
Processing by SongsController#new as HTML
  Rendering layout layouts/application.html.erb
  Rendering songs/new.html.erb within layouts/application
  [1m[36mArtist Load (0.1ms)[0m  [1m[34mSELECT "artists".* FROM "artists"[0m
  ↳ app/views/songs/_form.html.erb:21:in `map'
  Rendered songs/_form.html.erb (Duration: 4.2ms | Allocations: 2894)
  Rendered songs/new.html.erb within layouts/application (Duration: 5.0ms | Allocations: 3247)
  Rendered layout layouts/application.html.erb (Duration: 9.8ms | Allocations: 5826)
Completed 200 OK in 13ms (Views: 11.4ms | ActiveRecord: 0.1ms | Allocations: 6659)


Started POST "/songs" for 127.0.0.1 at 2022-06-30 22:02:06 +0300
Processing by SongsController#create as TURBO_STREAM
  Parameters: {"authenticity_token"=>"[FILTERED]", "song"=>{"title"=>"Olala", "artist_id"=>"3", "size"=>"173", "cathegory"=>"POP"}, "commit"=>"Create Song"}
  [1m[36mTRANSACTION (0.1ms)[0m  [1m[36mbegin transaction[0m
  ↳ app/controllers/songs_controller.rb:27:in `block in create'
  [1m[36mArtist Load (0.1ms)[0m  [1m[34mSELECT "artists".* FROM "artists" WHERE "artists"."id" = ? LIMIT ?[0m  [["id", 3], ["LIMIT", 1]]
  ↳ app/controllers/songs_controller.rb:27:in `block in create'
  [1m[36mSong Create (0.6ms)[0m  [1m[32mINSERT INTO "songs" ("title", "artist_id", "size", "cathegory", "created_at", "updated_at") VALUES (?, ?, ?, ?, ?, ?)[0m  [["title", "Olala"], ["artist_id", 3], ["size", 173], ["cathegory", "POP"], ["created_at", "2022-06-30 19:02:06.197428"], ["updated_at", "2022-06-30 19:02:06.197428"]]
  ↳ app/controllers/songs_controller.rb:27:in `block in create'
  [1m[36mTRANSACTION (1.6ms)[0m  [1m[36mcommit transaction[0m
  ↳ app/controllers/songs_controller.rb:27:in `block in create'
Redirected to http://127.0.0.1:3000/songs/2
Completed 302 Found in 12ms (ActiveRecord: 2.5ms | Allocations: 3386)


Started GET "/songs/2" for 127.0.0.1 at 2022-06-30 22:02:06 +0300
Processing by SongsController#show as TURBO_STREAM
  Parameters: {"id"=>"2"}
  [1m[36mSong Load (0.1ms)[0m  [1m[34mSELECT "songs".* FROM "songs" WHERE "songs"."id" = ? LIMIT ?[0m  [["id", 2], ["LIMIT", 1]]
  ↳ app/controllers/songs_controller.rb:63:in `set_song'
  Rendering layout layouts/application.html.erb
  Rendering songs/show.html.erb within layouts/application
  [1m[36mArtist Load (0.1ms)[0m  [1m[34mSELECT "artists".* FROM "artists" WHERE "artists"."id" = ? LIMIT ?[0m  [["id", 3], ["LIMIT", 1]]
  ↳ app/views/songs/_song.html.erb:9
  Rendered songs/_song.html.erb (Duration: 1.2ms | Allocations: 905)
  Rendered songs/show.html.erb within layouts/application (Duration: 3.0ms | Allocations: 1828)
  Rendered layout layouts/application.html.erb (Duration: 5.5ms | Allocations: 4025)
Completed 200 OK in 8ms (Views: 5.8ms | ActiveRecord: 0.2ms | Allocations: 4930)


Started GET "/songs/2" for 127.0.0.1 at 2022-06-30 22:03:42 +0300
Processing by SongsController#show as HTML
  Parameters: {"id"=>"2"}
  [1m[36mSong Load (0.2ms)[0m  [1m[34mSELECT "songs".* FROM "songs" WHERE "songs"."id" = ? LIMIT ?[0m  [["id", 2], ["LIMIT", 1]]
  ↳ app/controllers/songs_controller.rb:63:in `set_song'
  Rendering layout layouts/application.html.erb
  Rendering songs/show.html.erb within layouts/application
  [1m[36mArtist Load (0.1ms)[0m  [1m[34mSELECT "artists".* FROM "artists" WHERE "artists"."id" = ? LIMIT ?[0m  [["id", 3], ["LIMIT", 1]]
  ↳ app/views/songs/_song.html.erb:9
  Rendered songs/_song.html.erb (Duration: 2.7ms | Allocations: 1140)
  Rendered songs/show.html.erb within layouts/application (Duration: 4.4ms | Allocations: 2073)
  Rendered layout layouts/application.html.erb (Duration: 13.3ms | Allocations: 4641)
Completed 200 OK in 18ms (Views: 15.2ms | ActiveRecord: 0.4ms | Allocations: 5970)


Started GET "/artists/3" for 127.0.0.1 at 2022-06-30 22:03:45 +0300
Processing by ArtistsController#show as HTML
  Parameters: {"id"=>"3"}
  [1m[36mArtist Load (0.1ms)[0m  [1m[34mSELECT "artists".* FROM "artists" WHERE "artists"."id" = ? LIMIT ?[0m  [["id", 3], ["LIMIT", 1]]
  ↳ app/controllers/artists_controller.rb:63:in `set_artist'
  Rendering layout layouts/application.html.erb
  Rendering artists/show.html.erb within layouts/application
  Rendered artists/_artist.html.erb (Duration: 0.5ms | Allocations: 256)
  [1m[36mSong Load (0.1ms)[0m  [1m[34mSELECT "songs".* FROM "songs" WHERE "songs"."artist_id" = ?[0m  [["artist_id", 3]]
  ↳ app/views/artists/show.html.erb:13
  Rendered songs/_song.html.erb (Duration: 0.2ms | Allocations: 65)
  Rendered songs/_song.html.erb (Duration: 0.1ms | Allocations: 64)
  Rendered artists/show.html.erb within layouts/application (Duration: 4.4ms | Allocations: 2436)
  Rendered layout layouts/application.html.erb (Duration: 8.0ms | Allocations: 4813)
Completed 200 OK in 11ms (Views: 9.4ms | ActiveRecord: 0.3ms | Allocations: 5978)


Started GET "/artists/3/edit" for 127.0.0.1 at 2022-06-30 22:06:22 +0300
Processing by ArtistsController#edit as HTML
  Parameters: {"id"=>"3"}
  [1m[35m (0.1ms)[0m  [1m[34mSELECT sqlite_version(*)[0m
  ↳ app/controllers/artists_controller.rb:63:in `set_artist'
  [1m[36mArtist Load (0.1ms)[0m  [1m[34mSELECT "artists".* FROM "artists" WHERE "artists"."id" = ? LIMIT ?[0m  [["id", 3], ["LIMIT", 1]]
  ↳ app/controllers/artists_controller.rb:63:in `set_artist'
  Rendering layout layouts/application.html.erb
  Rendering artists/edit.html.erb within layouts/application
  Rendered artists/_form.html.erb (Duration: 31.1ms | Allocations: 2629)
  Rendered artists/edit.html.erb within layouts/application (Duration: 32.3ms | Allocations: 3047)
  Rendered layout layouts/application.html.erb (Duration: 49.8ms | Allocations: 16788)
Completed 200 OK in 75ms (Views: 53.3ms | ActiveRecord: 1.1ms | Allocations: 22765)


Started GET "/artists/3" for 127.0.0.1 at 2022-06-30 22:12:48 +0300
Processing by ArtistsController#show as HTML
  Parameters: {"id"=>"3"}
  [1m[35m (0.2ms)[0m  [1m[34mSELECT sqlite_version(*)[0m
  ↳ app/controllers/artists_controller.rb:63:in `set_artist'
  [1m[36mArtist Load (0.4ms)[0m  [1m[34mSELECT "artists".* FROM "artists" WHERE "artists"."id" = ? LIMIT ?[0m  [["id", 3], ["LIMIT", 1]]
  ↳ app/controllers/artists_controller.rb:63:in `set_artist'
  Rendering layout layouts/application.html.erb
  Rendering artists/show.html.erb within layouts/application
  Rendered artists/_artist.html.erb (Duration: 1.2ms | Allocations: 262)
  [1m[36mSong Load (0.3ms)[0m  [1m[34mSELECT "songs".* FROM "songs" WHERE "songs"."artist_id" = ?[0m  [["artist_id", 3]]
  ↳ app/views/artists/show.html.erb:14
  Rendered artists/show.html.erb within layouts/application (Duration: 63.5ms | Allocations: 15925)
  Rendered layout layouts/application.html.erb (Duration: 71.7ms | Allocations: 18548)
Completed 200 OK in 83ms (Views: 74.9ms | ActiveRecord: 2.3ms | Allocations: 20550)


Started GET "/artists/3" for 127.0.0.1 at 2022-06-30 22:13:35 +0300
Processing by ArtistsController#show as HTML
  Parameters: {"id"=>"3"}
  [1m[36mArtist Load (0.1ms)[0m  [1m[34mSELECT "artists".* FROM "artists" WHERE "artists"."id" = ? LIMIT ?[0m  [["id", 3], ["LIMIT", 1]]
  ↳ app/controllers/artists_controller.rb:63:in `set_artist'
  Rendering layout layouts/application.html.erb
  Rendering artists/show.html.erb within layouts/application
  Rendered artists/_artist.html.erb (Duration: 0.4ms | Allocations: 256)
  [1m[36mSong Load (0.1ms)[0m  [1m[34mSELECT "songs".* FROM "songs" WHERE "songs"."artist_id" = ?[0m  [["artist_id", 3]]
  ↳ app/views/artists/show.html.erb:14
  Rendered artists/show.html.erb within layouts/application (Duration: 3.7ms | Allocations: 2185)
  Rendered layout layouts/application.html.erb (Duration: 7.8ms | Allocations: 4766)
Completed 200 OK in 14ms (Views: 11.0ms | ActiveRecord: 0.3ms | Allocations: 6153)


Started GET "/artists/3" for 127.0.0.1 at 2022-06-30 22:14:46 +0300
Processing by ArtistsController#show as HTML
  Parameters: {"id"=>"3"}
  [1m[36mArtist Load (0.2ms)[0m  [1m[34mSELECT "artists".* FROM "artists" WHERE "artists"."id" = ? LIMIT ?[0m  [["id", 3], ["LIMIT", 1]]
  ↳ app/controllers/artists_controller.rb:63:in `set_artist'
  Rendering layout layouts/application.html.erb
  Rendering artists/show.html.erb within layouts/application
  Rendered artists/_artist.html.erb (Duration: 0.7ms | Allocations: 256)
  [1m[36mSong Load (0.2ms)[0m  [1m[34mSELECT "songs".* FROM "songs" WHERE "songs"."artist_id" = ?[0m  [["artist_id", 3]]
  ↳ app/views/artists/show.html.erb:14
  Rendered artists/show.html.erb within layouts/application (Duration: 5.0ms | Allocations: 2188)
  Rendered layout layouts/application.html.erb (Duration: 13.5ms | Allocations: 4756)
Completed 200 OK in 19ms (Views: 16.0ms | ActiveRecord: 0.3ms | Allocations: 6126)


Started GET "/artists/3" for 127.0.0.1 at 2022-06-30 22:16:28 +0300
Processing by ArtistsController#show as HTML
  Parameters: {"id"=>"3"}
  [1m[36mArtist Load (0.1ms)[0m  [1m[34mSELECT "artists".* FROM "artists" WHERE "artists"."id" = ? LIMIT ?[0m  [["id", 3], ["LIMIT", 1]]
  ↳ app/controllers/artists_controller.rb:63:in `set_artist'
  Rendering layout layouts/application.html.erb
  Rendering artists/show.html.erb within layouts/application
  Rendered artists/_artist.html.erb (Duration: 1.4ms | Allocations: 256)
  [1m[36mSong Load (0.1ms)[0m  [1m[34mSELECT "songs".* FROM "songs" WHERE "songs"."artist_id" = ?[0m  [["artist_id", 3]]
  ↳ app/views/artists/show.html.erb:14
  Rendered artists/show.html.erb within layouts/application (Duration: 5.1ms | Allocations: 2194)
  Rendered layout layouts/application.html.erb (Duration: 9.1ms | Allocations: 4762)
Completed 200 OK in 13ms (Views: 10.8ms | ActiveRecord: 0.3ms | Allocations: 6125)


Started GET "/artists/3" for 127.0.0.1 at 2022-06-30 22:16:43 +0300
Processing by ArtistsController#show as HTML
  Parameters: {"id"=>"3"}
  [1m[36mArtist Load (0.2ms)[0m  [1m[34mSELECT "artists".* FROM "artists" WHERE "artists"."id" = ? LIMIT ?[0m  [["id", 3], ["LIMIT", 1]]
  ↳ app/controllers/artists_controller.rb:63:in `set_artist'
  Rendering layout layouts/application.html.erb
  Rendering artists/show.html.erb within layouts/application
  Rendered artists/_artist.html.erb (Duration: 0.7ms | Allocations: 256)
  [1m[36mSong Load (0.3ms)[0m  [1m[34mSELECT "songs".* FROM "songs" WHERE "songs"."artist_id" = ?[0m  [["artist_id", 3]]
  ↳ app/views/artists/show.html.erb:14
  Rendered artists/show.html.erb within layouts/application (Duration: 8.2ms | Allocations: 2201)
  Rendered layout layouts/application.html.erb (Duration: 15.4ms | Allocations: 4769)
Completed 200 OK in 20ms (Views: 16.9ms | ActiveRecord: 0.5ms | Allocations: 6131)


Started GET "/artists/3/edit" for 127.0.0.1 at 2022-06-30 22:16:50 +0300
Processing by ArtistsController#edit as HTML
  Parameters: {"id"=>"3"}
  [1m[36mArtist Load (0.2ms)[0m  [1m[34mSELECT "artists".* FROM "artists" WHERE "artists"."id" = ? LIMIT ?[0m  [["id", 3], ["LIMIT", 1]]
  ↳ app/controllers/artists_controller.rb:63:in `set_artist'
  Rendering layout layouts/application.html.erb
  Rendering artists/edit.html.erb within layouts/application
  Rendered artists/_form.html.erb (Duration: 5.4ms | Allocations: 2388)
  Rendered artists/edit.html.erb within layouts/application (Duration: 8.4ms | Allocations: 2749)
  Rendered layout layouts/application.html.erb (Duration: 13.1ms | Allocations: 4946)
Completed 200 OK in 17ms (Views: 14.3ms | ActiveRecord: 0.2ms | Allocations: 5789)


Started GET "/artists" for 127.0.0.1 at 2022-06-30 22:16:52 +0300
Processing by ArtistsController#index as HTML
  Rendering layout layouts/application.html.erb
  Rendering artists/index.html.erb within layouts/application
  [1m[36mArtist Load (0.4ms)[0m  [1m[34mSELECT "artists".* FROM "artists"[0m
  ↳ app/views/artists/index.html.erb:6
  Rendered artists/_artist.html.erb (Duration: 0.2ms | Allocations: 32)
  Rendered artists/_artist.html.erb (Duration: 0.1ms | Allocations: 29)
  Rendered artists/_artist.html.erb (Duration: 0.1ms | Allocations: 31)
  Rendered artists/index.html.erb within layouts/application (Duration: 5.3ms | Allocations: 1528)
  Rendered layout layouts/application.html.erb (Duration: 9.6ms | Allocations: 3733)
Completed 200 OK in 12ms (Views: 10.0ms | ActiveRecord: 0.4ms | Allocations: 4094)


