  [1m[35m (2.3ms)[0m  [1m[34mSELECT sqlite_version(*)[0m
  [1m[35m (107.5ms)[0m  [1m[35mCREATE TABLE "schema_migrations" ("version" varchar NOT NULL PRIMARY KEY)[0m
  [1m[35m (97.0ms)[0m  [1m[35mCREATE TABLE "ar_internal_metadata" ("key" varchar NOT NULL PRIMARY KEY, "value" varchar, "created_at" datetime(6) NOT NULL, "updated_at" datetime(6) NOT NULL)[0m
  [1m[36mActiveRecord::SchemaMigration Pluck (0.2ms)[0m  [1m[34mSELECT "schema_migrations"."version" FROM "schema_migrations" ORDER BY "schema_migrations"."version" ASC[0m
Migrating to CreatePosts (20220623130300)
  [1m[36mTRANSACTION (0.1ms)[0m  [1m[36mbegin transaction[0m
  [1m[35m (0.4ms)[0m  [1m[35mCREATE TABLE "posts" ("id" integer PRIMARY KEY AUTOINCREMENT NOT NULL, "autor" varchar, "body" varchar, "created_at" datetime(6) NOT NULL, "updated_at" datetime(6) NOT NULL)[0m
  [1m[36mActiveRecord::SchemaMigration Create (0.4ms)[0m  [1m[32mINSERT INTO "schema_migrations" ("version") VALUES (?)[0m  [["version", "20220623130300"]]
  [1m[36mTRANSACTION (120.5ms)[0m  [1m[36mcommit transaction[0m
  [1m[36mActiveRecord::InternalMetadata Load (0.2ms)[0m  [1m[34mSELECT "ar_internal_metadata".* FROM "ar_internal_metadata" WHERE "ar_internal_metadata"."key" = ? LIMIT ?[0m  [["key", "environment"], ["LIMIT", 1]]
  [1m[36mTRANSACTION (0.1ms)[0m  [1m[36mbegin transaction[0m
  [1m[36mActiveRecord::InternalMetadata Create (0.3ms)[0m  [1m[32mINSERT INTO "ar_internal_metadata" ("key", "value", "created_at", "updated_at") VALUES (?, ?, ?, ?)[0m  [["key", "environment"], ["value", "development"], ["created_at", "2022-06-23 13:04:04.527119"], ["updated_at", "2022-06-23 13:04:04.527119"]]
  [1m[36mTRANSACTION (77.8ms)[0m  [1m[36mcommit transaction[0m
  [1m[35m (0.1ms)[0m  [1m[34mSELECT sqlite_version(*)[0m
  [1m[36mActiveRecord::SchemaMigration Pluck (0.1ms)[0m  [1m[34mSELECT "schema_migrations"."version" FROM "schema_migrations" ORDER BY "schema_migrations"."version" ASC[0m
Started GET "/" for ::1 at 2022-06-23 16:28:02 +0300
  [1m[35m (1.1ms)[0m  [1m[34mSELECT sqlite_version(*)[0m
  [1m[36mActiveRecord::SchemaMigration Pluck (0.4ms)[0m  [1m[34mSELECT "schema_migrations"."version" FROM "schema_migrations" ORDER BY "schema_migrations"."version" ASC[0m
Processing by Rails::WelcomeController#index as HTML
  Rendering /home/alex/.rbenv/versions/3.0.4/lib/ruby/gems/3.0.0/gems/railties-7.0.3/lib/rails/templates/rails/welcome/index.html.erb
  Rendered /home/alex/.rbenv/versions/3.0.4/lib/ruby/gems/3.0.0/gems/railties-7.0.3/lib/rails/templates/rails/welcome/index.html.erb (Duration: 2.6ms | Allocations: 838)
Completed 200 OK in 45ms (Views: 12.8ms | ActiveRecord: 0.0ms | Allocations: 7727)


Started GET "/hellow/time" for ::1 at 2022-06-23 17:03:17 +0300
  
ActionController::RoutingError (No route matches [GET] "/hellow/time"):
  
Started GET "/alex/time" for ::1 at 2022-06-23 17:12:59 +0300
Processing by AlexController#time as HTML
  Rendering layout layouts/application.html.erb
  Rendering alex/time.html.erb within layouts/application
  Rendered alex/time.html.erb within layouts/application (Duration: 1.4ms | Allocations: 165)
  Rendered layout layouts/application.html.erb (Duration: 559.4ms | Allocations: 93780)
Completed 200 OK in 563ms (Views: 561.8ms | Allocations: 95071)


Started GET "/alex/name" for ::1 at 2022-06-23 17:13:40 +0300
  
ActionController::RoutingError (No route matches [GET] "/alex/name"):
  
Started GET "/alex/name" for ::1 at 2022-06-23 17:16:53 +0300
Processing by AlexController#name as HTML
Completed 406 Not Acceptable in 1ms (Allocations: 768)


  
ActionController::MissingExactTemplate (AlexController#name is missing a template for request formats: text/html):
  
actionpack (7.0.3) lib/action_controller/metal/implicit_render.rb:45:in `default_render'
actionpack (7.0.3) lib/action_controller/metal/basic_implicit_render.rb:6:in `block in send_action'
<internal:kernel>:90:in `tap'
actionpack (7.0.3) lib/action_controller/metal/basic_implicit_render.rb:6:in `send_action'
actionpack (7.0.3) lib/abstract_controller/base.rb:215:in `process_action'
actionpack (7.0.3) lib/action_controller/metal/rendering.rb:53:in `process_action'
actionpack (7.0.3) lib/abstract_controller/callbacks.rb:234:in `block in process_action'
activesupport (7.0.3) lib/active_support/callbacks.rb:118:in `block in run_callbacks'
actiontext (7.0.3) lib/action_text/rendering.rb:20:in `with_renderer'
actiontext (7.0.3) lib/action_text/engine.rb:69:in `block (4 levels) in <class:Engine>'
activesupport (7.0.3) lib/active_support/callbacks.rb:127:in `instance_exec'
activesupport (7.0.3) lib/active_support/callbacks.rb:127:in `block in run_callbacks'
activesupport (7.0.3) lib/active_support/callbacks.rb:138:in `run_callbacks'
actionpack (7.0.3) lib/abstract_controller/callbacks.rb:233:in `process_action'
actionpack (7.0.3) lib/action_controller/metal/rescue.rb:22:in `process_action'
actionpack (7.0.3) lib/action_controller/metal/instrumentation.rb:67:in `block in process_action'
activesupport (7.0.3) lib/active_support/notifications.rb:206:in `block in instrument'
activesupport (7.0.3) lib/active_support/notifications/instrumenter.rb:24:in `instrument'
activesupport (7.0.3) lib/active_support/notifications.rb:206:in `instrument'
actionpack (7.0.3) lib/action_controller/metal/instrumentation.rb:66:in `process_action'
actionpack (7.0.3) lib/action_controller/metal/params_wrapper.rb:259:in `process_action'
activerecord (7.0.3) lib/active_record/railties/controller_runtime.rb:27:in `process_action'
actionpack (7.0.3) lib/abstract_controller/base.rb:151:in `process'
actionview (7.0.3) lib/action_view/rendering.rb:39:in `process'
actionpack (7.0.3) lib/action_controller/metal.rb:188:in `dispatch'
actionpack (7.0.3) lib/action_controller/metal.rb:251:in `dispatch'
actionpack (7.0.3) lib/action_dispatch/routing/route_set.rb:49:in `dispatch'
actionpack (7.0.3) lib/action_dispatch/routing/route_set.rb:32:in `serve'
actionpack (7.0.3) lib/action_dispatch/journey/router.rb:50:in `block in serve'
actionpack (7.0.3) lib/action_dispatch/journey/router.rb:32:in `each'
actionpack (7.0.3) lib/action_dispatch/journey/router.rb:32:in `serve'
actionpack (7.0.3) lib/action_dispatch/routing/route_set.rb:852:in `call'
rack (2.2.3.1) lib/rack/tempfile_reaper.rb:15:in `call'
rack (2.2.3.1) lib/rack/etag.rb:27:in `call'
rack (2.2.3.1) lib/rack/conditional_get.rb:27:in `call'
rack (2.2.3.1) lib/rack/head.rb:12:in `call'
actionpack (7.0.3) lib/action_dispatch/http/permissions_policy.rb:38:in `call'
actionpack (7.0.3) lib/action_dispatch/http/content_security_policy.rb:36:in `call'
rack (2.2.3.1) lib/rack/session/abstract/id.rb:266:in `context'
rack (2.2.3.1) lib/rack/session/abstract/id.rb:260:in `call'
actionpack (7.0.3) lib/action_dispatch/middleware/cookies.rb:697:in `call'
activerecord (7.0.3) lib/active_record/migration.rb:603:in `call'
actionpack (7.0.3) lib/action_dispatch/middleware/callbacks.rb:27:in `block in call'
activesupport (7.0.3) lib/active_support/callbacks.rb:99:in `run_callbacks'
actionpack (7.0.3) lib/action_dispatch/middleware/callbacks.rb:26:in `call'
actionpack (7.0.3) lib/action_dispatch/middleware/executor.rb:14:in `call'
actionpack (7.0.3) lib/action_dispatch/middleware/actionable_exceptions.rb:17:in `call'
actionpack (7.0.3) lib/action_dispatch/middleware/debug_exceptions.rb:28:in `call'
web-console (4.2.0) lib/web_console/middleware.rb:132:in `call_app'
web-console (4.2.0) lib/web_console/middleware.rb:28:in `block in call'
web-console (4.2.0) lib/web_console/middleware.rb:17:in `catch'
web-console (4.2.0) lib/web_console/middleware.rb:17:in `call'
actionpack (7.0.3) lib/action_dispatch/middleware/show_exceptions.rb:26:in `call'
railties (7.0.3) lib/rails/rack/logger.rb:40:in `call_app'
railties (7.0.3) lib/rails/rack/logger.rb:25:in `block in call'
activesupport (7.0.3) lib/active_support/tagged_logging.rb:114:in `block in tagged'
activesupport (7.0.3) lib/active_support/tagged_logging.rb:38:in `tagged'
activesupport (7.0.3) lib/active_support/tagged_logging.rb:114:in `tagged'
railties (7.0.3) lib/rails/rack/logger.rb:25:in `call'
sprockets-rails (3.4.2) lib/sprockets/rails/quiet_assets.rb:13:in `call'
actionpack (7.0.3) lib/action_dispatch/middleware/remote_ip.rb:93:in `call'
actionpack (7.0.3) lib/action_dispatch/middleware/request_id.rb:26:in `call'
rack (2.2.3.1) lib/rack/method_override.rb:24:in `call'
rack (2.2.3.1) lib/rack/runtime.rb:22:in `call'
activesupport (7.0.3) lib/active_support/cache/strategy/local_cache_middleware.rb:29:in `call'
actionpack (7.0.3) lib/action_dispatch/middleware/server_timing.rb:20:in `call'
actionpack (7.0.3) lib/action_dispatch/middleware/executor.rb:14:in `call'
actionpack (7.0.3) lib/action_dispatch/middleware/static.rb:23:in `call'
rack (2.2.3.1) lib/rack/sendfile.rb:110:in `call'
actionpack (7.0.3) lib/action_dispatch/middleware/host_authorization.rb:137:in `call'
railties (7.0.3) lib/rails/engine.rb:530:in `call'
puma (5.6.4) lib/puma/configuration.rb:252:in `call'
puma (5.6.4) lib/puma/request.rb:77:in `block in handle_request'
puma (5.6.4) lib/puma/thread_pool.rb:340:in `with_force_shutdown'
puma (5.6.4) lib/puma/request.rb:76:in `handle_request'
puma (5.6.4) lib/puma/server.rb:441:in `process_client'
puma (5.6.4) lib/puma/thread_pool.rb:147:in `block in spawn_thread'
Started GET "/alex/name" for ::1 at 2022-06-23 17:20:41 +0300
Processing by AlexController#name as HTML
  Rendering layout layouts/application.html.erb
  Rendering alex/name.html.erb within layouts/application
  Rendered alex/name.html.erb within layouts/application (Duration: 1.0ms | Allocations: 166)
  Rendered layout layouts/application.html.erb (Duration: 24.4ms | Allocations: 14164)
Completed 200 OK in 29ms (Views: 27.4ms | Allocations: 15309)


