Started GET "/" for ::1 at 2022-06-26 12:36:35 +0300
  [1m[35m (2.6ms)[0m  [1m[34mSELECT sqlite_version(*)[0m
Processing by Rails::WelcomeController#index as HTML
  Rendering /Users/icloud/.rbenv/versions/3.1.2/lib/ruby/gems/3.1.0/gems/railties-7.0.3/lib/rails/templates/rails/welcome/index.html.erb
  Rendered /Users/icloud/.rbenv/versions/3.1.2/lib/ruby/gems/3.1.0/gems/railties-7.0.3/lib/rails/templates/rails/welcome/index.html.erb (Duration: 2.4ms | Allocations: 644)
Completed 200 OK in 25ms (Views: 9.4ms | ActiveRecord: 0.0ms | Allocations: 5021)


  [1m[35m (1.1ms)[0m  [1m[34mSELECT sqlite_version(*)[0m
  [1m[35m (0.7ms)[0m  [1m[34mSELECT sqlite_version(*)[0m
  [1m[35m (1.1ms)[0m  [1m[35mCREATE TABLE "schema_migrations" ("version" varchar NOT NULL PRIMARY KEY)[0m
  [1m[35m (1.1ms)[0m  [1m[35mCREATE TABLE "ar_internal_metadata" ("key" varchar NOT NULL PRIMARY KEY, "value" varchar, "created_at" datetime(6) NOT NULL, "updated_at" datetime(6) NOT NULL)[0m
  [1m[36mActiveRecord::SchemaMigration Pluck (0.2ms)[0m  [1m[34mSELECT "schema_migrations"."version" FROM "schema_migrations" ORDER BY "schema_migrations"."version" ASC[0m
Migrating to CreateAuthors (20220626094221)
  [1m[36mTRANSACTION (0.1ms)[0m  [1m[36mbegin transaction[0m
  [1m[35m (0.4ms)[0m  [1m[35mCREATE TABLE "authors" ("id" integer PRIMARY KEY AUTOINCREMENT NOT NULL, "name" varchar, "age" integer, "created_at" datetime(6) NOT NULL, "updated_at" datetime(6) NOT NULL)[0m
  [1m[36mActiveRecord::SchemaMigration Create (0.2ms)[0m  [1m[32mINSERT INTO "schema_migrations" ("version") VALUES (?)[0m  [["version", "20220626094221"]]
  [1m[36mTRANSACTION (0.8ms)[0m  [1m[36mcommit transaction[0m
  [1m[36mActiveRecord::InternalMetadata Load (0.2ms)[0m  [1m[34mSELECT "ar_internal_metadata".* FROM "ar_internal_metadata" WHERE "ar_internal_metadata"."key" = ? LIMIT ?[0m  [["key", "environment"], ["LIMIT", 1]]
  [1m[36mTRANSACTION (0.1ms)[0m  [1m[36mbegin transaction[0m
  [1m[36mActiveRecord::InternalMetadata Create (0.3ms)[0m  [1m[32mINSERT INTO "ar_internal_metadata" ("key", "value", "created_at", "updated_at") VALUES (?, ?, ?, ?)[0m  [["key", "environment"], ["value", "development"], ["created_at", "2022-06-26 09:48:52.740975"], ["updated_at", "2022-06-26 09:48:52.740975"]]
  [1m[36mTRANSACTION (0.7ms)[0m  [1m[36mcommit transaction[0m
  [1m[35m (0.1ms)[0m  [1m[34mSELECT sqlite_version(*)[0m
  [1m[36mActiveRecord::SchemaMigration Pluck (0.2ms)[0m  [1m[34mSELECT "schema_migrations"."version" FROM "schema_migrations" ORDER BY "schema_migrations"."version" ASC[0m
Started GET "/posts" for ::1 at 2022-06-26 12:49:15 +0300
  [1m[35m (0.1ms)[0m  [1m[34mSELECT sqlite_version(*)[0m
  [1m[36mActiveRecord::SchemaMigration Pluck (0.1ms)[0m  [1m[34mSELECT "schema_migrations"."version" FROM "schema_migrations" ORDER BY "schema_migrations"."version" ASC[0m
  
ActionController::RoutingError (No route matches [GET] "/posts"):
  
Started GET "/authors" for ::1 at 2022-06-26 12:49:29 +0300
Processing by AuthorsController#index as HTML
  Rendering layout layouts/application.html.erb
  Rendering authors/index.html.erb within layouts/application
  [1m[36mAuthor Load (0.4ms)[0m  [1m[34mSELECT "authors".* FROM "authors"[0m
  ↳ app/views/authors/index.html.erb:6
  Rendered authors/index.html.erb within layouts/application (Duration: 3.2ms | Allocations: 1252)
  Rendered layout layouts/application.html.erb (Duration: 260.2ms | Allocations: 91800)
Completed 200 OK in 268ms (Views: 261.8ms | ActiveRecord: 0.4ms | Allocations: 93606)


Started GET "/authors/new" for ::1 at 2022-06-26 12:49:44 +0300
Processing by AuthorsController#new as HTML
  Rendering layout layouts/application.html.erb
  Rendering authors/new.html.erb within layouts/application
  Rendered authors/_form.html.erb (Duration: 18.8ms | Allocations: 4675)
  Rendered authors/new.html.erb within layouts/application (Duration: 20.1ms | Allocations: 5043)
  Rendered layout layouts/application.html.erb (Duration: 24.6ms | Allocations: 7370)
Completed 200 OK in 32ms (Views: 25.1ms | ActiveRecord: 0.9ms | Allocations: 11358)


Started POST "/authors" for ::1 at 2022-06-26 12:50:15 +0300
Processing by AuthorsController#create as TURBO_STREAM
  Parameters: {"authenticity_token"=>"[FILTERED]", "author"=>{"name"=>"Alex Azimov", "age"=>"48"}, "commit"=>"Create Author"}
  [1m[36mTRANSACTION (0.1ms)[0m  [1m[36mbegin transaction[0m
  ↳ app/controllers/authors_controller.rb:27:in `block in create'
  [1m[36mAuthor Create (0.8ms)[0m  [1m[32mINSERT INTO "authors" ("name", "age", "created_at", "updated_at") VALUES (?, ?, ?, ?)[0m  [["name", "Alex Azimov"], ["age", 48], ["created_at", "2022-06-26 09:50:15.734361"], ["updated_at", "2022-06-26 09:50:15.734361"]]
  ↳ app/controllers/authors_controller.rb:27:in `block in create'
  [1m[36mTRANSACTION (0.7ms)[0m  [1m[36mcommit transaction[0m
  ↳ app/controllers/authors_controller.rb:27:in `block in create'
Redirected to http://localhost:3000/authors/1
Completed 302 Found in 6ms (ActiveRecord: 1.6ms | Allocations: 3725)


Started GET "/authors/1" for ::1 at 2022-06-26 12:50:15 +0300
Processing by AuthorsController#show as TURBO_STREAM
  Parameters: {"id"=>"1"}
  [1m[36mAuthor Load (0.2ms)[0m  [1m[34mSELECT "authors".* FROM "authors" WHERE "authors"."id" = ? LIMIT ?[0m  [["id", 1], ["LIMIT", 1]]
  ↳ app/controllers/authors_controller.rb:63:in `set_author'
  Rendering layout layouts/application.html.erb
  Rendering authors/show.html.erb within layouts/application
  Rendered authors/_author.html.erb (Duration: 0.7ms | Allocations: 238)
  Rendered authors/show.html.erb within layouts/application (Duration: 3.8ms | Allocations: 1616)
  Rendered layout layouts/application.html.erb (Duration: 7.0ms | Allocations: 3934)
Completed 200 OK in 19ms (Views: 8.0ms | ActiveRecord: 0.2ms | Allocations: 6737)


Started GET "/authors/1/edit" for ::1 at 2022-06-26 12:50:25 +0300
Processing by AuthorsController#edit as HTML
  Parameters: {"id"=>"1"}
  [1m[36mAuthor Load (0.1ms)[0m  [1m[34mSELECT "authors".* FROM "authors" WHERE "authors"."id" = ? LIMIT ?[0m  [["id", 1], ["LIMIT", 1]]
  ↳ app/controllers/authors_controller.rb:63:in `set_author'
  Rendering layout layouts/application.html.erb
  Rendering authors/edit.html.erb within layouts/application
  Rendered authors/_form.html.erb (Duration: 2.5ms | Allocations: 1208)
  Rendered authors/edit.html.erb within layouts/application (Duration: 3.8ms | Allocations: 1520)
  Rendered layout layouts/application.html.erb (Duration: 7.5ms | Allocations: 3724)
Completed 200 OK in 10ms (Views: 7.9ms | ActiveRecord: 0.1ms | Allocations: 4640)


Started PATCH "/authors/1" for ::1 at 2022-06-26 12:50:29 +0300
Processing by AuthorsController#update as TURBO_STREAM
  Parameters: {"authenticity_token"=>"[FILTERED]", "author"=>{"name"=>"Alex Azimov", "age"=>"50"}, "commit"=>"Update Author", "id"=>"1"}
  [1m[36mAuthor Load (0.1ms)[0m  [1m[34mSELECT "authors".* FROM "authors" WHERE "authors"."id" = ? LIMIT ?[0m  [["id", 1], ["LIMIT", 1]]
  ↳ app/controllers/authors_controller.rb:63:in `set_author'
  [1m[36mTRANSACTION (0.1ms)[0m  [1m[36mbegin transaction[0m
  ↳ app/controllers/authors_controller.rb:40:in `block in update'
  [1m[36mAuthor Update (0.4ms)[0m  [1m[33mUPDATE "authors" SET "age" = ?, "updated_at" = ? WHERE "authors"."id" = ?[0m  [["age", 50], ["updated_at", "2022-06-26 09:50:29.320779"], ["id", 1]]
  ↳ app/controllers/authors_controller.rb:40:in `block in update'
  [1m[36mTRANSACTION (0.9ms)[0m  [1m[36mcommit transaction[0m
  ↳ app/controllers/authors_controller.rb:40:in `block in update'
Redirected to http://localhost:3000/authors/1
Completed 302 Found in 8ms (ActiveRecord: 1.4ms | Allocations: 3094)


Started GET "/authors/1" for ::1 at 2022-06-26 12:50:29 +0300
Processing by AuthorsController#show as TURBO_STREAM
  Parameters: {"id"=>"1"}
  [1m[36mAuthor Load (0.1ms)[0m  [1m[34mSELECT "authors".* FROM "authors" WHERE "authors"."id" = ? LIMIT ?[0m  [["id", 1], ["LIMIT", 1]]
  ↳ app/controllers/authors_controller.rb:63:in `set_author'
  Rendering layout layouts/application.html.erb
  Rendering authors/show.html.erb within layouts/application
  Rendered authors/_author.html.erb (Duration: 0.2ms | Allocations: 26)
  Rendered authors/show.html.erb within layouts/application (Duration: 1.3ms | Allocations: 598)
  Rendered layout layouts/application.html.erb (Duration: 4.4ms | Allocations: 2795)
Completed 200 OK in 20ms (Views: 5.0ms | ActiveRecord: 0.1ms | Allocations: 3555)


Started GET "/authors" for ::1 at 2022-06-26 12:50:32 +0300
Processing by AuthorsController#index as HTML
  Rendering layout layouts/application.html.erb
  Rendering authors/index.html.erb within layouts/application
  [1m[36mAuthor Load (0.1ms)[0m  [1m[34mSELECT "authors".* FROM "authors"[0m
  ↳ app/views/authors/index.html.erb:6
  Rendered authors/_author.html.erb (Duration: 0.1ms | Allocations: 26)
  Rendered authors/index.html.erb within layouts/application (Duration: 2.4ms | Allocations: 938)
  Rendered layout layouts/application.html.erb (Duration: 6.3ms | Allocations: 3143)
Completed 200 OK in 8ms (Views: 6.8ms | ActiveRecord: 0.1ms | Allocations: 3427)


Started GET "/authors/1" for ::1 at 2022-06-26 12:50:41 +0300
Processing by AuthorsController#show as HTML
  Parameters: {"id"=>"1"}
  [1m[36mAuthor Load (0.1ms)[0m  [1m[34mSELECT "authors".* FROM "authors" WHERE "authors"."id" = ? LIMIT ?[0m  [["id", 1], ["LIMIT", 1]]
  ↳ app/controllers/authors_controller.rb:63:in `set_author'
  Rendering layout layouts/application.html.erb
  Rendering authors/show.html.erb within layouts/application
  Rendered authors/_author.html.erb (Duration: 0.1ms | Allocations: 26)
  Rendered authors/show.html.erb within layouts/application (Duration: 1.0ms | Allocations: 585)
  Rendered layout layouts/application.html.erb (Duration: 5.2ms | Allocations: 2782)
Completed 200 OK in 8ms (Views: 5.7ms | ActiveRecord: 0.1ms | Allocations: 3541)


Started GET "/authors/1/edit" for ::1 at 2022-06-26 12:50:43 +0300
Processing by AuthorsController#edit as HTML
  Parameters: {"id"=>"1"}
  [1m[36mAuthor Load (0.1ms)[0m  [1m[34mSELECT "authors".* FROM "authors" WHERE "authors"."id" = ? LIMIT ?[0m  [["id", 1], ["LIMIT", 1]]
  ↳ app/controllers/authors_controller.rb:63:in `set_author'
  Rendering layout layouts/application.html.erb
  Rendering authors/edit.html.erb within layouts/application
  Rendered authors/_form.html.erb (Duration: 2.2ms | Allocations: 1081)
  Rendered authors/edit.html.erb within layouts/application (Duration: 2.5ms | Allocations: 1225)
  Rendered layout layouts/application.html.erb (Duration: 6.2ms | Allocations: 3422)
Completed 200 OK in 8ms (Views: 6.8ms | ActiveRecord: 0.1ms | Allocations: 4179)


Started GET "/authors" for ::1 at 2022-06-26 12:50:49 +0300
Processing by AuthorsController#index as HTML
  Rendering layout layouts/application.html.erb
  Rendering authors/index.html.erb within layouts/application
  [1m[36mAuthor Load (0.2ms)[0m  [1m[34mSELECT "authors".* FROM "authors"[0m
  ↳ app/views/authors/index.html.erb:6
  Rendered authors/_author.html.erb (Duration: 0.1ms | Allocations: 26)
  Rendered authors/index.html.erb within layouts/application (Duration: 2.2ms | Allocations: 928)
  Rendered layout layouts/application.html.erb (Duration: 6.3ms | Allocations: 3133)
Completed 200 OK in 9ms (Views: 7.0ms | ActiveRecord: 0.2ms | Allocations: 3414)


Started GET "/authors/1" for ::1 at 2022-06-26 12:50:50 +0300
Processing by AuthorsController#show as HTML
  Parameters: {"id"=>"1"}
  [1m[36mAuthor Load (0.1ms)[0m  [1m[34mSELECT "authors".* FROM "authors" WHERE "authors"."id" = ? LIMIT ?[0m  [["id", 1], ["LIMIT", 1]]
  ↳ app/controllers/authors_controller.rb:63:in `set_author'
  Rendering layout layouts/application.html.erb
  Rendering authors/show.html.erb within layouts/application
  Rendered authors/_author.html.erb (Duration: 0.1ms | Allocations: 26)
  Rendered authors/show.html.erb within layouts/application (Duration: 1.6ms | Allocations: 573)
  Rendered layout layouts/application.html.erb (Duration: 5.7ms | Allocations: 2770)
Completed 200 OK in 8ms (Views: 6.1ms | ActiveRecord: 0.1ms | Allocations: 3527)


Started DELETE "/authors/1" for ::1 at 2022-06-26 12:50:52 +0300
Processing by AuthorsController#destroy as TURBO_STREAM
  Parameters: {"authenticity_token"=>"[FILTERED]", "id"=>"1"}
  [1m[36mAuthor Load (0.4ms)[0m  [1m[34mSELECT "authors".* FROM "authors" WHERE "authors"."id" = ? LIMIT ?[0m  [["id", 1], ["LIMIT", 1]]
  ↳ app/controllers/authors_controller.rb:63:in `set_author'
  [1m[36mTRANSACTION (0.1ms)[0m  [1m[36mbegin transaction[0m
  ↳ app/controllers/authors_controller.rb:52:in `destroy'
  [1m[36mAuthor Destroy (0.5ms)[0m  [1m[31mDELETE FROM "authors" WHERE "authors"."id" = ?[0m  [["id", 1]]
  ↳ app/controllers/authors_controller.rb:52:in `destroy'
  [1m[36mTRANSACTION (1.1ms)[0m  [1m[36mcommit transaction[0m
  ↳ app/controllers/authors_controller.rb:52:in `destroy'
Redirected to http://localhost:3000/authors
Completed 302 Found in 8ms (ActiveRecord: 2.1ms | Allocations: 2462)


Started GET "/authors" for ::1 at 2022-06-26 12:50:52 +0300
Processing by AuthorsController#index as TURBO_STREAM
  Rendering layout layouts/application.html.erb
  Rendering authors/index.html.erb within layouts/application
  [1m[36mAuthor Load (0.1ms)[0m  [1m[34mSELECT "authors".* FROM "authors"[0m
  ↳ app/views/authors/index.html.erb:6
  Rendered authors/index.html.erb within layouts/application (Duration: 1.1ms | Allocations: 790)
  Rendered layout layouts/application.html.erb (Duration: 3.9ms | Allocations: 2998)
Completed 200 OK in 5ms (Views: 4.2ms | ActiveRecord: 0.1ms | Allocations: 3282)


  [1m[35m (0.9ms)[0m  [1m[34mSELECT sqlite_version(*)[0m
  [1m[36mActiveRecord::SchemaMigration Pluck (0.4ms)[0m  [1m[34mSELECT "schema_migrations"."version" FROM "schema_migrations" ORDER BY "schema_migrations"."version" ASC[0m
Migrating to CreateBooks (20220626095341)
  [1m[36mTRANSACTION (0.1ms)[0m  [1m[36mbegin transaction[0m
  [1m[35m (0.4ms)[0m  [1m[35mCREATE TABLE "books" ("id" integer PRIMARY KEY AUTOINCREMENT NOT NULL, "title" varchar, "body" text, "author_id" integer NOT NULL, "page_count" integer, "created_at" datetime(6) NOT NULL, "updated_at" datetime(6) NOT NULL, CONSTRAINT "fk_rails_53d51ce16a"
FOREIGN KEY ("author_id")
  REFERENCES "authors" ("id")
)[0m
  [1m[35m (0.1ms)[0m  [1m[35mCREATE INDEX "index_books_on_author_id" ON "books" ("author_id")[0m
  [1m[36mActiveRecord::SchemaMigration Create (0.4ms)[0m  [1m[32mINSERT INTO "schema_migrations" ("version") VALUES (?)[0m  [["version", "20220626095341"]]
  [1m[36mTRANSACTION (1.9ms)[0m  [1m[36mcommit transaction[0m
  [1m[36mActiveRecord::InternalMetadata Load (0.6ms)[0m  [1m[34mSELECT "ar_internal_metadata".* FROM "ar_internal_metadata" WHERE "ar_internal_metadata"."key" = ? LIMIT ?[0m  [["key", "environment"], ["LIMIT", 1]]
  [1m[35m (0.0ms)[0m  [1m[34mSELECT sqlite_version(*)[0m
  [1m[36mActiveRecord::SchemaMigration Pluck (0.1ms)[0m  [1m[34mSELECT "schema_migrations"."version" FROM "schema_migrations" ORDER BY "schema_migrations"."version" ASC[0m
Started GET "/books" for ::1 at 2022-06-26 12:59:03 +0300
  [1m[35m (0.1ms)[0m  [1m[34mSELECT sqlite_version(*)[0m
  [1m[36mActiveRecord::SchemaMigration Pluck (0.2ms)[0m  [1m[34mSELECT "schema_migrations"."version" FROM "schema_migrations" ORDER BY "schema_migrations"."version" ASC[0m
Processing by BooksController#index as HTML
  Rendering layout layouts/application.html.erb
  Rendering books/index.html.erb within layouts/application
  [1m[36mBook Load (0.2ms)[0m  [1m[34mSELECT "books".* FROM "books"[0m
  ↳ app/views/books/index.html.erb:6
  Rendered books/index.html.erb within layouts/application (Duration: 2.3ms | Allocations: 1288)
  Rendered layout layouts/application.html.erb (Duration: 65.9ms | Allocations: 15228)
Completed 200 OK in 77ms (Views: 67.3ms | ActiveRecord: 0.2ms | Allocations: 17929)


Started GET "/books/new" for ::1 at 2022-06-26 12:59:08 +0300
Processing by BooksController#new as HTML
  Rendering layout layouts/application.html.erb
  Rendering books/new.html.erb within layouts/application
  Rendered books/_form.html.erb (Duration: 6.1ms | Allocations: 2449)
  Rendered books/new.html.erb within layouts/application (Duration: 7.4ms | Allocations: 2786)
  Rendered layout layouts/application.html.erb (Duration: 11.0ms | Allocations: 5116)
Completed 200 OK in 19ms (Views: 11.5ms | ActiveRecord: 0.8ms | Allocations: 8504)


Started GET "/" for ::1 at 2022-06-26 13:04:53 +0300
Processing by Rails::WelcomeController#index as HTML
  Rendering /Users/icloud/.rbenv/versions/3.1.2/lib/ruby/gems/3.1.0/gems/railties-7.0.3/lib/rails/templates/rails/welcome/index.html.erb
  Rendered /Users/icloud/.rbenv/versions/3.1.2/lib/ruby/gems/3.1.0/gems/railties-7.0.3/lib/rails/templates/rails/welcome/index.html.erb (Duration: 1.2ms | Allocations: 318)
Completed 200 OK in 5ms (Views: 3.1ms | Allocations: 1014)


Started GET "/books" for ::1 at 2022-06-26 13:04:56 +0300
Processing by BooksController#index as HTML
  Rendering layout layouts/application.html.erb
  Rendering books/index.html.erb within layouts/application
  [1m[35m (0.1ms)[0m  [1m[34mSELECT sqlite_version(*)[0m
  ↳ app/views/books/index.html.erb:6
  [1m[36mBook Load (0.3ms)[0m  [1m[34mSELECT "books".* FROM "books"[0m
  ↳ app/views/books/index.html.erb:6
  Rendered books/index.html.erb within layouts/application (Duration: 4.0ms | Allocations: 1808)
  Rendered layout layouts/application.html.erb (Duration: 9.9ms | Allocations: 4421)
Completed 200 OK in 12ms (Views: 11.5ms | ActiveRecord: 0.7ms | Allocations: 5250)


Started GET "/books/new" for ::1 at 2022-06-26 13:04:57 +0300
Processing by BooksController#new as HTML
  Rendering layout layouts/application.html.erb
  Rendering books/new.html.erb within layouts/application
  [1m[36mAuthor Load (0.4ms)[0m  [1m[34mSELECT "authors".* FROM "authors"[0m
  ↳ app/views/books/_form.html.erb:26:in `map'
  Rendered books/_form.html.erb (Duration: 26.4ms | Allocations: 13030)
  Rendered books/new.html.erb within layouts/application (Duration: 28.1ms | Allocations: 13359)
  Rendered layout layouts/application.html.erb (Duration: 31.1ms | Allocations: 15676)
Completed 200 OK in 33ms (Views: 31.1ms | ActiveRecord: 0.4ms | Allocations: 16069)


Started GET "/books/new" for ::1 at 2022-06-26 13:05:11 +0300
Processing by BooksController#new as HTML
  Rendering layout layouts/application.html.erb
  Rendering books/new.html.erb within layouts/application
  [1m[36mAuthor Load (0.2ms)[0m  [1m[34mSELECT "authors".* FROM "authors"[0m
  ↳ app/views/books/_form.html.erb:26:in `map'
  Rendered books/_form.html.erb (Duration: 4.4ms | Allocations: 2131)
  Rendered books/new.html.erb within layouts/application (Duration: 4.8ms | Allocations: 2243)
  Rendered layout layouts/application.html.erb (Duration: 10.5ms | Allocations: 4449)
Completed 200 OK in 12ms (Views: 10.8ms | ActiveRecord: 0.2ms | Allocations: 4778)


Started GET "/books" for ::1 at 2022-06-26 13:05:13 +0300
Processing by BooksController#index as HTML
  Rendering layout layouts/application.html.erb
  Rendering books/index.html.erb within layouts/application
  [1m[36mBook Load (0.2ms)[0m  [1m[34mSELECT "books".* FROM "books"[0m
  ↳ app/views/books/index.html.erb:6
  Rendered books/index.html.erb within layouts/application (Duration: 1.4ms | Allocations: 806)
  Rendered layout layouts/application.html.erb (Duration: 4.9ms | Allocations: 3011)
Completed 200 OK in 6ms (Views: 5.1ms | ActiveRecord: 0.2ms | Allocations: 3290)


Started GET "/" for ::1 at 2022-06-26 13:05:14 +0300
Processing by Rails::WelcomeController#index as HTML
  Rendering /Users/icloud/.rbenv/versions/3.1.2/lib/ruby/gems/3.1.0/gems/railties-7.0.3/lib/rails/templates/rails/welcome/index.html.erb
  Rendered /Users/icloud/.rbenv/versions/3.1.2/lib/ruby/gems/3.1.0/gems/railties-7.0.3/lib/rails/templates/rails/welcome/index.html.erb (Duration: 0.2ms | Allocations: 31)
Completed 200 OK in 2ms (Views: 0.8ms | ActiveRecord: 0.0ms | Allocations: 254)


Started GET "/author" for ::1 at 2022-06-26 13:05:16 +0300
  
ActionController::RoutingError (No route matches [GET] "/author"):
  
Started GET "/authors" for ::1 at 2022-06-26 13:05:20 +0300
Processing by AuthorsController#index as HTML
  Rendering layout layouts/application.html.erb
  Rendering authors/index.html.erb within layouts/application
  [1m[36mAuthor Load (0.2ms)[0m  [1m[34mSELECT "authors".* FROM "authors"[0m
  ↳ app/views/authors/index.html.erb:6
  Rendered authors/index.html.erb within layouts/application (Duration: 2.7ms | Allocations: 1250)
  Rendered layout layouts/application.html.erb (Duration: 6.9ms | Allocations: 3671)
Completed 200 OK in 10ms (Views: 8.9ms | ActiveRecord: 0.2ms | Allocations: 4537)


Started GET "/authors/new" for ::1 at 2022-06-26 13:05:21 +0300
Processing by AuthorsController#new as HTML
  Rendering layout layouts/application.html.erb
  Rendering authors/new.html.erb within layouts/application
  Rendered authors/_form.html.erb (Duration: 2.8ms | Allocations: 1517)
  Rendered authors/new.html.erb within layouts/application (Duration: 4.5ms | Allocations: 1831)
  Rendered layout layouts/application.html.erb (Duration: 8.9ms | Allocations: 4036)
Completed 200 OK in 13ms (Views: 10.0ms | ActiveRecord: 0.0ms | Allocations: 5389)


Started POST "/authors" for ::1 at 2022-06-26 13:05:35 +0300
Processing by AuthorsController#create as TURBO_STREAM
  Parameters: {"authenticity_token"=>"[FILTERED]", "author"=>{"name"=>"Aztec Asimov", "age"=>"68"}, "commit"=>"Create Author"}
  [1m[36mTRANSACTION (0.1ms)[0m  [1m[36mbegin transaction[0m
  ↳ app/controllers/authors_controller.rb:27:in `block in create'
  [1m[36mAuthor Create (0.8ms)[0m  [1m[32mINSERT INTO "authors" ("name", "age", "created_at", "updated_at") VALUES (?, ?, ?, ?)[0m  [["name", "Aztec Asimov"], ["age", 68], ["created_at", "2022-06-26 10:05:35.324842"], ["updated_at", "2022-06-26 10:05:35.324842"]]
  ↳ app/controllers/authors_controller.rb:27:in `block in create'
  [1m[36mTRANSACTION (1.5ms)[0m  [1m[36mcommit transaction[0m
  ↳ app/controllers/authors_controller.rb:27:in `block in create'
Redirected to http://localhost:3000/authors/2
Completed 302 Found in 13ms (ActiveRecord: 2.3ms | Allocations: 2490)


Started GET "/authors/2" for ::1 at 2022-06-26 13:05:35 +0300
Processing by AuthorsController#show as TURBO_STREAM
  Parameters: {"id"=>"2"}
  [1m[36mAuthor Load (0.2ms)[0m  [1m[34mSELECT "authors".* FROM "authors" WHERE "authors"."id" = ? LIMIT ?[0m  [["id", 2], ["LIMIT", 1]]
  ↳ app/controllers/authors_controller.rb:63:in `set_author'
  Rendering layout layouts/application.html.erb
  Rendering authors/show.html.erb within layouts/application
  Rendered authors/_author.html.erb (Duration: 0.7ms | Allocations: 186)
  Rendered authors/show.html.erb within layouts/application (Duration: 2.9ms | Allocations: 1203)
  Rendered layout layouts/application.html.erb (Duration: 6.5ms | Allocations: 3415)
Completed 200 OK in 9ms (Views: 6.9ms | ActiveRecord: 0.2ms | Allocations: 4953)


Started GET "/books/new" for ::1 at 2022-06-26 13:05:38 +0300
Processing by BooksController#new as HTML
  Rendering layout layouts/application.html.erb
  Rendering books/new.html.erb within layouts/application
  [1m[36mAuthor Load (0.2ms)[0m  [1m[34mSELECT "authors".* FROM "authors"[0m
  ↳ app/views/books/_form.html.erb:26:in `map'
  Rendered books/_form.html.erb (Duration: 3.5ms | Allocations: 2137)
  Rendered books/new.html.erb within layouts/application (Duration: 3.8ms | Allocations: 2245)
  Rendered layout layouts/application.html.erb (Duration: 8.6ms | Allocations: 4453)
Completed 200 OK in 10ms (Views: 8.8ms | ActiveRecord: 0.2ms | Allocations: 4738)


Started GET "/authors" for ::1 at 2022-06-26 13:05:49 +0300
Processing by AuthorsController#index as HTML
  Rendering layout layouts/application.html.erb
  Rendering authors/index.html.erb within layouts/application
  [1m[36mAuthor Load (0.1ms)[0m  [1m[34mSELECT "authors".* FROM "authors"[0m
  ↳ app/views/authors/index.html.erb:6
  Rendered authors/_author.html.erb (Duration: 0.1ms | Allocations: 26)
  Rendered authors/index.html.erb within layouts/application (Duration: 1.9ms | Allocations: 958)
  Rendered layout layouts/application.html.erb (Duration: 5.2ms | Allocations: 3163)
Completed 200 OK in 8ms (Views: 6.7ms | ActiveRecord: 0.1ms | Allocations: 3445)


Started GET "/authors/new" for ::1 at 2022-06-26 13:05:50 +0300
Processing by AuthorsController#new as HTML
  Rendering layout layouts/application.html.erb
  Rendering authors/new.html.erb within layouts/application
  Rendered authors/_form.html.erb (Duration: 6.7ms | Allocations: 1046)
  Rendered authors/new.html.erb within layouts/application (Duration: 7.0ms | Allocations: 1154)
  Rendered layout layouts/application.html.erb (Duration: 14.0ms | Allocations: 3359)
Completed 200 OK in 16ms (Views: 14.6ms | ActiveRecord: 0.0ms | Allocations: 3642)


Started POST "/authors" for ::1 at 2022-06-26 13:06:00 +0300
Processing by AuthorsController#create as TURBO_STREAM
  Parameters: {"authenticity_token"=>"[FILTERED]", "author"=>{"name"=>"Lux Lutor", "age"=>"35"}, "commit"=>"Create Author"}
  [1m[36mTRANSACTION (0.1ms)[0m  [1m[36mbegin transaction[0m
  ↳ app/controllers/authors_controller.rb:27:in `block in create'
  [1m[36mAuthor Create (0.4ms)[0m  [1m[32mINSERT INTO "authors" ("name", "age", "created_at", "updated_at") VALUES (?, ?, ?, ?)[0m  [["name", "Lux Lutor"], ["age", 35], ["created_at", "2022-06-26 10:06:00.071483"], ["updated_at", "2022-06-26 10:06:00.071483"]]
  ↳ app/controllers/authors_controller.rb:27:in `block in create'
  [1m[36mTRANSACTION (1.5ms)[0m  [1m[36mcommit transaction[0m
  ↳ app/controllers/authors_controller.rb:27:in `block in create'
Redirected to http://localhost:3000/authors/3
Completed 302 Found in 7ms (ActiveRecord: 2.0ms | Allocations: 2261)


Started GET "/authors/3" for ::1 at 2022-06-26 13:06:00 +0300
Processing by AuthorsController#show as TURBO_STREAM
  Parameters: {"id"=>"3"}
  [1m[36mAuthor Load (0.1ms)[0m  [1m[34mSELECT "authors".* FROM "authors" WHERE "authors"."id" = ? LIMIT ?[0m  [["id", 3], ["LIMIT", 1]]
  ↳ app/controllers/authors_controller.rb:63:in `set_author'
  Rendering layout layouts/application.html.erb
  Rendering authors/show.html.erb within layouts/application
  Rendered authors/_author.html.erb (Duration: 0.1ms | Allocations: 26)
  Rendered authors/show.html.erb within layouts/application (Duration: 1.0ms | Allocations: 660)
  Rendered layout layouts/application.html.erb (Duration: 4.2ms | Allocations: 2857)
Completed 200 OK in 6ms (Views: 4.6ms | ActiveRecord: 0.1ms | Allocations: 3617)


Started GET "/books/new" for ::1 at 2022-06-26 13:06:02 +0300
Processing by BooksController#new as HTML
  Rendering layout layouts/application.html.erb
  Rendering books/new.html.erb within layouts/application
  [1m[36mAuthor Load (0.1ms)[0m  [1m[34mSELECT "authors".* FROM "authors"[0m
  ↳ app/views/books/_form.html.erb:26:in `map'
  Rendered books/_form.html.erb (Duration: 3.0ms | Allocations: 2168)
  Rendered books/new.html.erb within layouts/application (Duration: 3.2ms | Allocations: 2276)
  Rendered layout layouts/application.html.erb (Duration: 6.0ms | Allocations: 4481)
Completed 200 OK in 7ms (Views: 6.4ms | ActiveRecord: 0.1ms | Allocations: 4764)


Started POST "/books" for ::1 at 2022-06-26 13:08:02 +0300
Processing by BooksController#create as TURBO_STREAM
  Parameters: {"authenticity_token"=>"[FILTERED]", "book"=>{"title"=>"Foundation", "body"=>"Cool adventure", "author_id"=>"2", "page_count"=>"900"}, "commit"=>"Create Book"}
  [1m[36mTRANSACTION (0.1ms)[0m  [1m[36mbegin transaction[0m
  ↳ app/controllers/books_controller.rb:27:in `block in create'
  [1m[36mAuthor Load (0.1ms)[0m  [1m[34mSELECT "authors".* FROM "authors" WHERE "authors"."id" = ? LIMIT ?[0m  [["id", 2], ["LIMIT", 1]]
  ↳ app/controllers/books_controller.rb:27:in `block in create'
  [1m[36mBook Create (0.6ms)[0m  [1m[32mINSERT INTO "books" ("title", "body", "author_id", "page_count", "created_at", "updated_at") VALUES (?, ?, ?, ?, ?, ?)[0m  [["title", "Foundation"], ["body", "Cool adventure"], ["author_id", 2], ["page_count", 900], ["created_at", "2022-06-26 10:08:02.694675"], ["updated_at", "2022-06-26 10:08:02.694675"]]
  ↳ app/controllers/books_controller.rb:27:in `block in create'
  [1m[36mTRANSACTION (1.4ms)[0m  [1m[36mcommit transaction[0m
  ↳ app/controllers/books_controller.rb:27:in `block in create'
Redirected to http://localhost:3000/books/1
Completed 302 Found in 42ms (ActiveRecord: 2.3ms | Allocations: 15403)


Started GET "/books/1" for ::1 at 2022-06-26 13:08:02 +0300
Processing by BooksController#show as TURBO_STREAM
  Parameters: {"id"=>"1"}
  [1m[36mBook Load (0.2ms)[0m  [1m[34mSELECT "books".* FROM "books" WHERE "books"."id" = ? LIMIT ?[0m  [["id", 1], ["LIMIT", 1]]
  ↳ app/controllers/books_controller.rb:63:in `set_book'
  Rendering layout layouts/application.html.erb
  Rendering books/show.html.erb within layouts/application
  Rendered books/_book.html.erb (Duration: 1.1ms | Allocations: 237)
  Rendered books/show.html.erb within layouts/application (Duration: 3.2ms | Allocations: 1326)
  Rendered layout layouts/application.html.erb (Duration: 7.9ms | Allocations: 3622)
Completed 200 OK in 26ms (Views: 24.3ms | ActiveRecord: 0.2ms | Allocations: 5148)


Started GET "/books/1" for ::1 at 2022-06-26 13:11:03 +0300
Processing by BooksController#show as HTML
  Parameters: {"id"=>"1"}
  [1m[36mBook Load (0.1ms)[0m  [1m[34mSELECT "books".* FROM "books" WHERE "books"."id" = ? LIMIT ?[0m  [["id", 1], ["LIMIT", 1]]
  ↳ app/controllers/books_controller.rb:63:in `set_book'
  Rendering layout layouts/application.html.erb
  Rendering books/show.html.erb within layouts/application
  [1m[36mAuthor Load (0.1ms)[0m  [1m[34mSELECT "authors".* FROM "authors" WHERE "authors"."id" = ? LIMIT ?[0m  [["id", 2], ["LIMIT", 1]]
  ↳ app/views/books/_book.html.erb:14
  Rendered books/_book.html.erb (Duration: 2.0ms | Allocations: 1033)
  Rendered books/show.html.erb within layouts/application (Duration: 6.2ms | Allocations: 2086)
  Rendered layout layouts/application.html.erb (Duration: 13.0ms | Allocations: 4654)
Completed 200 OK in 18ms (Views: 15.0ms | ActiveRecord: 0.2ms | Allocations: 5984)


Started GET "/authors/3" for ::1 at 2022-06-26 13:17:45 +0300
Processing by AuthorsController#show as HTML
  Parameters: {"id"=>"3"}
  [1m[35m (0.1ms)[0m  [1m[34mSELECT sqlite_version(*)[0m
  ↳ app/controllers/authors_controller.rb:63:in `set_author'
  [1m[36mAuthor Load (0.1ms)[0m  [1m[34mSELECT "authors".* FROM "authors" WHERE "authors"."id" = ? LIMIT ?[0m  [["id", 3], ["LIMIT", 1]]
  ↳ app/controllers/authors_controller.rb:63:in `set_author'
  Rendering layout layouts/application.html.erb
  Rendering authors/show.html.erb within layouts/application
  [1m[36mBook Load (0.2ms)[0m  [1m[34mSELECT "books".* FROM "books" WHERE "books"."author_id" = ?[0m  [["author_id", 3]]
  ↳ app/views/authors/_author.html.erb:13
  Rendered collection of templates [0 times] (Duration: 0.0ms | Allocations: 27)
  Rendered authors/_author.html.erb (Duration: 13.6ms | Allocations: 5296)
  Rendered authors/show.html.erb within layouts/application (Duration: 16.6ms | Allocations: 6444)
  Rendered layout layouts/application.html.erb (Duration: 36.1ms | Allocations: 20376)
Completed 200 OK in 52ms (Views: 37.6ms | ActiveRecord: 0.6ms | Allocations: 25814)


Started GET "/authors/3" for ::1 at 2022-06-26 13:17:51 +0300
Processing by AuthorsController#show as HTML
  Parameters: {"id"=>"3"}
  [1m[36mAuthor Load (0.2ms)[0m  [1m[34mSELECT "authors".* FROM "authors" WHERE "authors"."id" = ? LIMIT ?[0m  [["id", 3], ["LIMIT", 1]]
  ↳ app/controllers/authors_controller.rb:63:in `set_author'
  Rendering layout layouts/application.html.erb
  Rendering authors/show.html.erb within layouts/application
  [1m[36mBook Load (0.1ms)[0m  [1m[34mSELECT "books".* FROM "books" WHERE "books"."author_id" = ?[0m  [["author_id", 3]]
  ↳ app/views/authors/_author.html.erb:13
  Rendered collection of templates [0 times] (Duration: 0.0ms | Allocations: 12)
  Rendered authors/_author.html.erb (Duration: 1.5ms | Allocations: 805)
  Rendered authors/show.html.erb within layouts/application (Duration: 2.4ms | Allocations: 1470)
  Rendered layout layouts/application.html.erb (Duration: 5.1ms | Allocations: 3668)
Completed 200 OK in 7ms (Views: 5.4ms | ActiveRecord: 0.3ms | Allocations: 4470)


Started GET "/authors/3" for ::1 at 2022-06-26 13:18:06 +0300
Processing by AuthorsController#show as HTML
  Parameters: {"id"=>"3"}
  [1m[36mAuthor Load (0.1ms)[0m  [1m[34mSELECT "authors".* FROM "authors" WHERE "authors"."id" = ? LIMIT ?[0m  [["id", 3], ["LIMIT", 1]]
  ↳ app/controllers/authors_controller.rb:63:in `set_author'
  Rendering layout layouts/application.html.erb
  Rendering authors/show.html.erb within layouts/application
  [1m[36mBook Load (0.1ms)[0m  [1m[34mSELECT "books".* FROM "books" WHERE "books"."author_id" = ?[0m  [["author_id", 3]]
  ↳ app/views/authors/_author.html.erb:14
  Rendered collection of templates [0 times] (Duration: 0.0ms | Allocations: 16)
  Rendered authors/_author.html.erb (Duration: 2.1ms | Allocations: 1116)
  Rendered authors/show.html.erb within layouts/application (Duration: 3.6ms | Allocations: 2184)
  Rendered layout layouts/application.html.erb (Duration: 6.7ms | Allocations: 4752)
Completed 200 OK in 10ms (Views: 8.1ms | ActiveRecord: 0.2ms | Allocations: 6102)


Started GET "/authors/3" for ::1 at 2022-06-26 13:18:21 +0300
Processing by AuthorsController#show as HTML
  Parameters: {"id"=>"3"}
  [1m[36mAuthor Load (0.1ms)[0m  [1m[34mSELECT "authors".* FROM "authors" WHERE "authors"."id" = ? LIMIT ?[0m  [["id", 3], ["LIMIT", 1]]
  ↳ app/controllers/authors_controller.rb:63:in `set_author'
  Rendering layout layouts/application.html.erb
  Rendering authors/show.html.erb within layouts/application
  [1m[36mBook Load (0.3ms)[0m  [1m[34mSELECT "books".* FROM "books" WHERE "books"."author_id" = ? /* loading for inspect */ LIMIT ?[0m  [["author_id", 3], ["LIMIT", 11]]
  ↳ app/views/authors/_author.html.erb:14
  Rendered authors/_author.html.erb (Duration: 3.8ms | Allocations: 1231)
  Rendered authors/show.html.erb within layouts/application (Duration: 5.7ms | Allocations: 2305)
  Rendered layout layouts/application.html.erb (Duration: 9.7ms | Allocations: 4873)
Completed 200 OK in 14ms (Views: 11.3ms | ActiveRecord: 0.4ms | Allocations: 6233)


Started GET "/authors/3" for ::1 at 2022-06-26 13:18:40 +0300
  [1m[35m (1.0ms)[0m  [1m[34mSELECT sqlite_version(*)[0m
  [1m[36mActiveRecord::SchemaMigration Pluck (0.2ms)[0m  [1m[34mSELECT "schema_migrations"."version" FROM "schema_migrations" ORDER BY "schema_migrations"."version" ASC[0m
Processing by AuthorsController#show as HTML
  Parameters: {"id"=>"3"}
  [1m[36mAuthor Load (0.1ms)[0m  [1m[34mSELECT "authors".* FROM "authors" WHERE "authors"."id" = ? LIMIT ?[0m  [["id", 3], ["LIMIT", 1]]
  ↳ app/controllers/authors_controller.rb:63:in `set_author'
  Rendering layout layouts/application.html.erb
  Rendering authors/show.html.erb within layouts/application
  [1m[36mBook Load (0.2ms)[0m  [1m[34mSELECT "books".* FROM "books" WHERE "books"."author_id" = ? /* loading for inspect */ LIMIT ?[0m  [["author_id", 3], ["LIMIT", 11]]
  ↳ app/views/authors/_author.html.erb:14
  Rendered authors/_author.html.erb (Duration: 11.0ms | Allocations: 4677)
  Rendered authors/show.html.erb within layouts/application (Duration: 17.2ms | Allocations: 6508)
  Rendered layout layouts/application.html.erb (Duration: 74.4ms | Allocations: 41203)
Completed 200 OK in 99ms (Views: 78.1ms | ActiveRecord: 1.3ms | Allocations: 51943)


Started GET "/authors/3" for ::1 at 2022-06-26 13:18:46 +0300
Processing by AuthorsController#show as HTML
  Parameters: {"id"=>"3"}
  [1m[36mAuthor Load (0.1ms)[0m  [1m[34mSELECT "authors".* FROM "authors" WHERE "authors"."id" = ? LIMIT ?[0m  [["id", 3], ["LIMIT", 1]]
  ↳ app/controllers/authors_controller.rb:63:in `set_author'
  Rendering layout layouts/application.html.erb
  Rendering authors/show.html.erb within layouts/application
  [1m[36mBook Load (0.1ms)[0m  [1m[34mSELECT "books".* FROM "books" WHERE "books"."author_id" = ? /* loading for inspect */ LIMIT ?[0m  [["author_id", 3], ["LIMIT", 11]]
  ↳ app/views/authors/_author.html.erb:14
  Rendered authors/_author.html.erb (Duration: 1.5ms | Allocations: 875)
  Rendered authors/show.html.erb within layouts/application (Duration: 2.5ms | Allocations: 1602)
  Rendered layout layouts/application.html.erb (Duration: 5.5ms | Allocations: 3900)
Completed 200 OK in 8ms (Views: 5.8ms | ActiveRecord: 0.3ms | Allocations: 4794)


Started GET "/authors" for ::1 at 2022-06-26 13:18:46 +0300
Processing by AuthorsController#index as HTML
  Rendering layout layouts/application.html.erb
  Rendering authors/index.html.erb within layouts/application
  [1m[36mAuthor Load (0.2ms)[0m  [1m[34mSELECT "authors".* FROM "authors"[0m
  ↳ app/views/authors/index.html.erb:6
  [1m[36mBook Load (0.2ms)[0m  [1m[34mSELECT "books".* FROM "books" WHERE "books"."author_id" = ? /* loading for inspect */ LIMIT ?[0m  [["author_id", 2], ["LIMIT", 11]]
  ↳ app/views/authors/_author.html.erb:14
  Rendered authors/_author.html.erb (Duration: 7.6ms | Allocations: 4638)
  [1m[36mBook Load (0.1ms)[0m  [1m[34mSELECT "books".* FROM "books" WHERE "books"."author_id" = ? /* loading for inspect */ LIMIT ?[0m  [["author_id", 3], ["LIMIT", 11]]
  ↳ app/views/authors/_author.html.erb:14
  Rendered authors/_author.html.erb (Duration: 1.7ms | Allocations: 939)
  Rendered authors/index.html.erb within layouts/application (Duration: 12.4ms | Allocations: 7004)
  Rendered layout layouts/application.html.erb (Duration: 15.8ms | Allocations: 9327)
Completed 200 OK in 17ms (Views: 15.5ms | ActiveRecord: 0.7ms | Allocations: 9727)


Started GET "/author/2" for ::1 at 2022-06-26 13:18:50 +0300
  
ActionController::RoutingError (No route matches [GET] "/author/2"):
  
Started GET "/authors/2" for ::1 at 2022-06-26 13:18:54 +0300
Processing by AuthorsController#show as HTML
  Parameters: {"id"=>"2"}
  [1m[36mAuthor Load (0.1ms)[0m  [1m[34mSELECT "authors".* FROM "authors" WHERE "authors"."id" = ? LIMIT ?[0m  [["id", 2], ["LIMIT", 1]]
  ↳ app/controllers/authors_controller.rb:63:in `set_author'
  Rendering layout layouts/application.html.erb
  Rendering authors/show.html.erb within layouts/application
  [1m[36mBook Load (0.1ms)[0m  [1m[34mSELECT "books".* FROM "books" WHERE "books"."author_id" = ? /* loading for inspect */ LIMIT ?[0m  [["author_id", 2], ["LIMIT", 11]]
  ↳ app/views/authors/_author.html.erb:14
  Rendered authors/_author.html.erb (Duration: 1.6ms | Allocations: 1012)
  Rendered authors/show.html.erb within layouts/application (Duration: 2.7ms | Allocations: 1736)
  Rendered layout layouts/application.html.erb (Duration: 5.8ms | Allocations: 4047)
Completed 200 OK in 8ms (Views: 6.3ms | ActiveRecord: 0.2ms | Allocations: 4921)


Started GET "/authors/2" for ::1 at 2022-06-26 13:19:09 +0300
Processing by AuthorsController#show as HTML
  Parameters: {"id"=>"2"}
  [1m[36mAuthor Load (0.2ms)[0m  [1m[34mSELECT "authors".* FROM "authors" WHERE "authors"."id" = ? LIMIT ?[0m  [["id", 2], ["LIMIT", 1]]
  ↳ app/controllers/authors_controller.rb:63:in `set_author'
  Rendering layout layouts/application.html.erb
  Rendering authors/show.html.erb within layouts/application
  [1m[36mBook Load (0.2ms)[0m  [1m[34mSELECT "books".* FROM "books" WHERE "books"."author_id" = ?[0m  [["author_id", 2]]
  ↳ app/views/authors/_author.html.erb:14
  Rendered collection of books/_book.html.erb [1 times] (Duration: 0.5ms | Allocations: 337)
  Rendered authors/_author.html.erb (Duration: 4.1ms | Allocations: 2632)
  Rendered authors/show.html.erb within layouts/application (Duration: 6.7ms | Allocations: 3706)
  Rendered layout layouts/application.html.erb (Duration: 10.2ms | Allocations: 6281)
Completed 200 OK in 19ms (Views: 13.7ms | ActiveRecord: 0.4ms | Allocations: 7605)


Started GET "/authors" for ::1 at 2022-06-26 14:21:16 +0300
Processing by AuthorsController#index as HTML
  Rendering layout layouts/application.html.erb
  Rendering authors/index.html.erb within layouts/application
  [1m[35m (0.1ms)[0m  [1m[34mSELECT sqlite_version(*)[0m
  ↳ app/views/authors/index.html.erb:6
  [1m[36mAuthor Load (0.5ms)[0m  [1m[34mSELECT "authors".* FROM "authors"[0m
  ↳ app/views/authors/index.html.erb:6
  [1m[36mBook Load (0.6ms)[0m  [1m[34mSELECT "books".* FROM "books" WHERE "books"."author_id" = ?[0m  [["author_id", 2]]
  ↳ app/views/authors/_author.html.erb:14
  Rendered collection of books/_book.html.erb [1 times] (Duration: 0.9ms | Allocations: 294)
  Rendered authors/_author.html.erb (Duration: 4.0ms | Allocations: 1502)
  [1m[36mBook Load (0.1ms)[0m  [1m[34mSELECT "books".* FROM "books" WHERE "books"."author_id" = ?[0m  [["author_id", 3]]
  ↳ app/views/authors/_author.html.erb:14
  Rendered collection of templates [0 times] (Duration: 0.0ms | Allocations: 23)
  Rendered authors/_author.html.erb (Duration: 1.2ms | Allocations: 815)
  Rendered authors/index.html.erb within layouts/application (Duration: 10.8ms | Allocations: 4572)
  Rendered layout layouts/application.html.erb (Duration: 15.0ms | Allocations: 7174)
Completed 200 OK in 18ms (Views: 16.7ms | ActiveRecord: 1.5ms | Allocations: 8050)


Started GET "/authors" for ::1 at 2022-06-26 14:21:21 +0300
Processing by AuthorsController#index as HTML
  Rendering layout layouts/application.html.erb
  Rendering authors/index.html.erb within layouts/application
  [1m[36mAuthor Load (0.1ms)[0m  [1m[34mSELECT "authors".* FROM "authors"[0m
  ↳ app/views/authors/index.html.erb:6
  [1m[36mBook Load (0.1ms)[0m  [1m[34mSELECT "books".* FROM "books" WHERE "books"."author_id" = ?[0m  [["author_id", 2]]
  ↳ app/views/authors/_author.html.erb:14
  Rendered collection of books/_book.html.erb [1 times] (Duration: 0.2ms | Allocations: 96)
  Rendered authors/_author.html.erb (Duration: 1.3ms | Allocations: 933)
  [1m[36mBook Load (0.1ms)[0m  [1m[34mSELECT "books".* FROM "books" WHERE "books"."author_id" = ?[0m  [["author_id", 3]]
  ↳ app/views/authors/_author.html.erb:14
  Rendered collection of templates [0 times] (Duration: 0.0ms | Allocations: 12)
  Rendered authors/_author.html.erb (Duration: 1.4ms | Allocations: 799)
  Rendered authors/index.html.erb within layouts/application (Duration: 4.6ms | Allocations: 2741)
  Rendered layout layouts/application.html.erb (Duration: 7.2ms | Allocations: 4946)
Completed 200 OK in 9ms (Views: 7.4ms | ActiveRecord: 0.3ms | Allocations: 5246)


